[ERROR] 10:07:17.641 [http-nio-7090-exec-1] com.yys.szcp.config.jwt.JwtUtils - ===== token过期 =====
[ERROR] 10:07:46.225 [http-nio-7090-exec-3] c.y.szcp.controller.AdminController - 添加管理用户错误: org.mybatis.spring.MyBatisSystemException: nested exception is org.apache.ibatis.binding.BindingException: Parameter 'adminName' not found. Available parameters are [adminUserId, param1, username, param2]
[ERROR] 10:08:55.623 [http-nio-7090-exec-1] c.y.szcp.controller.AdminController - 添加管理用户错误: org.springframework.dao.DataIntegrityViolationException: 
### Error updating database.  Cause: java.sql.SQLIntegrityConstraintViolationException: Column 'admin_name' cannot be null
### The error may involve com.yys.szcp.mapper.DbAdminUserMapper.addAdminUser-Inline
### The error occurred while setting parameters
### SQL: insert into db_admin_user (admin_name, admin_password, admin_fullname, admin_phone, age, role_id, create_time,                                    update_time, education, school, subject, superior_user_id)         values (?, ?, ?, ?, ?, ?, now(), now(),                 ?, ?, ?, ?);
### Cause: java.sql.SQLIntegrityConstraintViolationException: Column 'admin_name' cannot be null
; Column 'admin_name' cannot be null; nested exception is java.sql.SQLIntegrityConstraintViolationException: Column 'admin_name' cannot be null
[ERROR] 10:11:32.024 [http-nio-7090-exec-6] c.y.szcp.controller.AdminController - 添加管理用户错误: org.springframework.dao.DataIntegrityViolationException: 
### Error updating database.  Cause: java.sql.SQLIntegrityConstraintViolationException: Column 'admin_name' cannot be null
### The error may involve com.yys.szcp.mapper.DbAdminUserMapper.addAdminUser-Inline
### The error occurred while setting parameters
### SQL: insert into db_admin_user (admin_name, admin_password, admin_fullname, admin_phone, age, role_id, create_time,                                    update_time, education, school, subject, superior_user_id)         values (?, ?, ?, ?, ?, ?, now(), now(),                 ?, ?, ?, ?);
### Cause: java.sql.SQLIntegrityConstraintViolationException: Column 'admin_name' cannot be null
; Column 'admin_name' cannot be null; nested exception is java.sql.SQLIntegrityConstraintViolationException: Column 'admin_name' cannot be null
[ERROR] 10:13:17.821 [http-nio-7090-exec-8] com.yys.szcp.config.jwt.JwtUtils - ===== token过期 =====
[ERROR] 10:14:27.985 [http-nio-7090-exec-2] c.y.szcp.controller.AdminController - 添加管理用户错误: org.springframework.dao.DataIntegrityViolationException: 
### Error updating database.  Cause: java.sql.SQLIntegrityConstraintViolationException: Column 'role_id' cannot be null
### The error may involve com.yys.szcp.mapper.DbAdminUserMapper.addAdminUser-Inline
### The error occurred while setting parameters
### SQL: insert into db_admin_user (admin_name, admin_password, admin_fullname, admin_phone, age, role_id, create_time,                                    update_time, education, school, subject, superior_user_id)         values (?, ?, ?, ?, ?, ?, now(), now(),                 ?, ?, ?, ?);
### Cause: java.sql.SQLIntegrityConstraintViolationException: Column 'role_id' cannot be null
; Column 'role_id' cannot be null; nested exception is java.sql.SQLIntegrityConstraintViolationException: Column 'role_id' cannot be null
[ERROR] 10:19:05.060 [http-nio-7090-exec-5] com.yys.szcp.config.jwt.JwtUtils - ===== token过期 =====
[ERROR] 10:20:16.600 [http-nio-7090-exec-10] c.y.szcp.controller.AdminController - 添加管理用户错误: org.springframework.dao.DataIntegrityViolationException: 
### Error updating database.  Cause: java.sql.SQLIntegrityConstraintViolationException: Column 'role_id' cannot be null
### The error may involve com.yys.szcp.mapper.DbAdminUserMapper.addAdminUser-Inline
### The error occurred while setting parameters
### SQL: insert into db_admin_user (admin_name, admin_password, admin_fullname, admin_phone, age, role_id, create_time,                                    update_time, education, school, subject, superior_user_id)         values (?, ?, ?, ?, ?, ?, now(), now(),                 ?, ?, ?, ?);
### Cause: java.sql.SQLIntegrityConstraintViolationException: Column 'role_id' cannot be null
; Column 'role_id' cannot be null; nested exception is java.sql.SQLIntegrityConstraintViolationException: Column 'role_id' cannot be null
[ERROR] 10:22:30.214 [http-nio-7090-exec-4] c.y.szcp.controller.AdminController - 输出error级别的日志.....
[ERROR] 10:22:30.255 [http-nio-7090-exec-1] c.y.szcp.controller.AdminController - 添加管理用户错误: org.springframework.dao.DataIntegrityViolationException: 
### Error updating database.  Cause: java.sql.SQLIntegrityConstraintViolationException: Column 'role_id' cannot be null
### The error may involve com.yys.szcp.mapper.DbAdminUserMapper.addAdminUser-Inline
### The error occurred while setting parameters
### SQL: insert into db_admin_user (admin_name, admin_password, admin_fullname, admin_phone, age, role_id, create_time,                                    update_time, education, school, subject, superior_user_id)         values (?, ?, ?, ?, ?, ?, now(), now(),                 ?, ?, ?, ?);
### Cause: java.sql.SQLIntegrityConstraintViolationException: Column 'role_id' cannot be null
; Column 'role_id' cannot be null; nested exception is java.sql.SQLIntegrityConstraintViolationException: Column 'role_id' cannot be null
[ERROR] 11:01:21.697 [http-nio-7090-exec-6] c.y.szcp.controller.AdminController - 输出error级别的日志.....
[ERROR] 11:01:42.647 [http-nio-7090-exec-8] c.y.szcp.controller.AdminController - 输出error级别的日志.....
[ERROR] 11:01:48.040 [http-nio-7090-exec-2] c.y.szcp.controller.AdminController - 输出error级别的日志.....
[ERROR] 11:01:51.381 [http-nio-7090-exec-3] c.y.szcp.controller.AdminController - 输出error级别的日志.....
[ERROR] 11:07:00.998 [http-nio-7090-exec-4] c.y.szcp.controller.AdminController - 输出error级别的日志.....
[ERROR] 11:07:05.166 [http-nio-7090-exec-5] c.y.szcp.controller.AdminController - 输出error级别的日志.....
[ERROR] 11:07:56.101 [http-nio-7090-exec-1] c.y.szcp.controller.AdminController - 输出error级别的日志.....
[ERROR] 11:08:05.597 [http-nio-7090-exec-5] c.y.szcp.controller.AdminController - 输出error级别的日志.....
[ERROR] 11:08:09.886 [http-nio-7090-exec-7] c.y.szcp.controller.AdminController - 输出error级别的日志.....
[ERROR] 11:10:07.174 [http-nio-7090-exec-7] c.y.szcp.controller.AdminController - 输出error级别的日志.....
[ERROR] 11:22:04.179 [http-nio-7090-exec-10] c.y.szcp.controller.AdminController - 添加管理用户错误: java.lang.NullPointerException
[ERROR] 11:23:03.534 [http-nio-7090-exec-6] c.y.szcp.controller.AdminController - 添加管理用户错误: java.lang.NullPointerException
[ERROR] 11:27:22.589 [http-nio-7090-exec-8] c.y.szcp.controller.AdminController - 输出error级别的日志.....
