[INFO ] 11:34:48.870 [http-nio-7090-exec-8] c.yys.szcp.config.jwt.JwtInterceptor - 访问路径:/sys/menu/findMenuByMyRoleId
[INFO ] 11:34:48.872 [http-nio-7090-exec-8] c.yys.szcp.config.jwt.JwtInterceptor - ===== 用户未登录, 请先登录:/sys/menu/findMenuByMyRoleId
[INFO ] 11:34:48.888 [http-nio-7090-exec-7] c.yys.szcp.config.jwt.JwtInterceptor - 访问路径:/sys/menu/findMenuByMyRoleId
[INFO ] 11:34:48.940 [http-nio-7090-exec-7] c.yys.szcp.config.jwt.JwtInterceptor - ===== token解析异常 =====
[INFO ] 11:34:54.166 [http-nio-7090-exec-5] c.yys.szcp.config.jwt.JwtInterceptor - 访问路径:/sys/admin/login
[INFO ] 11:34:54.166 [http-nio-7090-exec-5] c.yys.szcp.config.jwt.JwtInterceptor - ===== 用户未登录, 请先登录:/sys/admin/login
[INFO ] 11:34:54.176 [http-nio-7090-exec-6] c.yys.szcp.config.jwt.JwtInterceptor - 访问路径:/sys/admin/login
[INFO ] 11:34:54.184 [http-nio-7090-exec-6] c.y.szcp.controller.AdminController - 输出info级别的日志.....
[INFO ] 11:34:54.662 [http-nio-7090-exec-2] c.yys.szcp.config.jwt.JwtInterceptor - 访问路径:/sys/admin/findAdminUserInfo
[INFO ] 11:34:54.663 [http-nio-7090-exec-2] c.yys.szcp.config.jwt.JwtInterceptor - ===== 用户未登录, 请先登录:/sys/admin/findAdminUserInfo
[INFO ] 11:34:54.673 [http-nio-7090-exec-4] c.yys.szcp.config.jwt.JwtInterceptor - 访问路径:/sys/admin/findAdminUserInfo
[INFO ] 11:34:57.104 [http-nio-7090-exec-1] c.yys.szcp.config.jwt.JwtInterceptor - 访问路径:/sys/menu/findMenuByMyRoleId
[INFO ] 11:34:57.104 [http-nio-7090-exec-1] c.yys.szcp.config.jwt.JwtInterceptor - ===== 用户未登录, 请先登录:/sys/menu/findMenuByMyRoleId
[INFO ] 11:34:57.110 [http-nio-7090-exec-3] c.yys.szcp.config.jwt.JwtInterceptor - 访问路径:/sys/menu/findMenuByMyRoleId
[INFO ] 11:35:01.589 [http-nio-7090-exec-9] c.yys.szcp.config.jwt.JwtInterceptor - 访问路径:/sys/role/findRoleList
[INFO ] 11:35:01.589 [http-nio-7090-exec-9] c.yys.szcp.config.jwt.JwtInterceptor - ===== 用户未登录, 请先登录:/sys/role/findRoleList
[INFO ] 11:35:01.594 [http-nio-7090-exec-10] c.yys.szcp.config.jwt.JwtInterceptor - 访问路径:/sys/role/findRoleList
[INFO ] 11:35:09.813 [http-nio-7090-exec-8] c.yys.szcp.config.jwt.JwtInterceptor - 访问路径:/sys/admin/findAdminUserList
[INFO ] 11:35:09.813 [http-nio-7090-exec-8] c.yys.szcp.config.jwt.JwtInterceptor - ===== 用户未登录, 请先登录:/sys/admin/findAdminUserList
[INFO ] 11:35:09.822 [http-nio-7090-exec-7] c.yys.szcp.config.jwt.JwtInterceptor - 访问路径:/sys/admin/findAdminUserList
[INFO ] 11:35:36.300 [http-nio-7090-exec-5] c.yys.szcp.config.jwt.JwtInterceptor - 访问路径:/sys/menu/findMenuByMyRoleId
[INFO ] 11:35:56.492 [http-nio-7090-exec-2] c.yys.szcp.config.jwt.JwtInterceptor - 访问路径:/sys/recruitmentInformation/findRecruitmentInformationList
[INFO ] 11:35:56.492 [http-nio-7090-exec-2] c.yys.szcp.config.jwt.JwtInterceptor - ===== 用户未登录, 请先登录:/sys/recruitmentInformation/findRecruitmentInformationList
[INFO ] 11:35:56.494 [http-nio-7090-exec-4] c.yys.szcp.config.jwt.JwtInterceptor - 访问路径:/sys/recruitmentInformation/findRecruitmentInformationList
[INFO ] 11:37:04.865 [http-nio-7090-exec-3] c.yys.szcp.config.jwt.JwtInterceptor - 访问路径:/sys/recruitmentInformation/updateRecruitmentInformation
[INFO ] 11:37:04.865 [http-nio-7090-exec-3] c.yys.szcp.config.jwt.JwtInterceptor - ===== 用户未登录, 请先登录:/sys/recruitmentInformation/updateRecruitmentInformation
[INFO ] 11:37:04.869 [http-nio-7090-exec-9] c.yys.szcp.config.jwt.JwtInterceptor - 访问路径:/sys/recruitmentInformation/updateRecruitmentInformation
[INFO ] 11:37:05.177 [http-nio-7090-exec-10] c.yys.szcp.config.jwt.JwtInterceptor - 访问路径:/sys/recruitmentInformation/findRecruitmentInformationList
[INFO ] 11:38:44.383 [http-nio-7090-exec-7] c.yys.szcp.config.jwt.JwtInterceptor - 访问路径:/sys/admin/login
[INFO ] 11:38:44.384 [http-nio-7090-exec-7] c.y.szcp.controller.AdminController - 输出info级别的日志.....
[INFO ] 11:38:44.482 [http-nio-7090-exec-5] c.yys.szcp.config.jwt.JwtInterceptor - 访问路径:/sys/admin/findAdminUserInfo
[INFO ] 11:38:44.483 [http-nio-7090-exec-5] c.yys.szcp.config.jwt.JwtInterceptor - ===== 用户未登录, 请先登录:/sys/admin/findAdminUserInfo
[INFO ] 11:38:44.486 [http-nio-7090-exec-6] c.yys.szcp.config.jwt.JwtInterceptor - 访问路径:/sys/admin/findAdminUserInfo
[INFO ] 15:06:19.728 [http-nio-7090-exec-4] c.yys.szcp.config.jwt.JwtInterceptor - 访问路径:/sys/recruitmentInformation/findRecruitmentInformationList
[INFO ] 15:06:19.729 [http-nio-7090-exec-4] c.yys.szcp.config.jwt.JwtInterceptor - ===== 用户未登录, 请先登录:/sys/recruitmentInformation/findRecruitmentInformationList
[INFO ] 15:06:19.741 [http-nio-7090-exec-1] c.yys.szcp.config.jwt.JwtInterceptor - 访问路径:/sys/recruitmentInformation/findRecruitmentInformationList
[INFO ] 15:06:19.745 [http-nio-7090-exec-1] c.yys.szcp.config.jwt.JwtInterceptor - ===== token解析异常 =====
[INFO ] 15:06:23.950 [http-nio-7090-exec-3] c.yys.szcp.config.jwt.JwtInterceptor - 访问路径:/sys/admin/login
[INFO ] 15:06:23.950 [http-nio-7090-exec-3] c.yys.szcp.config.jwt.JwtInterceptor - ===== 用户未登录, 请先登录:/sys/admin/login
[INFO ] 15:06:23.958 [http-nio-7090-exec-9] c.yys.szcp.config.jwt.JwtInterceptor - 访问路径:/sys/admin/login
[INFO ] 15:06:23.967 [http-nio-7090-exec-9] c.y.szcp.controller.AdminController - 输出info级别的日志.....
[INFO ] 15:06:25.617 [http-nio-7090-exec-10] c.yys.szcp.config.jwt.JwtInterceptor - 访问路径:/sys/admin/login
[INFO ] 15:06:25.617 [http-nio-7090-exec-10] c.y.szcp.controller.AdminController - 输出info级别的日志.....
[INFO ] 15:06:27.672 [http-nio-7090-exec-8] c.yys.szcp.config.jwt.JwtInterceptor - 访问路径:/sys/admin/findAdminUserInfo
[INFO ] 15:06:27.672 [http-nio-7090-exec-8] c.yys.szcp.config.jwt.JwtInterceptor - ===== 用户未登录, 请先登录:/sys/admin/findAdminUserInfo
[INFO ] 15:06:27.674 [http-nio-7090-exec-7] c.yys.szcp.config.jwt.JwtInterceptor - 访问路径:/sys/admin/findAdminUserInfo
[INFO ] 15:06:27.686 [http-nio-7090-exec-5] c.yys.szcp.config.jwt.JwtInterceptor - 访问路径:/sys/admin/findAdminUserInfo
[INFO ] 15:06:30.100 [http-nio-7090-exec-6] c.yys.szcp.config.jwt.JwtInterceptor - 访问路径:/sys/recruitmentInformation/findRecruitmentInformationList
[INFO ] 15:06:30.100 [http-nio-7090-exec-6] c.yys.szcp.config.jwt.JwtInterceptor - ===== 用户未登录, 请先登录:/sys/recruitmentInformation/findRecruitmentInformationList
[INFO ] 15:06:30.111 [http-nio-7090-exec-2] c.yys.szcp.config.jwt.JwtInterceptor - 访问路径:/sys/recruitmentInformation/findRecruitmentInformationList
[INFO ] 15:06:39.888 [http-nio-7090-exec-1] c.yys.szcp.config.jwt.JwtInterceptor - 访问路径:/sys/admin/findAdminUserList
[INFO ] 15:06:39.888 [http-nio-7090-exec-1] c.yys.szcp.config.jwt.JwtInterceptor - ===== 用户未登录, 请先登录:/sys/admin/findAdminUserList
[INFO ] 15:06:39.891 [http-nio-7090-exec-3] c.yys.szcp.config.jwt.JwtInterceptor - 访问路径:/sys/admin/findAdminUserList
[INFO ] 15:06:57.847 [http-nio-7090-exec-9] c.yys.szcp.config.jwt.JwtInterceptor - 访问路径:/sys/menu/findMenuByMyRoleId
[INFO ] 15:06:57.847 [http-nio-7090-exec-9] c.yys.szcp.config.jwt.JwtInterceptor - ===== 用户未登录, 请先登录:/sys/menu/findMenuByMyRoleId
[INFO ] 15:06:57.858 [http-nio-7090-exec-8] c.yys.szcp.config.jwt.JwtInterceptor - 访问路径:/sys/menu/findMenuByMyRoleId
[INFO ] 15:07:11.823 [http-nio-7090-exec-10] c.yys.szcp.config.jwt.JwtInterceptor - 访问路径:/sys/role/findRoleList
[INFO ] 15:07:11.823 [http-nio-7090-exec-10] c.yys.szcp.config.jwt.JwtInterceptor - ===== 用户未登录, 请先登录:/sys/role/findRoleList
[INFO ] 15:07:11.826 [http-nio-7090-exec-7] c.yys.szcp.config.jwt.JwtInterceptor - 访问路径:/sys/role/findRoleList
[INFO ] 15:07:17.959 [http-nio-7090-exec-5] c.yys.szcp.config.jwt.JwtInterceptor - 访问路径:/sys/recruitmentInformation/findRecruitmentInformationList
[INFO ] 15:07:20.250 [http-nio-7090-exec-6] c.yys.szcp.config.jwt.JwtInterceptor - 访问路径:/sys/admin/findAdminUserList
[INFO ] 15:07:22.206 [http-nio-7090-exec-2] c.yys.szcp.config.jwt.JwtInterceptor - 访问路径:/sys/role/findRoleList
[INFO ] 15:07:41.841 [http-nio-7090-exec-4] c.yys.szcp.config.jwt.JwtInterceptor - 访问路径:/sys/admin/findAdminUserList
[INFO ] 15:07:57.017 [http-nio-7090-exec-1] c.yys.szcp.config.jwt.JwtInterceptor - 访问路径:/sys/admin/login
[INFO ] 15:07:57.019 [http-nio-7090-exec-1] c.y.szcp.controller.AdminController - 输出info级别的日志.....
[INFO ] 15:08:03.971 [http-nio-7090-exec-3] c.yys.szcp.config.jwt.JwtInterceptor - 访问路径:/sys/admin/login
[INFO ] 15:08:03.971 [http-nio-7090-exec-3] c.y.szcp.controller.AdminController - 输出info级别的日志.....
[INFO ] 15:08:08.763 [http-nio-7090-exec-9] c.yys.szcp.config.jwt.JwtInterceptor - 访问路径:/sys/admin/login
[INFO ] 15:08:08.764 [http-nio-7090-exec-9] c.y.szcp.controller.AdminController - 输出info级别的日志.....
[INFO ] 15:08:08.812 [http-nio-7090-exec-8] c.yys.szcp.config.jwt.JwtInterceptor - 访问路径:/sys/admin/findAdminUserInfo
[INFO ] 15:08:08.812 [http-nio-7090-exec-8] c.yys.szcp.config.jwt.JwtInterceptor - ===== 用户未登录, 请先登录:/sys/admin/findAdminUserInfo
[INFO ] 15:08:08.815 [http-nio-7090-exec-10] c.yys.szcp.config.jwt.JwtInterceptor - 访问路径:/sys/admin/findAdminUserInfo
[INFO ] 15:08:10.897 [http-nio-7090-exec-7] c.yys.szcp.config.jwt.JwtInterceptor - 访问路径:/sys/admin/findAdminUserList
[INFO ] 15:08:10.897 [http-nio-7090-exec-7] c.yys.szcp.config.jwt.JwtInterceptor - ===== 用户未登录, 请先登录:/sys/admin/findAdminUserList
[INFO ] 15:08:10.906 [http-nio-7090-exec-5] c.yys.szcp.config.jwt.JwtInterceptor - 访问路径:/sys/admin/findAdminUserList
[INFO ] 15:08:23.927 [SpringContextShutdownHook] o.s.s.c.ThreadPoolTaskScheduler - Shutting down ExecutorService 'taskScheduler'
[INFO ] 15:08:23.936 [SpringContextShutdownHook] o.s.s.c.ThreadPoolTaskExecutor - Shutting down ExecutorService 'applicationTaskExecutor'
[INFO ] 15:08:24.570 [SpringContextShutdownHook] c.alibaba.druid.pool.DruidDataSource - {dataSource-1} closed
[INFO ] 15:08:34.428 [main] com.yys.szcp.SzcpApplication - Starting SzcpApplication on DESKTOP-FICJEKV with PID 15164 (D:\aproject\ValveCompanyInternshipRecruitmentSystem\szcp\target\classes started by 23647 in D:\aproject\ValveCompanyInternshipRecruitmentSystem\szcp)
[INFO ] 15:08:34.430 [main] com.yys.szcp.SzcpApplication - The following profiles are active: dev
[INFO ] 15:08:35.982 [main] o.s.d.r.c.RepositoryConfigurationDelegate - Multiple Spring Data modules found, entering strict repository configuration mode!
[INFO ] 15:08:35.984 [main] o.s.d.r.c.RepositoryConfigurationDelegate - Bootstrapping Spring Data Redis repositories in DEFAULT mode.
[INFO ] 15:08:36.008 [main] o.s.d.r.c.RepositoryConfigurationDelegate - Finished Spring Data repository scanning in 9ms. Found 0 Redis repository interfaces.
[INFO ] 15:08:36.334 [main] o.s.c.s.PostProcessorRegistrationDelegate$BeanPostProcessorChecker - Bean 'org.springframework.transaction.annotation.ProxyTransactionManagementConfiguration' of type [org.springframework.transaction.annotation.ProxyTransactionManagementConfiguration] is not eligible for getting processed by all BeanPostProcessors (for example: not eligible for auto-proxying)
[INFO ] 15:08:36.743 [main] o.s.b.w.e.tomcat.TomcatWebServer - Tomcat initialized with port(s): 7090 (http)
[INFO ] 15:08:36.754 [main] o.a.coyote.http11.Http11NioProtocol - Initializing ProtocolHandler ["http-nio-7090"]
[INFO ] 15:08:36.754 [main] o.a.catalina.core.StandardService - Starting service [Tomcat]
[INFO ] 15:08:36.755 [main] o.a.catalina.core.StandardEngine - Starting Servlet engine: [Apache Tomcat/9.0.30]
[INFO ] 15:08:36.999 [main] o.a.c.c.C.[Tomcat].[localhost].[/] - Initializing Spring embedded WebApplicationContext
[INFO ] 15:08:36.999 [main] o.s.web.context.ContextLoader - Root WebApplicationContext: initialization completed in 2462 ms
[INFO ] 15:08:37.100 [main] o.s.b.web.servlet.RegistrationBean - Servlet statViewServlet was not registered (possibly already registered?)
[INFO ] 15:08:37.110 [main] o.s.b.web.servlet.RegistrationBean - Filter webStatFilter was not registered (possibly already registered?)
[INFO ] 15:08:38.041 [main] c.alibaba.druid.pool.DruidDataSource - {dataSource-1} inited
[INFO ] 15:08:38.046 [main] o.a.catalina.core.StandardService - Stopping service [Tomcat]
[INFO ] 15:09:16.899 [main] com.yys.szcp.SzcpApplication - Starting SzcpApplication on DESKTOP-FICJEKV with PID 10688 (D:\aproject\ValveCompanyInternshipRecruitmentSystem\szcp\target\classes started by 23647 in D:\aproject\ValveCompanyInternshipRecruitmentSystem\szcp)
[INFO ] 15:09:16.901 [main] com.yys.szcp.SzcpApplication - The following profiles are active: dev
[INFO ] 15:09:17.916 [main] o.s.d.r.c.RepositoryConfigurationDelegate - Multiple Spring Data modules found, entering strict repository configuration mode!
[INFO ] 15:09:17.918 [main] o.s.d.r.c.RepositoryConfigurationDelegate - Bootstrapping Spring Data Redis repositories in DEFAULT mode.
[INFO ] 15:09:17.943 [main] o.s.d.r.c.RepositoryConfigurationDelegate - Finished Spring Data repository scanning in 9ms. Found 0 Redis repository interfaces.
[INFO ] 15:09:18.298 [main] o.s.c.s.PostProcessorRegistrationDelegate$BeanPostProcessorChecker - Bean 'org.springframework.transaction.annotation.ProxyTransactionManagementConfiguration' of type [org.springframework.transaction.annotation.ProxyTransactionManagementConfiguration] is not eligible for getting processed by all BeanPostProcessors (for example: not eligible for auto-proxying)
[INFO ] 15:09:18.568 [main] o.s.b.w.e.tomcat.TomcatWebServer - Tomcat initialized with port(s): 7090 (http)
[INFO ] 15:09:18.575 [main] o.a.coyote.http11.Http11NioProtocol - Initializing ProtocolHandler ["http-nio-7090"]
[INFO ] 15:09:18.576 [main] o.a.catalina.core.StandardService - Starting service [Tomcat]
[INFO ] 15:09:18.576 [main] o.a.catalina.core.StandardEngine - Starting Servlet engine: [Apache Tomcat/9.0.30]
[INFO ] 15:09:18.670 [main] o.a.c.c.C.[Tomcat].[localhost].[/] - Initializing Spring embedded WebApplicationContext
[INFO ] 15:09:18.670 [main] o.s.web.context.ContextLoader - Root WebApplicationContext: initialization completed in 1703 ms
[INFO ] 15:09:18.714 [main] o.s.b.web.servlet.RegistrationBean - Servlet statViewServlet was not registered (possibly already registered?)
[INFO ] 15:09:18.718 [main] o.s.b.web.servlet.RegistrationBean - Filter webStatFilter was not registered (possibly already registered?)
[INFO ] 15:09:19.324 [main] c.alibaba.druid.pool.DruidDataSource - {dataSource-1} inited
[INFO ] 15:09:19.329 [main] o.a.catalina.core.StandardService - Stopping service [Tomcat]
[INFO ] 15:12:15.849 [main] com.yys.szcp.SzcpApplication - Starting SzcpApplication on DESKTOP-FICJEKV with PID 20316 (D:\aproject\ValveCompanyInternshipRecruitmentSystem\szcp\target\classes started by 23647 in D:\aproject\ValveCompanyInternshipRecruitmentSystem\szcp)
[INFO ] 15:12:15.860 [main] com.yys.szcp.SzcpApplication - The following profiles are active: dev
[INFO ] 15:12:21.103 [main] o.s.d.r.c.RepositoryConfigurationDelegate - Multiple Spring Data modules found, entering strict repository configuration mode!
[INFO ] 15:12:21.108 [main] o.s.d.r.c.RepositoryConfigurationDelegate - Bootstrapping Spring Data Redis repositories in DEFAULT mode.
[INFO ] 15:12:21.156 [main] o.s.d.r.c.RepositoryConfigurationDelegate - Finished Spring Data repository scanning in 16ms. Found 0 Redis repository interfaces.
[INFO ] 15:12:21.804 [main] o.s.c.s.PostProcessorRegistrationDelegate$BeanPostProcessorChecker - Bean 'org.springframework.transaction.annotation.ProxyTransactionManagementConfiguration' of type [org.springframework.transaction.annotation.ProxyTransactionManagementConfiguration] is not eligible for getting processed by all BeanPostProcessors (for example: not eligible for auto-proxying)
[INFO ] 15:12:22.407 [main] o.s.b.w.e.tomcat.TomcatWebServer - Tomcat initialized with port(s): 7090 (http)
[INFO ] 15:12:22.424 [main] o.a.coyote.http11.Http11NioProtocol - Initializing ProtocolHandler ["http-nio-7090"]
[INFO ] 15:12:22.425 [main] o.a.catalina.core.StandardService - Starting service [Tomcat]
[INFO ] 15:12:22.426 [main] o.a.catalina.core.StandardEngine - Starting Servlet engine: [Apache Tomcat/9.0.30]
[INFO ] 15:12:22.620 [main] o.a.c.c.C.[Tomcat].[localhost].[/] - Initializing Spring embedded WebApplicationContext
[INFO ] 15:12:22.620 [main] o.s.web.context.ContextLoader - Root WebApplicationContext: initialization completed in 6211 ms
[INFO ] 15:12:22.676 [main] o.s.b.web.servlet.RegistrationBean - Servlet statViewServlet was not registered (possibly already registered?)
[INFO ] 15:12:22.679 [main] o.s.b.web.servlet.RegistrationBean - Filter webStatFilter was not registered (possibly already registered?)
[INFO ] 15:12:23.592 [main] c.alibaba.druid.pool.DruidDataSource - {dataSource-1} inited
[INFO ] 15:12:23.619 [main] o.a.catalina.core.StandardService - Stopping service [Tomcat]
[INFO ] 15:12:39.031 [main] com.yys.szcp.SzcpApplication - Starting SzcpApplication on DESKTOP-FICJEKV with PID 6820 (D:\aproject\ValveCompanyInternshipRecruitmentSystem\szcp\target\classes started by 23647 in D:\aproject\ValveCompanyInternshipRecruitmentSystem\szcp)
[INFO ] 15:12:39.033 [main] com.yys.szcp.SzcpApplication - The following profiles are active: dev
[INFO ] 15:12:40.377 [main] o.s.d.r.c.RepositoryConfigurationDelegate - Multiple Spring Data modules found, entering strict repository configuration mode!
[INFO ] 15:12:40.380 [main] o.s.d.r.c.RepositoryConfigurationDelegate - Bootstrapping Spring Data Redis repositories in DEFAULT mode.
[INFO ] 15:12:40.427 [main] o.s.d.r.c.RepositoryConfigurationDelegate - Finished Spring Data repository scanning in 19ms. Found 0 Redis repository interfaces.
[INFO ] 15:12:40.783 [main] o.s.c.s.PostProcessorRegistrationDelegate$BeanPostProcessorChecker - Bean 'org.springframework.transaction.annotation.ProxyTransactionManagementConfiguration' of type [org.springframework.transaction.annotation.ProxyTransactionManagementConfiguration] is not eligible for getting processed by all BeanPostProcessors (for example: not eligible for auto-proxying)
[INFO ] 15:12:41.049 [main] o.s.b.w.e.tomcat.TomcatWebServer - Tomcat initialized with port(s): 7090 (http)
[INFO ] 15:12:41.057 [main] o.a.coyote.http11.Http11NioProtocol - Initializing ProtocolHandler ["http-nio-7090"]
[INFO ] 15:12:41.058 [main] o.a.catalina.core.StandardService - Starting service [Tomcat]
[INFO ] 15:12:41.058 [main] o.a.catalina.core.StandardEngine - Starting Servlet engine: [Apache Tomcat/9.0.30]
[INFO ] 15:12:41.173 [main] o.a.c.c.C.[Tomcat].[localhost].[/] - Initializing Spring embedded WebApplicationContext
[INFO ] 15:12:41.173 [main] o.s.web.context.ContextLoader - Root WebApplicationContext: initialization completed in 2059 ms
[INFO ] 15:12:41.219 [main] o.s.b.web.servlet.RegistrationBean - Servlet statViewServlet was not registered (possibly already registered?)
[INFO ] 15:12:41.222 [main] o.s.b.web.servlet.RegistrationBean - Filter webStatFilter was not registered (possibly already registered?)
[INFO ] 15:12:41.718 [main] c.alibaba.druid.pool.DruidDataSource - {dataSource-1} inited
[INFO ] 15:12:41.722 [main] o.a.catalina.core.StandardService - Stopping service [Tomcat]
[INFO ] 15:15:10.556 [main] com.yys.szcp.SzcpApplication - Starting SzcpApplication on DESKTOP-FICJEKV with PID 18832 (D:\aproject\ValveCompanyInternshipRecruitmentSystem\szcp\target\classes started by 23647 in D:\aproject\ValveCompanyInternshipRecruitmentSystem\szcp)
[INFO ] 15:15:10.558 [main] com.yys.szcp.SzcpApplication - The following profiles are active: dev
[INFO ] 15:15:11.629 [main] o.s.d.r.c.RepositoryConfigurationDelegate - Multiple Spring Data modules found, entering strict repository configuration mode!
[INFO ] 15:15:11.633 [main] o.s.d.r.c.RepositoryConfigurationDelegate - Bootstrapping Spring Data Redis repositories in DEFAULT mode.
[INFO ] 15:15:11.664 [main] o.s.d.r.c.RepositoryConfigurationDelegate - Finished Spring Data repository scanning in 9ms. Found 0 Redis repository interfaces.
[INFO ] 15:15:11.969 [main] o.s.c.s.PostProcessorRegistrationDelegate$BeanPostProcessorChecker - Bean 'org.springframework.transaction.annotation.ProxyTransactionManagementConfiguration' of type [org.springframework.transaction.annotation.ProxyTransactionManagementConfiguration] is not eligible for getting processed by all BeanPostProcessors (for example: not eligible for auto-proxying)
[INFO ] 15:15:12.216 [main] o.s.b.w.e.tomcat.TomcatWebServer - Tomcat initialized with port(s): 7090 (http)
[INFO ] 15:15:12.223 [main] o.a.coyote.http11.Http11NioProtocol - Initializing ProtocolHandler ["http-nio-7090"]
[INFO ] 15:15:12.224 [main] o.a.catalina.core.StandardService - Starting service [Tomcat]
[INFO ] 15:15:12.224 [main] o.a.catalina.core.StandardEngine - Starting Servlet engine: [Apache Tomcat/9.0.30]
[INFO ] 15:15:12.314 [main] o.a.c.c.C.[Tomcat].[localhost].[/] - Initializing Spring embedded WebApplicationContext
[INFO ] 15:15:12.314 [main] o.s.web.context.ContextLoader - Root WebApplicationContext: initialization completed in 1670 ms
[INFO ] 15:15:12.355 [main] o.s.b.web.servlet.RegistrationBean - Servlet statViewServlet was not registered (possibly already registered?)
[INFO ] 15:15:12.358 [main] o.s.b.web.servlet.RegistrationBean - Filter webStatFilter was not registered (possibly already registered?)
[INFO ] 15:15:12.883 [main] c.alibaba.druid.pool.DruidDataSource - {dataSource-1} inited
[INFO ] 15:15:12.888 [main] o.a.catalina.core.StandardService - Stopping service [Tomcat]
[INFO ] 15:15:52.331 [main] com.yys.szcp.SzcpApplication - Starting SzcpApplication on DESKTOP-FICJEKV with PID 16960 (D:\aproject\ValveCompanyInternshipRecruitmentSystem\szcp\target\classes started by 23647 in D:\aproject\ValveCompanyInternshipRecruitmentSystem\szcp)
[INFO ] 15:15:52.332 [main] com.yys.szcp.SzcpApplication - The following profiles are active: dev
[INFO ] 15:15:53.287 [main] o.s.d.r.c.RepositoryConfigurationDelegate - Multiple Spring Data modules found, entering strict repository configuration mode!
[INFO ] 15:15:53.289 [main] o.s.d.r.c.RepositoryConfigurationDelegate - Bootstrapping Spring Data Redis repositories in DEFAULT mode.
[INFO ] 15:15:53.311 [main] o.s.d.r.c.RepositoryConfigurationDelegate - Finished Spring Data repository scanning in 9ms. Found 0 Redis repository interfaces.
[INFO ] 15:15:53.578 [main] o.s.c.s.PostProcessorRegistrationDelegate$BeanPostProcessorChecker - Bean 'org.springframework.transaction.annotation.ProxyTransactionManagementConfiguration' of type [org.springframework.transaction.annotation.ProxyTransactionManagementConfiguration] is not eligible for getting processed by all BeanPostProcessors (for example: not eligible for auto-proxying)
[INFO ] 15:15:53.821 [main] o.s.b.w.e.tomcat.TomcatWebServer - Tomcat initialized with port(s): 7090 (http)
[INFO ] 15:15:53.828 [main] o.a.coyote.http11.Http11NioProtocol - Initializing ProtocolHandler ["http-nio-7090"]
[INFO ] 15:15:53.829 [main] o.a.catalina.core.StandardService - Starting service [Tomcat]
[INFO ] 15:15:53.829 [main] o.a.catalina.core.StandardEngine - Starting Servlet engine: [Apache Tomcat/9.0.30]
[INFO ] 15:15:53.923 [main] o.a.c.c.C.[Tomcat].[localhost].[/] - Initializing Spring embedded WebApplicationContext
[INFO ] 15:15:53.923 [main] o.s.web.context.ContextLoader - Root WebApplicationContext: initialization completed in 1504 ms
[INFO ] 15:15:53.961 [main] o.s.b.web.servlet.RegistrationBean - Servlet statViewServlet was not registered (possibly already registered?)
[INFO ] 15:15:53.965 [main] o.s.b.web.servlet.RegistrationBean - Filter webStatFilter was not registered (possibly already registered?)
[INFO ] 15:15:54.521 [main] c.alibaba.druid.pool.DruidDataSource - {dataSource-1} inited
[INFO ] 15:15:54.525 [main] o.a.catalina.core.StandardService - Stopping service [Tomcat]
[INFO ] 15:23:19.865 [main] com.yys.szcp.SzcpApplication - Starting SzcpApplication on DESKTOP-FICJEKV with PID 18244 (D:\aproject\ValveCompanyInternshipRecruitmentSystem\szcp\target\classes started by 23647 in D:\aproject\ValveCompanyInternshipRecruitmentSystem\szcp)
[INFO ] 15:23:19.955 [main] com.yys.szcp.SzcpApplication - The following profiles are active: dev
[INFO ] 15:23:20.848 [main] o.s.d.r.c.RepositoryConfigurationDelegate - Multiple Spring Data modules found, entering strict repository configuration mode!
[INFO ] 15:23:20.850 [main] o.s.d.r.c.RepositoryConfigurationDelegate - Bootstrapping Spring Data Redis repositories in DEFAULT mode.
[INFO ] 15:23:20.873 [main] o.s.d.r.c.RepositoryConfigurationDelegate - Finished Spring Data repository scanning in 8ms. Found 0 Redis repository interfaces.
[INFO ] 15:23:21.141 [main] o.s.c.s.PostProcessorRegistrationDelegate$BeanPostProcessorChecker - Bean 'org.springframework.transaction.annotation.ProxyTransactionManagementConfiguration' of type [org.springframework.transaction.annotation.ProxyTransactionManagementConfiguration] is not eligible for getting processed by all BeanPostProcessors (for example: not eligible for auto-proxying)
[INFO ] 15:23:21.382 [main] o.s.b.w.e.tomcat.TomcatWebServer - Tomcat initialized with port(s): 7090 (http)
[INFO ] 15:23:21.400 [main] o.a.coyote.http11.Http11NioProtocol - Initializing ProtocolHandler ["http-nio-7090"]
[INFO ] 15:23:21.400 [main] o.a.catalina.core.StandardService - Starting service [Tomcat]
[INFO ] 15:23:21.400 [main] o.a.catalina.core.StandardEngine - Starting Servlet engine: [Apache Tomcat/9.0.30]
[INFO ] 15:23:21.492 [main] o.a.c.c.C.[Tomcat].[localhost].[/] - Initializing Spring embedded WebApplicationContext
[INFO ] 15:23:21.492 [main] o.s.web.context.ContextLoader - Root WebApplicationContext: initialization completed in 1491 ms
[INFO ] 15:23:21.529 [main] o.s.b.web.servlet.RegistrationBean - Servlet statViewServlet was not registered (possibly already registered?)
[INFO ] 15:23:21.532 [main] o.s.b.web.servlet.RegistrationBean - Filter webStatFilter was not registered (possibly already registered?)
[INFO ] 15:23:22.007 [main] c.alibaba.druid.pool.DruidDataSource - {dataSource-1} inited
[INFO ] 15:23:22.012 [main] o.a.catalina.core.StandardService - Stopping service [Tomcat]
[INFO ] 15:23:32.033 [main] com.yys.szcp.SzcpApplication - Starting SzcpApplication on DESKTOP-FICJEKV with PID 7640 (D:\aproject\ValveCompanyInternshipRecruitmentSystem\szcp\target\classes started by 23647 in D:\aproject\ValveCompanyInternshipRecruitmentSystem\szcp)
[INFO ] 15:23:32.034 [main] com.yys.szcp.SzcpApplication - The following profiles are active: dev
[INFO ] 15:23:32.907 [main] o.s.d.r.c.RepositoryConfigurationDelegate - Multiple Spring Data modules found, entering strict repository configuration mode!
[INFO ] 15:23:32.910 [main] o.s.d.r.c.RepositoryConfigurationDelegate - Bootstrapping Spring Data Redis repositories in DEFAULT mode.
[INFO ] 15:23:32.931 [main] o.s.d.r.c.RepositoryConfigurationDelegate - Finished Spring Data repository scanning in 8ms. Found 0 Redis repository interfaces.
[INFO ] 15:23:33.196 [main] o.s.c.s.PostProcessorRegistrationDelegate$BeanPostProcessorChecker - Bean 'org.springframework.transaction.annotation.ProxyTransactionManagementConfiguration' of type [org.springframework.transaction.annotation.ProxyTransactionManagementConfiguration] is not eligible for getting processed by all BeanPostProcessors (for example: not eligible for auto-proxying)
[INFO ] 15:23:33.432 [main] o.s.b.w.e.tomcat.TomcatWebServer - Tomcat initialized with port(s): 7090 (http)
[INFO ] 15:23:33.440 [main] o.a.coyote.http11.Http11NioProtocol - Initializing ProtocolHandler ["http-nio-7090"]
[INFO ] 15:23:33.440 [main] o.a.catalina.core.StandardService - Starting service [Tomcat]
[INFO ] 15:23:33.441 [main] o.a.catalina.core.StandardEngine - Starting Servlet engine: [Apache Tomcat/9.0.30]
[INFO ] 15:23:33.540 [main] o.a.c.c.C.[Tomcat].[localhost].[/] - Initializing Spring embedded WebApplicationContext
[INFO ] 15:23:33.540 [main] o.s.web.context.ContextLoader - Root WebApplicationContext: initialization completed in 1430 ms
[INFO ] 15:23:33.574 [main] o.s.b.web.servlet.RegistrationBean - Servlet statViewServlet was not registered (possibly already registered?)
[INFO ] 15:23:33.577 [main] o.s.b.web.servlet.RegistrationBean - Filter webStatFilter was not registered (possibly already registered?)
[INFO ] 15:23:34.055 [main] c.alibaba.druid.pool.DruidDataSource - {dataSource-1} inited
[INFO ] 15:23:34.060 [main] o.a.catalina.core.StandardService - Stopping service [Tomcat]
[INFO ] 15:29:46.618 [main] com.yys.szcp.SzcpApplication - Starting SzcpApplication on DESKTOP-FICJEKV with PID 16660 (D:\aproject\ValveCompanyInternshipRecruitmentSystem\szcp\target\classes started by 23647 in D:\aproject\ValveCompanyInternshipRecruitmentSystem\szcp)
[INFO ] 15:29:46.619 [main] com.yys.szcp.SzcpApplication - The following profiles are active: dev
[INFO ] 15:29:47.580 [main] o.s.d.r.c.RepositoryConfigurationDelegate - Multiple Spring Data modules found, entering strict repository configuration mode!
[INFO ] 15:29:47.582 [main] o.s.d.r.c.RepositoryConfigurationDelegate - Bootstrapping Spring Data Redis repositories in DEFAULT mode.
[INFO ] 15:29:47.606 [main] o.s.d.r.c.RepositoryConfigurationDelegate - Finished Spring Data repository scanning in 10ms. Found 0 Redis repository interfaces.
[INFO ] 15:29:47.935 [main] o.s.c.s.PostProcessorRegistrationDelegate$BeanPostProcessorChecker - Bean 'org.springframework.transaction.annotation.ProxyTransactionManagementConfiguration' of type [org.springframework.transaction.annotation.ProxyTransactionManagementConfiguration] is not eligible for getting processed by all BeanPostProcessors (for example: not eligible for auto-proxying)
[INFO ] 15:29:48.172 [main] o.s.b.w.e.tomcat.TomcatWebServer - Tomcat initialized with port(s): 7090 (http)
[INFO ] 15:29:48.178 [main] o.a.coyote.http11.Http11NioProtocol - Initializing ProtocolHandler ["http-nio-7090"]
[INFO ] 15:29:48.179 [main] o.a.catalina.core.StandardService - Starting service [Tomcat]
[INFO ] 15:29:48.179 [main] o.a.catalina.core.StandardEngine - Starting Servlet engine: [Apache Tomcat/9.0.30]
[INFO ] 15:29:48.274 [main] o.a.c.c.C.[Tomcat].[localhost].[/] - Initializing Spring embedded WebApplicationContext
[INFO ] 15:29:48.274 [main] o.s.web.context.ContextLoader - Root WebApplicationContext: initialization completed in 1568 ms
[INFO ] 15:29:48.310 [main] o.s.b.web.servlet.RegistrationBean - Servlet statViewServlet was not registered (possibly already registered?)
[INFO ] 15:29:48.313 [main] o.s.b.web.servlet.RegistrationBean - Filter webStatFilter was not registered (possibly already registered?)
[INFO ] 15:29:48.876 [main] c.alibaba.druid.pool.DruidDataSource - {dataSource-1} inited
[INFO ] 15:29:48.880 [main] o.a.catalina.core.StandardService - Stopping service [Tomcat]
[INFO ] 15:30:17.994 [main] com.yys.szcp.SzcpApplication - Starting SzcpApplication on DESKTOP-FICJEKV with PID 18928 (D:\aproject\ValveCompanyInternshipRecruitmentSystem\szcp\target\classes started by 23647 in D:\aproject\ValveCompanyInternshipRecruitmentSystem\szcp)
[INFO ] 15:30:17.995 [main] com.yys.szcp.SzcpApplication - The following profiles are active: dev
[INFO ] 15:30:18.947 [main] o.s.d.r.c.RepositoryConfigurationDelegate - Multiple Spring Data modules found, entering strict repository configuration mode!
[INFO ] 15:30:18.948 [main] o.s.d.r.c.RepositoryConfigurationDelegate - Bootstrapping Spring Data Redis repositories in DEFAULT mode.
[INFO ] 15:30:18.972 [main] o.s.d.r.c.RepositoryConfigurationDelegate - Finished Spring Data repository scanning in 9ms. Found 0 Redis repository interfaces.
[INFO ] 15:30:19.272 [main] o.s.c.s.PostProcessorRegistrationDelegate$BeanPostProcessorChecker - Bean 'org.springframework.transaction.annotation.ProxyTransactionManagementConfiguration' of type [org.springframework.transaction.annotation.ProxyTransactionManagementConfiguration] is not eligible for getting processed by all BeanPostProcessors (for example: not eligible for auto-proxying)
[INFO ] 15:30:19.498 [main] o.s.b.w.e.tomcat.TomcatWebServer - Tomcat initialized with port(s): 7090 (http)
[INFO ] 15:30:19.505 [main] o.a.coyote.http11.Http11NioProtocol - Initializing ProtocolHandler ["http-nio-7090"]
[INFO ] 15:30:19.506 [main] o.a.catalina.core.StandardService - Starting service [Tomcat]
[INFO ] 15:30:19.506 [main] o.a.catalina.core.StandardEngine - Starting Servlet engine: [Apache Tomcat/9.0.30]
[INFO ] 15:30:19.597 [main] o.a.c.c.C.[Tomcat].[localhost].[/] - Initializing Spring embedded WebApplicationContext
[INFO ] 15:30:19.597 [main] o.s.web.context.ContextLoader - Root WebApplicationContext: initialization completed in 1519 ms
[INFO ] 15:30:19.634 [main] o.s.b.web.servlet.RegistrationBean - Servlet statViewServlet was not registered (possibly already registered?)
[INFO ] 15:30:19.637 [main] o.s.b.web.servlet.RegistrationBean - Filter webStatFilter was not registered (possibly already registered?)
[INFO ] 15:30:20.145 [main] c.alibaba.druid.pool.DruidDataSource - {dataSource-1} inited
[INFO ] 15:30:20.149 [main] o.a.catalina.core.StandardService - Stopping service [Tomcat]
[INFO ] 15:49:54.403 [main] com.yys.szcp.SzcpApplication - Starting SzcpApplication on DESKTOP-FICJEKV with PID 16556 (D:\aproject\ValveCompanyInternshipRecruitmentSystem\szcp\target\classes started by 23647 in D:\aproject\ValveCompanyInternshipRecruitmentSystem\szcp)
[INFO ] 15:49:54.428 [main] com.yys.szcp.SzcpApplication - The following profiles are active: dev
[INFO ] 15:49:57.062 [main] o.s.d.r.c.RepositoryConfigurationDelegate - Multiple Spring Data modules found, entering strict repository configuration mode!
[INFO ] 15:49:57.070 [main] o.s.d.r.c.RepositoryConfigurationDelegate - Bootstrapping Spring Data Redis repositories in DEFAULT mode.
[INFO ] 15:49:57.126 [main] o.s.d.r.c.RepositoryConfigurationDelegate - Finished Spring Data repository scanning in 16ms. Found 0 Redis repository interfaces.
[INFO ] 15:49:57.823 [main] o.s.c.s.PostProcessorRegistrationDelegate$BeanPostProcessorChecker - Bean 'org.springframework.transaction.annotation.ProxyTransactionManagementConfiguration' of type [org.springframework.transaction.annotation.ProxyTransactionManagementConfiguration] is not eligible for getting processed by all BeanPostProcessors (for example: not eligible for auto-proxying)
[INFO ] 15:49:58.647 [main] o.s.b.w.e.tomcat.TomcatWebServer - Tomcat initialized with port(s): 7090 (http)
[INFO ] 15:49:58.665 [main] o.a.coyote.http11.Http11NioProtocol - Initializing ProtocolHandler ["http-nio-7090"]
[INFO ] 15:49:58.666 [main] o.a.catalina.core.StandardService - Starting service [Tomcat]
[INFO ] 15:49:58.666 [main] o.a.catalina.core.StandardEngine - Starting Servlet engine: [Apache Tomcat/9.0.30]
[INFO ] 15:49:59.040 [main] o.a.c.c.C.[Tomcat].[localhost].[/] - Initializing Spring embedded WebApplicationContext
[INFO ] 15:49:59.040 [main] o.s.web.context.ContextLoader - Root WebApplicationContext: initialization completed in 4503 ms
[INFO ] 15:49:59.203 [main] o.s.b.web.servlet.RegistrationBean - Servlet statViewServlet was not registered (possibly already registered?)
[INFO ] 15:49:59.209 [main] o.s.b.web.servlet.RegistrationBean - Filter webStatFilter was not registered (possibly already registered?)
[INFO ] 15:50:00.300 [main] c.alibaba.druid.pool.DruidDataSource - {dataSource-1} inited
[INFO ] 15:50:01.371 [main] s.d.s.w.PropertySourcedRequestMappingHandlerMapping - Mapped URL path [/v2/api-docs] onto method [springfox.documentation.swagger2.web.Swagger2Controller#getDocumentation(String, HttpServletRequest)]
[INFO ] 15:50:02.299 [main] o.s.s.c.ThreadPoolTaskExecutor - Initializing ExecutorService 'applicationTaskExecutor'
[INFO ] 15:50:02.873 [main] o.s.s.c.ThreadPoolTaskScheduler - Initializing ExecutorService 'taskScheduler'
[INFO ] 15:50:02.951 [main] s.d.s.w.p.DocumentationPluginsBootstrapper - Context refreshed
[INFO ] 15:50:03.007 [main] s.d.s.w.p.DocumentationPluginsBootstrapper - Found 1 custom documentation plugin(s)
[INFO ] 15:50:03.070 [main] s.d.s.w.s.ApiListingReferenceScanner - Scanning for api listing references
[INFO ] 15:50:03.543 [main] o.a.coyote.http11.Http11NioProtocol - Starting ProtocolHandler ["http-nio-7090"]
[INFO ] 15:50:03.590 [main] o.s.b.w.e.tomcat.TomcatWebServer - Tomcat started on port(s): 7090 (http) with context path ''
[INFO ] 15:50:03.594 [main] com.yys.szcp.SzcpApplication - Started SzcpApplication in 10.253 seconds (JVM running for 15.93)
[INFO ] 15:51:45.784 [SpringContextShutdownHook] o.s.s.c.ThreadPoolTaskScheduler - Shutting down ExecutorService 'taskScheduler'
[INFO ] 15:51:45.785 [SpringContextShutdownHook] o.s.s.c.ThreadPoolTaskExecutor - Shutting down ExecutorService 'applicationTaskExecutor'
[INFO ] 15:51:45.911 [SpringContextShutdownHook] c.alibaba.druid.pool.DruidDataSource - {dataSource-1} closed
[INFO ] 15:51:49.505 [main] com.yys.szcp.SzcpApplication - Starting SzcpApplication on DESKTOP-FICJEKV with PID 18424 (D:\aproject\ValveCompanyInternshipRecruitmentSystem\szcp\target\classes started by 23647 in D:\aproject\ValveCompanyInternshipRecruitmentSystem\szcp)
[INFO ] 15:51:49.507 [main] com.yys.szcp.SzcpApplication - The following profiles are active: dev
[INFO ] 15:51:50.349 [main] o.s.d.r.c.RepositoryConfigurationDelegate - Multiple Spring Data modules found, entering strict repository configuration mode!
[INFO ] 15:51:50.351 [main] o.s.d.r.c.RepositoryConfigurationDelegate - Bootstrapping Spring Data Redis repositories in DEFAULT mode.
[INFO ] 15:51:50.375 [main] o.s.d.r.c.RepositoryConfigurationDelegate - Finished Spring Data repository scanning in 9ms. Found 0 Redis repository interfaces.
[INFO ] 15:51:50.683 [main] o.s.c.s.PostProcessorRegistrationDelegate$BeanPostProcessorChecker - Bean 'org.springframework.transaction.annotation.ProxyTransactionManagementConfiguration' of type [org.springframework.transaction.annotation.ProxyTransactionManagementConfiguration] is not eligible for getting processed by all BeanPostProcessors (for example: not eligible for auto-proxying)
[INFO ] 15:51:50.962 [main] o.s.b.w.e.tomcat.TomcatWebServer - Tomcat initialized with port(s): 7090 (http)
[INFO ] 15:51:50.971 [main] o.a.coyote.http11.Http11NioProtocol - Initializing ProtocolHandler ["http-nio-7090"]
[INFO ] 15:51:50.971 [main] o.a.catalina.core.StandardService - Starting service [Tomcat]
[INFO ] 15:51:50.971 [main] o.a.catalina.core.StandardEngine - Starting Servlet engine: [Apache Tomcat/9.0.30]
[INFO ] 15:51:51.064 [main] o.a.c.c.C.[Tomcat].[localhost].[/] - Initializing Spring embedded WebApplicationContext
[INFO ] 15:51:51.064 [main] o.s.web.context.ContextLoader - Root WebApplicationContext: initialization completed in 1481 ms
[INFO ] 15:51:51.102 [main] o.s.b.web.servlet.RegistrationBean - Servlet statViewServlet was not registered (possibly already registered?)
[INFO ] 15:51:51.104 [main] o.s.b.web.servlet.RegistrationBean - Filter webStatFilter was not registered (possibly already registered?)
[INFO ] 15:51:51.717 [main] c.alibaba.druid.pool.DruidDataSource - {dataSource-1} inited
[INFO ] 15:51:52.181 [main] s.d.s.w.PropertySourcedRequestMappingHandlerMapping - Mapped URL path [/v2/api-docs] onto method [springfox.documentation.swagger2.web.Swagger2Controller#getDocumentation(String, HttpServletRequest)]
[INFO ] 15:51:52.517 [main] o.s.s.c.ThreadPoolTaskExecutor - Initializing ExecutorService 'applicationTaskExecutor'
[INFO ] 15:51:52.762 [main] o.s.s.c.ThreadPoolTaskScheduler - Initializing ExecutorService 'taskScheduler'
[INFO ] 15:51:52.800 [main] s.d.s.w.p.DocumentationPluginsBootstrapper - Context refreshed
[INFO ] 15:51:52.818 [main] s.d.s.w.p.DocumentationPluginsBootstrapper - Found 1 custom documentation plugin(s)
[INFO ] 15:51:52.862 [main] s.d.s.w.s.ApiListingReferenceScanner - Scanning for api listing references
[INFO ] 15:51:53.175 [main] o.a.coyote.http11.Http11NioProtocol - Starting ProtocolHandler ["http-nio-7090"]
[INFO ] 15:51:53.210 [main] o.s.b.w.e.tomcat.TomcatWebServer - Tomcat started on port(s): 7090 (http) with context path ''
[INFO ] 15:51:53.213 [main] com.yys.szcp.SzcpApplication - Started SzcpApplication in 4.082 seconds (JVM running for 5.534)
[INFO ] 15:52:10.435 [http-nio-7090-exec-1] o.a.c.c.C.[Tomcat].[localhost].[/] - Initializing Spring DispatcherServlet 'dispatcherServlet'
[INFO ] 15:52:10.435 [http-nio-7090-exec-1] o.s.web.servlet.DispatcherServlet - Initializing Servlet 'dispatcherServlet'
[INFO ] 15:52:10.441 [http-nio-7090-exec-1] o.s.web.servlet.DispatcherServlet - Completed initialization in 6 ms
[INFO ] 15:52:10.494 [http-nio-7090-exec-1] c.yys.szcp.config.jwt.JwtInterceptor - 访问路径:/error
[INFO ] 15:52:10.502 [http-nio-7090-exec-1] c.yys.szcp.config.jwt.JwtInterceptor - ===== 用户未登录, 请先登录:/error
[INFO ] 15:52:56.058 [http-nio-7090-exec-2] c.yys.szcp.config.jwt.JwtInterceptor - 访问路径:/sys/admin/findAdminUserInfo
[INFO ] 15:52:56.058 [http-nio-7090-exec-2] c.yys.szcp.config.jwt.JwtInterceptor - ===== 用户未登录, 请先登录:/sys/admin/findAdminUserInfo
[INFO ] 15:52:56.063 [http-nio-7090-exec-3] c.yys.szcp.config.jwt.JwtInterceptor - 访问路径:/sys/admin/findAdminUserInfo
[INFO ] 15:53:02.599 [http-nio-7090-exec-4] c.yys.szcp.config.jwt.JwtInterceptor - 访问路径:/error
[INFO ] 15:53:02.599 [http-nio-7090-exec-4] c.yys.szcp.config.jwt.JwtInterceptor - ===== 用户未登录, 请先登录:/error
[INFO ] 15:54:37.120 [http-nio-7090-exec-8] c.yys.szcp.config.jwt.JwtInterceptor - 访问路径:/sys/admin/login
[INFO ] 15:54:37.192 [http-nio-7090-exec-8] c.y.szcp.controller.AdminController - 输出info级别的日志.....
[INFO ] 15:54:37.309 [http-nio-7090-exec-9] c.yys.szcp.config.jwt.JwtInterceptor - 访问路径:/sys/admin/findAdminUserInfo
[INFO ] 15:54:37.309 [http-nio-7090-exec-9] c.yys.szcp.config.jwt.JwtInterceptor - ===== 用户未登录, 请先登录:/sys/admin/findAdminUserInfo
[INFO ] 15:54:37.312 [http-nio-7090-exec-10] c.yys.szcp.config.jwt.JwtInterceptor - 访问路径:/sys/admin/findAdminUserInfo
[INFO ] 15:54:40.271 [http-nio-7090-exec-1] c.yys.szcp.config.jwt.JwtInterceptor - 访问路径:/sys/role/findRoleList
[INFO ] 15:54:40.271 [http-nio-7090-exec-1] c.yys.szcp.config.jwt.JwtInterceptor - ===== 用户未登录, 请先登录:/sys/role/findRoleList
[INFO ] 15:54:40.279 [http-nio-7090-exec-2] c.yys.szcp.config.jwt.JwtInterceptor - 访问路径:/sys/role/findRoleList
[INFO ] 15:54:41.870 [http-nio-7090-exec-3] c.yys.szcp.config.jwt.JwtInterceptor - 访问路径:/sys/admin/findAdminUserList
[INFO ] 15:54:41.871 [http-nio-7090-exec-3] c.yys.szcp.config.jwt.JwtInterceptor - ===== 用户未登录, 请先登录:/sys/admin/findAdminUserList
[INFO ] 15:54:41.874 [http-nio-7090-exec-4] c.yys.szcp.config.jwt.JwtInterceptor - 访问路径:/sys/admin/findAdminUserList
[INFO ] 15:54:48.352 [http-nio-7090-exec-5] c.yys.szcp.config.jwt.JwtInterceptor - 访问路径:/sys/role/findRoleAllList
[INFO ] 15:54:48.352 [http-nio-7090-exec-5] c.yys.szcp.config.jwt.JwtInterceptor - ===== 用户未登录, 请先登录:/sys/role/findRoleAllList
[INFO ] 15:54:48.355 [http-nio-7090-exec-6] c.yys.szcp.config.jwt.JwtInterceptor - 访问路径:/sys/role/findRoleAllList
[INFO ] 15:55:22.776 [http-nio-7090-exec-7] c.yys.szcp.config.jwt.JwtInterceptor - 访问路径:/sys/admin/updateAdminUser
[INFO ] 15:55:22.776 [http-nio-7090-exec-7] c.yys.szcp.config.jwt.JwtInterceptor - ===== 用户未登录, 请先登录:/sys/admin/updateAdminUser
[INFO ] 15:55:22.778 [http-nio-7090-exec-8] c.yys.szcp.config.jwt.JwtInterceptor - 访问路径:/sys/admin/updateAdminUser
[INFO ] 15:55:22.884 [http-nio-7090-exec-9] c.yys.szcp.config.jwt.JwtInterceptor - 访问路径:/sys/admin/findAdminUserList
[INFO ] 15:55:49.197 [http-nio-7090-exec-10] c.yys.szcp.config.jwt.JwtInterceptor - 访问路径:/sys/recruitmentInformation/findRecruitmentInformationList
[INFO ] 15:55:49.197 [http-nio-7090-exec-10] c.yys.szcp.config.jwt.JwtInterceptor - ===== 用户未登录, 请先登录:/sys/recruitmentInformation/findRecruitmentInformationList
[INFO ] 15:55:49.200 [http-nio-7090-exec-1] c.yys.szcp.config.jwt.JwtInterceptor - 访问路径:/sys/recruitmentInformation/findRecruitmentInformationList
[INFO ] 15:55:50.606 [http-nio-7090-exec-2] c.yys.szcp.config.jwt.JwtInterceptor - 访问路径:/sys/admin/findAdminUserList
[INFO ] 15:55:54.332 [http-nio-7090-exec-3] c.yys.szcp.config.jwt.JwtInterceptor - 访问路径:/sys/role/findRoleList
[INFO ] 15:56:08.268 [http-nio-7090-exec-4] c.yys.szcp.config.jwt.JwtInterceptor - 访问路径:/sys/menu/findMenuByMyRoleId
[INFO ] 15:56:08.268 [http-nio-7090-exec-4] c.yys.szcp.config.jwt.JwtInterceptor - ===== 用户未登录, 请先登录:/sys/menu/findMenuByMyRoleId
[INFO ] 15:56:08.278 [http-nio-7090-exec-5] c.yys.szcp.config.jwt.JwtInterceptor - 访问路径:/sys/menu/findMenuByMyRoleId
[INFO ] 15:56:09.881 [http-nio-7090-exec-6] c.yys.szcp.config.jwt.JwtInterceptor - 访问路径:/sys/admin/findAdminUserList
[INFO ] 15:56:34.879 [http-nio-7090-exec-7] c.yys.szcp.config.jwt.JwtInterceptor - 访问路径:/sys/role/findRoleAllList
[INFO ] 15:57:34.740 [http-nio-7090-exec-8] c.yys.szcp.config.jwt.JwtInterceptor - 访问路径:/sys/admin/updateAdminUser
[INFO ] 15:57:34.740 [http-nio-7090-exec-8] c.yys.szcp.config.jwt.JwtInterceptor - ===== 用户未登录, 请先登录:/sys/admin/updateAdminUser
[INFO ] 15:57:34.744 [http-nio-7090-exec-9] c.yys.szcp.config.jwt.JwtInterceptor - 访问路径:/sys/admin/updateAdminUser
[INFO ] 15:57:34.776 [http-nio-7090-exec-10] c.yys.szcp.config.jwt.JwtInterceptor - 访问路径:/sys/admin/findAdminUserList
[INFO ] 15:57:41.771 [http-nio-7090-exec-1] c.yys.szcp.config.jwt.JwtInterceptor - 访问路径:/sys/menu/findMenuByMyRoleId
[INFO ] 15:57:42.508 [http-nio-7090-exec-2] c.yys.szcp.config.jwt.JwtInterceptor - 访问路径:/sys/admin/findAdminUserList
[INFO ] 15:57:43.261 [http-nio-7090-exec-3] c.yys.szcp.config.jwt.JwtInterceptor - 访问路径:/sys/role/findRoleList
[INFO ] 15:57:46.473 [http-nio-7090-exec-4] c.yys.szcp.config.jwt.JwtInterceptor - 访问路径:/sys/admin/findAdminUserList
[INFO ] 15:57:51.459 [http-nio-7090-exec-5] c.yys.szcp.config.jwt.JwtInterceptor - 访问路径:/sys/admin/editPasswordAdminUser
[INFO ] 15:57:51.459 [http-nio-7090-exec-5] c.yys.szcp.config.jwt.JwtInterceptor - ===== 用户未登录, 请先登录:/sys/admin/editPasswordAdminUser
[INFO ] 15:57:51.461 [http-nio-7090-exec-6] c.yys.szcp.config.jwt.JwtInterceptor - 访问路径:/sys/admin/editPasswordAdminUser
[INFO ] 15:57:51.556 [http-nio-7090-exec-7] c.yys.szcp.config.jwt.JwtInterceptor - 访问路径:/sys/admin/findAdminUserList
[INFO ] 15:57:54.277 [http-nio-7090-exec-8] c.yys.szcp.config.jwt.JwtInterceptor - 访问路径:/sys/role/findRoleAllList
[INFO ] 15:58:00.702 [http-nio-7090-exec-9] c.yys.szcp.config.jwt.JwtInterceptor - 访问路径:/sys/admin/editPasswordAdminUser
[INFO ] 15:58:00.702 [http-nio-7090-exec-9] c.yys.szcp.config.jwt.JwtInterceptor - ===== 用户未登录, 请先登录:/sys/admin/editPasswordAdminUser
[INFO ] 15:58:00.707 [http-nio-7090-exec-10] c.yys.szcp.config.jwt.JwtInterceptor - 访问路径:/sys/admin/editPasswordAdminUser
[INFO ] 15:58:00.734 [http-nio-7090-exec-1] c.yys.szcp.config.jwt.JwtInterceptor - 访问路径:/sys/admin/findAdminUserList
[INFO ] 15:58:28.275 [http-nio-7090-exec-2] c.yys.szcp.config.jwt.JwtInterceptor - 访问路径:/sys/admin/login
[INFO ] 15:58:28.275 [http-nio-7090-exec-2] c.y.szcp.controller.AdminController - 输出info级别的日志.....
[INFO ] 15:58:28.289 [http-nio-7090-exec-3] c.yys.szcp.config.jwt.JwtInterceptor - 访问路径:/sys/admin/findAdminUserInfo
[INFO ] 15:58:28.289 [http-nio-7090-exec-3] c.yys.szcp.config.jwt.JwtInterceptor - ===== 用户未登录, 请先登录:/sys/admin/findAdminUserInfo
[INFO ] 15:58:28.291 [http-nio-7090-exec-4] c.yys.szcp.config.jwt.JwtInterceptor - 访问路径:/sys/admin/findAdminUserInfo
[INFO ] 15:58:32.040 [http-nio-7090-exec-5] c.yys.szcp.config.jwt.JwtInterceptor - 访问路径:/sys/admin/findAdminUserList
[INFO ] 15:58:32.040 [http-nio-7090-exec-5] c.yys.szcp.config.jwt.JwtInterceptor - ===== 用户未登录, 请先登录:/sys/admin/findAdminUserList
[INFO ] 15:58:32.045 [http-nio-7090-exec-6] c.yys.szcp.config.jwt.JwtInterceptor - 访问路径:/sys/admin/findAdminUserList
[INFO ] 15:59:07.951 [http-nio-7090-exec-7] c.yys.szcp.config.jwt.JwtInterceptor - 访问路径:/sys/admin/updatePasswordAdminUser
[INFO ] 15:59:07.951 [http-nio-7090-exec-7] c.yys.szcp.config.jwt.JwtInterceptor - ===== 用户未登录, 请先登录:/sys/admin/updatePasswordAdminUser
[INFO ] 15:59:07.955 [http-nio-7090-exec-8] c.yys.szcp.config.jwt.JwtInterceptor - 访问路径:/sys/admin/updatePasswordAdminUser
[INFO ] 15:59:54.536 [http-nio-7090-exec-9] c.yys.szcp.config.jwt.JwtInterceptor - 访问路径:/sys/admin/login
[INFO ] 15:59:54.536 [http-nio-7090-exec-9] c.y.szcp.controller.AdminController - 输出info级别的日志.....
[INFO ] 15:59:54.871 [http-nio-7090-exec-10] c.yys.szcp.config.jwt.JwtInterceptor - 访问路径:/sys/admin/login
[INFO ] 15:59:54.871 [http-nio-7090-exec-10] c.y.szcp.controller.AdminController - 输出info级别的日志.....
[INFO ] 16:00:24.490 [http-nio-7090-exec-1] c.yys.szcp.config.jwt.JwtInterceptor - 访问路径:/sys/admin/login
[INFO ] 16:00:24.491 [http-nio-7090-exec-1] c.y.szcp.controller.AdminController - 输出info级别的日志.....
[INFO ] 16:00:32.612 [http-nio-7090-exec-2] c.yys.szcp.config.jwt.JwtInterceptor - 访问路径:/sys/admin/login
[INFO ] 16:00:32.613 [http-nio-7090-exec-2] c.y.szcp.controller.AdminController - 输出info级别的日志.....
[INFO ] 16:00:32.626 [http-nio-7090-exec-3] c.yys.szcp.config.jwt.JwtInterceptor - 访问路径:/sys/admin/findAdminUserInfo
[INFO ] 16:00:32.626 [http-nio-7090-exec-3] c.yys.szcp.config.jwt.JwtInterceptor - ===== 用户未登录, 请先登录:/sys/admin/findAdminUserInfo
[INFO ] 16:00:32.628 [http-nio-7090-exec-4] c.yys.szcp.config.jwt.JwtInterceptor - 访问路径:/sys/admin/findAdminUserInfo
[INFO ] 16:00:40.437 [http-nio-7090-exec-5] c.yys.szcp.config.jwt.JwtInterceptor - 访问路径:/sys/recruitmentInformation/findRecruitmentInformationList
[INFO ] 16:00:40.437 [http-nio-7090-exec-5] c.yys.szcp.config.jwt.JwtInterceptor - ===== 用户未登录, 请先登录:/sys/recruitmentInformation/findRecruitmentInformationList
[INFO ] 16:00:40.457 [http-nio-7090-exec-6] c.yys.szcp.config.jwt.JwtInterceptor - 访问路径:/sys/recruitmentInformation/findRecruitmentInformationList
[INFO ] 16:00:42.590 [http-nio-7090-exec-7] c.yys.szcp.config.jwt.JwtInterceptor - 访问路径:/sys/admin/findAdminUserList
[INFO ] 16:00:42.590 [http-nio-7090-exec-7] c.yys.szcp.config.jwt.JwtInterceptor - ===== 用户未登录, 请先登录:/sys/admin/findAdminUserList
[INFO ] 16:00:42.593 [http-nio-7090-exec-8] c.yys.szcp.config.jwt.JwtInterceptor - 访问路径:/sys/admin/findAdminUserList
[INFO ] 16:00:56.359 [http-nio-7090-exec-9] c.yys.szcp.config.jwt.JwtInterceptor - 访问路径:/sys/admin/login
[INFO ] 16:00:56.359 [http-nio-7090-exec-9] c.y.szcp.controller.AdminController - 输出info级别的日志.....
[INFO ] 16:01:03.692 [http-nio-7090-exec-10] c.yys.szcp.config.jwt.JwtInterceptor - 访问路径:/sys/admin/login
[INFO ] 16:01:03.692 [http-nio-7090-exec-10] c.y.szcp.controller.AdminController - 输出info级别的日志.....
[INFO ] 16:01:03.705 [http-nio-7090-exec-1] c.yys.szcp.config.jwt.JwtInterceptor - 访问路径:/sys/admin/findAdminUserInfo
[INFO ] 16:01:03.705 [http-nio-7090-exec-1] c.yys.szcp.config.jwt.JwtInterceptor - ===== 用户未登录, 请先登录:/sys/admin/findAdminUserInfo
[INFO ] 16:01:03.706 [http-nio-7090-exec-2] c.yys.szcp.config.jwt.JwtInterceptor - 访问路径:/sys/admin/findAdminUserInfo
[INFO ] 16:01:07.676 [http-nio-7090-exec-3] c.yys.szcp.config.jwt.JwtInterceptor - 访问路径:/sys/admin/findAdminUserList
[INFO ] 16:01:07.676 [http-nio-7090-exec-3] c.yys.szcp.config.jwt.JwtInterceptor - ===== 用户未登录, 请先登录:/sys/admin/findAdminUserList
[INFO ] 16:01:07.679 [http-nio-7090-exec-4] c.yys.szcp.config.jwt.JwtInterceptor - 访问路径:/sys/admin/findAdminUserList
[INFO ] 16:01:17.440 [http-nio-7090-exec-5] c.yys.szcp.config.jwt.JwtInterceptor - 访问路径:/sys/admin/findAdminUserList
[INFO ] 16:03:07.520 [http-nio-7090-exec-7] c.yys.szcp.config.jwt.JwtInterceptor - 访问路径:/sys/admin/login
[INFO ] 16:03:07.521 [http-nio-7090-exec-7] c.y.szcp.controller.AdminController - 输出info级别的日志.....
[INFO ] 16:03:07.539 [http-nio-7090-exec-8] c.yys.szcp.config.jwt.JwtInterceptor - 访问路径:/sys/admin/findAdminUserInfo
[INFO ] 16:03:07.539 [http-nio-7090-exec-8] c.yys.szcp.config.jwt.JwtInterceptor - ===== 用户未登录, 请先登录:/sys/admin/findAdminUserInfo
[INFO ] 16:03:07.541 [http-nio-7090-exec-9] c.yys.szcp.config.jwt.JwtInterceptor - 访问路径:/sys/admin/findAdminUserInfo
[INFO ] 16:03:09.495 [http-nio-7090-exec-10] c.yys.szcp.config.jwt.JwtInterceptor - 访问路径:/sys/admin/findAdminUserList
[INFO ] 16:03:09.495 [http-nio-7090-exec-10] c.yys.szcp.config.jwt.JwtInterceptor - ===== 用户未登录, 请先登录:/sys/admin/findAdminUserList
[INFO ] 16:03:09.499 [http-nio-7090-exec-1] c.yys.szcp.config.jwt.JwtInterceptor - 访问路径:/sys/admin/findAdminUserList
[INFO ] 16:04:19.441 [http-nio-7090-exec-3] c.yys.szcp.config.jwt.JwtInterceptor - 访问路径:/sys/admin/deleteAdminUser
[INFO ] 16:04:19.441 [http-nio-7090-exec-3] c.yys.szcp.config.jwt.JwtInterceptor - ===== 用户未登录, 请先登录:/sys/admin/deleteAdminUser
[INFO ] 16:04:19.444 [http-nio-7090-exec-4] c.yys.szcp.config.jwt.JwtInterceptor - 访问路径:/sys/admin/deleteAdminUser
[INFO ] 16:04:19.480 [http-nio-7090-exec-5] c.yys.szcp.config.jwt.JwtInterceptor - 访问路径:/sys/admin/findAdminUserList
[INFO ] 16:04:22.950 [http-nio-7090-exec-6] c.yys.szcp.config.jwt.JwtInterceptor - 访问路径:/sys/admin/deleteAdminUser
[INFO ] 16:04:22.950 [http-nio-7090-exec-6] c.yys.szcp.config.jwt.JwtInterceptor - ===== 用户未登录, 请先登录:/sys/admin/deleteAdminUser
[INFO ] 16:04:22.953 [http-nio-7090-exec-7] c.yys.szcp.config.jwt.JwtInterceptor - 访问路径:/sys/admin/deleteAdminUser
[INFO ] 16:04:22.979 [http-nio-7090-exec-8] c.yys.szcp.config.jwt.JwtInterceptor - 访问路径:/sys/admin/findAdminUserList
[INFO ] 16:04:24.554 [http-nio-7090-exec-10] c.yys.szcp.config.jwt.JwtInterceptor - 访问路径:/sys/admin/deleteAdminUser
[INFO ] 16:04:24.555 [http-nio-7090-exec-10] c.yys.szcp.config.jwt.JwtInterceptor - ===== 用户未登录, 请先登录:/sys/admin/deleteAdminUser
[INFO ] 16:04:24.559 [http-nio-7090-exec-1] c.yys.szcp.config.jwt.JwtInterceptor - 访问路径:/sys/admin/deleteAdminUser
[INFO ] 16:04:24.578 [http-nio-7090-exec-2] c.yys.szcp.config.jwt.JwtInterceptor - 访问路径:/sys/admin/findAdminUserList
[INFO ] 16:04:30.357 [http-nio-7090-exec-3] c.yys.szcp.config.jwt.JwtInterceptor - 访问路径:/sys/role/findRoleAllList
[INFO ] 16:04:30.357 [http-nio-7090-exec-3] c.yys.szcp.config.jwt.JwtInterceptor - ===== 用户未登录, 请先登录:/sys/role/findRoleAllList
[INFO ] 16:04:30.362 [http-nio-7090-exec-4] c.yys.szcp.config.jwt.JwtInterceptor - 访问路径:/sys/role/findRoleAllList
[INFO ] 16:05:16.844 [http-nio-7090-exec-5] c.yys.szcp.config.jwt.JwtInterceptor - 访问路径:/sys/admin/updateAdminUser
[INFO ] 16:05:16.844 [http-nio-7090-exec-5] c.yys.szcp.config.jwt.JwtInterceptor - ===== 用户未登录, 请先登录:/sys/admin/updateAdminUser
[INFO ] 16:05:16.846 [http-nio-7090-exec-6] c.yys.szcp.config.jwt.JwtInterceptor - 访问路径:/sys/admin/updateAdminUser
[INFO ] 16:05:16.873 [http-nio-7090-exec-7] c.yys.szcp.config.jwt.JwtInterceptor - 访问路径:/sys/admin/findAdminUserList
[INFO ] 16:05:23.575 [http-nio-7090-exec-8] c.yys.szcp.config.jwt.JwtInterceptor - 访问路径:/sys/role/findRoleAllList
[INFO ] 16:05:47.210 [http-nio-7090-exec-9] c.yys.szcp.config.jwt.JwtInterceptor - 访问路径:/sys/admin/updateAdminUser
[INFO ] 16:05:47.210 [http-nio-7090-exec-9] c.yys.szcp.config.jwt.JwtInterceptor - ===== 用户未登录, 请先登录:/sys/admin/updateAdminUser
[INFO ] 16:05:47.213 [http-nio-7090-exec-10] c.yys.szcp.config.jwt.JwtInterceptor - 访问路径:/sys/admin/updateAdminUser
[INFO ] 16:05:47.245 [http-nio-7090-exec-1] c.yys.szcp.config.jwt.JwtInterceptor - 访问路径:/sys/admin/findAdminUserList
[INFO ] 16:05:50.727 [http-nio-7090-exec-2] c.yys.szcp.config.jwt.JwtInterceptor - 访问路径:/sys/role/findRoleAllList
[INFO ] 16:06:05.891 [http-nio-7090-exec-3] c.yys.szcp.config.jwt.JwtInterceptor - 访问路径:/sys/admin/updateAdminUser
[INFO ] 16:06:05.891 [http-nio-7090-exec-3] c.yys.szcp.config.jwt.JwtInterceptor - ===== 用户未登录, 请先登录:/sys/admin/updateAdminUser
[INFO ] 16:06:05.894 [http-nio-7090-exec-4] c.yys.szcp.config.jwt.JwtInterceptor - 访问路径:/sys/admin/updateAdminUser
[INFO ] 16:06:05.924 [http-nio-7090-exec-5] c.yys.szcp.config.jwt.JwtInterceptor - 访问路径:/sys/admin/findAdminUserList
[INFO ] 16:06:12.921 [http-nio-7090-exec-6] c.yys.szcp.config.jwt.JwtInterceptor - 访问路径:/sys/role/findRoleAllList
[INFO ] 16:06:50.051 [http-nio-7090-exec-7] c.yys.szcp.config.jwt.JwtInterceptor - 访问路径:/sys/role/findRoleList
[INFO ] 16:06:50.051 [http-nio-7090-exec-7] c.yys.szcp.config.jwt.JwtInterceptor - ===== 用户未登录, 请先登录:/sys/role/findRoleList
[INFO ] 16:06:50.058 [http-nio-7090-exec-8] c.yys.szcp.config.jwt.JwtInterceptor - 访问路径:/sys/role/findRoleList
[INFO ] 16:06:55.709 [http-nio-7090-exec-9] c.yys.szcp.config.jwt.JwtInterceptor - 访问路径:/sys/admin/login
[INFO ] 16:06:55.709 [http-nio-7090-exec-9] c.yys.szcp.config.jwt.JwtInterceptor - ===== 用户未登录, 请先登录:/sys/admin/login
[INFO ] 16:06:55.711 [http-nio-7090-exec-10] c.yys.szcp.config.jwt.JwtInterceptor - 访问路径:/sys/admin/login
[INFO ] 16:06:55.711 [http-nio-7090-exec-10] c.y.szcp.controller.AdminController - 输出info级别的日志.....
[INFO ] 16:06:55.722 [http-nio-7090-exec-1] c.yys.szcp.config.jwt.JwtInterceptor - 访问路径:/sys/admin/findAdminUserInfo
[INFO ] 16:06:55.722 [http-nio-7090-exec-1] c.yys.szcp.config.jwt.JwtInterceptor - ===== 用户未登录, 请先登录:/sys/admin/findAdminUserInfo
[INFO ] 16:06:55.724 [http-nio-7090-exec-2] c.yys.szcp.config.jwt.JwtInterceptor - 访问路径:/sys/admin/findAdminUserInfo
[INFO ] 16:06:58.415 [http-nio-7090-exec-3] c.yys.szcp.config.jwt.JwtInterceptor - 访问路径:/sys/admin/findAdminUserList
[INFO ] 16:06:58.416 [http-nio-7090-exec-3] c.yys.szcp.config.jwt.JwtInterceptor - ===== 用户未登录, 请先登录:/sys/admin/findAdminUserList
[INFO ] 16:06:58.419 [http-nio-7090-exec-4] c.yys.szcp.config.jwt.JwtInterceptor - 访问路径:/sys/admin/findAdminUserList
[INFO ] 16:07:01.913 [http-nio-7090-exec-6] c.yys.szcp.config.jwt.JwtInterceptor - 访问路径:/sys/role/findRoleAllList
[INFO ] 16:07:01.913 [http-nio-7090-exec-6] c.yys.szcp.config.jwt.JwtInterceptor - ===== 用户未登录, 请先登录:/sys/role/findRoleAllList
[INFO ] 16:07:01.918 [http-nio-7090-exec-7] c.yys.szcp.config.jwt.JwtInterceptor - 访问路径:/sys/role/findRoleAllList
[INFO ] 16:07:31.268 [http-nio-7090-exec-8] c.yys.szcp.config.jwt.JwtInterceptor - 访问路径:/sys/role/findRoleList
[INFO ] 16:07:31.268 [http-nio-7090-exec-8] c.yys.szcp.config.jwt.JwtInterceptor - ===== 用户未登录, 请先登录:/sys/role/findRoleList
[INFO ] 16:07:31.273 [http-nio-7090-exec-9] c.yys.szcp.config.jwt.JwtInterceptor - 访问路径:/sys/role/findRoleList
[INFO ] 16:07:41.232 [http-nio-7090-exec-10] c.yys.szcp.config.jwt.JwtInterceptor - 访问路径:/sys/admin/findAdminUserList
[INFO ] 16:07:43.905 [http-nio-7090-exec-1] c.yys.szcp.config.jwt.JwtInterceptor - 访问路径:/sys/role/findRoleList
[INFO ] 16:07:45.445 [http-nio-7090-exec-2] c.yys.szcp.config.jwt.JwtInterceptor - 访问路径:/sys/admin/findAdminUserList
[INFO ] 16:08:54.135 [http-nio-7090-exec-4] c.yys.szcp.config.jwt.JwtInterceptor - 访问路径:/sys/role/findRoleAllList
[INFO ] 16:09:55.307 [http-nio-7090-exec-6] c.yys.szcp.config.jwt.JwtInterceptor - 访问路径:/sys/role/findRoleAllList
[INFO ] 16:10:07.756 [http-nio-7090-exec-7] c.yys.szcp.config.jwt.JwtInterceptor - 访问路径:/sys/admin/updateAdminUser
[INFO ] 16:10:07.756 [http-nio-7090-exec-7] c.yys.szcp.config.jwt.JwtInterceptor - ===== 用户未登录, 请先登录:/sys/admin/updateAdminUser
[INFO ] 16:10:07.759 [http-nio-7090-exec-8] c.yys.szcp.config.jwt.JwtInterceptor - 访问路径:/sys/admin/updateAdminUser
[INFO ] 16:10:07.794 [http-nio-7090-exec-9] c.yys.szcp.config.jwt.JwtInterceptor - 访问路径:/sys/admin/findAdminUserList
[INFO ] 16:10:10.942 [http-nio-7090-exec-10] c.yys.szcp.config.jwt.JwtInterceptor - 访问路径:/sys/role/findRoleAllList
[INFO ] 16:10:37.057 [http-nio-7090-exec-1] c.yys.szcp.config.jwt.JwtInterceptor - 访问路径:/sys/admin/updateAdminUser
[INFO ] 16:10:37.057 [http-nio-7090-exec-1] c.yys.szcp.config.jwt.JwtInterceptor - ===== 用户未登录, 请先登录:/sys/admin/updateAdminUser
[INFO ] 16:10:37.060 [http-nio-7090-exec-2] c.yys.szcp.config.jwt.JwtInterceptor - 访问路径:/sys/admin/updateAdminUser
[INFO ] 16:10:37.095 [http-nio-7090-exec-3] c.yys.szcp.config.jwt.JwtInterceptor - 访问路径:/sys/admin/findAdminUserList
[INFO ] 16:11:26.142 [http-nio-7090-exec-4] c.yys.szcp.config.jwt.JwtInterceptor - 访问路径:/sys/admin/editPasswordAdminUser
[INFO ] 16:11:26.142 [http-nio-7090-exec-4] c.yys.szcp.config.jwt.JwtInterceptor - ===== 用户未登录, 请先登录:/sys/admin/editPasswordAdminUser
[INFO ] 16:11:26.145 [http-nio-7090-exec-5] c.yys.szcp.config.jwt.JwtInterceptor - 访问路径:/sys/admin/editPasswordAdminUser
[INFO ] 16:11:26.170 [http-nio-7090-exec-6] c.yys.szcp.config.jwt.JwtInterceptor - 访问路径:/sys/admin/findAdminUserList
[INFO ] 16:11:28.747 [http-nio-7090-exec-7] c.yys.szcp.config.jwt.JwtInterceptor - 访问路径:/sys/admin/editPasswordAdminUser
[INFO ] 16:11:28.747 [http-nio-7090-exec-7] c.yys.szcp.config.jwt.JwtInterceptor - ===== 用户未登录, 请先登录:/sys/admin/editPasswordAdminUser
[INFO ] 16:11:28.749 [http-nio-7090-exec-8] c.yys.szcp.config.jwt.JwtInterceptor - 访问路径:/sys/admin/editPasswordAdminUser
[INFO ] 16:11:28.778 [http-nio-7090-exec-9] c.yys.szcp.config.jwt.JwtInterceptor - 访问路径:/sys/admin/findAdminUserList
[INFO ] 16:11:30.560 [http-nio-7090-exec-10] c.yys.szcp.config.jwt.JwtInterceptor - 访问路径:/sys/admin/editPasswordAdminUser
[INFO ] 16:11:30.560 [http-nio-7090-exec-10] c.yys.szcp.config.jwt.JwtInterceptor - ===== 用户未登录, 请先登录:/sys/admin/editPasswordAdminUser
[INFO ] 16:11:30.561 [http-nio-7090-exec-1] c.yys.szcp.config.jwt.JwtInterceptor - 访问路径:/sys/admin/editPasswordAdminUser
[INFO ] 16:11:30.580 [http-nio-7090-exec-2] c.yys.szcp.config.jwt.JwtInterceptor - 访问路径:/sys/admin/findAdminUserList
[INFO ] 16:12:22.497 [http-nio-7090-exec-3] c.yys.szcp.config.jwt.JwtInterceptor - 访问路径:/sys/admin/login
[INFO ] 16:12:22.498 [http-nio-7090-exec-3] c.y.szcp.controller.AdminController - 输出info级别的日志.....
[INFO ] 16:12:22.518 [http-nio-7090-exec-4] c.yys.szcp.config.jwt.JwtInterceptor - 访问路径:/sys/admin/findAdminUserInfo
[INFO ] 16:12:22.518 [http-nio-7090-exec-4] c.yys.szcp.config.jwt.JwtInterceptor - ===== 用户未登录, 请先登录:/sys/admin/findAdminUserInfo
[INFO ] 16:12:22.521 [http-nio-7090-exec-5] c.yys.szcp.config.jwt.JwtInterceptor - 访问路径:/sys/admin/findAdminUserInfo
[INFO ] 16:12:25.297 [http-nio-7090-exec-6] c.yys.szcp.config.jwt.JwtInterceptor - 访问路径:/sys/recruitmentInformation/findRecruitmentInformationList
[INFO ] 16:12:25.297 [http-nio-7090-exec-6] c.yys.szcp.config.jwt.JwtInterceptor - ===== 用户未登录, 请先登录:/sys/recruitmentInformation/findRecruitmentInformationList
[INFO ] 16:12:25.300 [http-nio-7090-exec-7] c.yys.szcp.config.jwt.JwtInterceptor - 访问路径:/sys/recruitmentInformation/findRecruitmentInformationList
[INFO ] 16:12:30.232 [http-nio-7090-exec-8] c.yys.szcp.config.jwt.JwtInterceptor - 访问路径:/sys/admin/findAdminUserList
[INFO ] 16:12:30.232 [http-nio-7090-exec-8] c.yys.szcp.config.jwt.JwtInterceptor - ===== 用户未登录, 请先登录:/sys/admin/findAdminUserList
[INFO ] 16:12:30.239 [http-nio-7090-exec-9] c.yys.szcp.config.jwt.JwtInterceptor - 访问路径:/sys/admin/findAdminUserList
[INFO ] 16:12:34.929 [http-nio-7090-exec-10] c.yys.szcp.config.jwt.JwtInterceptor - 访问路径:/sys/role/findRoleAllList
[INFO ] 16:12:34.930 [http-nio-7090-exec-10] c.yys.szcp.config.jwt.JwtInterceptor - ===== 用户未登录, 请先登录:/sys/role/findRoleAllList
[INFO ] 16:12:34.935 [http-nio-7090-exec-1] c.yys.szcp.config.jwt.JwtInterceptor - 访问路径:/sys/role/findRoleAllList
[INFO ] 16:13:53.038 [http-nio-7090-exec-3] c.yys.szcp.config.jwt.JwtInterceptor - 访问路径:/sys/admin/login
[INFO ] 16:13:53.038 [http-nio-7090-exec-3] c.y.szcp.controller.AdminController - 输出info级别的日志.....
[INFO ] 16:13:57.895 [http-nio-7090-exec-4] c.yys.szcp.config.jwt.JwtInterceptor - 访问路径:/sys/admin/login
[INFO ] 16:13:57.896 [http-nio-7090-exec-4] c.y.szcp.controller.AdminController - 输出info级别的日志.....
[INFO ] 16:14:02.547 [http-nio-7090-exec-5] c.yys.szcp.config.jwt.JwtInterceptor - 访问路径:/sys/admin/login
[INFO ] 16:14:02.548 [http-nio-7090-exec-5] c.y.szcp.controller.AdminController - 输出info级别的日志.....
[INFO ] 16:14:06.329 [http-nio-7090-exec-6] c.yys.szcp.config.jwt.JwtInterceptor - 访问路径:/sys/admin/login
[INFO ] 16:14:06.330 [http-nio-7090-exec-6] c.y.szcp.controller.AdminController - 输出info级别的日志.....
[INFO ] 16:14:06.338 [http-nio-7090-exec-7] c.yys.szcp.config.jwt.JwtInterceptor - 访问路径:/sys/admin/findAdminUserInfo
[INFO ] 16:14:06.338 [http-nio-7090-exec-7] c.yys.szcp.config.jwt.JwtInterceptor - ===== 用户未登录, 请先登录:/sys/admin/findAdminUserInfo
[INFO ] 16:14:06.342 [http-nio-7090-exec-8] c.yys.szcp.config.jwt.JwtInterceptor - 访问路径:/sys/admin/findAdminUserInfo
[INFO ] 16:14:08.470 [http-nio-7090-exec-9] c.yys.szcp.config.jwt.JwtInterceptor - 访问路径:/sys/admin/findAdminUserList
[INFO ] 16:14:08.470 [http-nio-7090-exec-9] c.yys.szcp.config.jwt.JwtInterceptor - ===== 用户未登录, 请先登录:/sys/admin/findAdminUserList
[INFO ] 16:14:08.475 [http-nio-7090-exec-10] c.yys.szcp.config.jwt.JwtInterceptor - 访问路径:/sys/admin/findAdminUserList
[INFO ] 16:14:30.756 [http-nio-7090-exec-1] c.yys.szcp.config.jwt.JwtInterceptor - 访问路径:/sys/admin/login
[INFO ] 16:14:30.757 [http-nio-7090-exec-1] c.y.szcp.controller.AdminController - 输出info级别的日志.....
[INFO ] 16:14:30.766 [http-nio-7090-exec-2] c.yys.szcp.config.jwt.JwtInterceptor - 访问路径:/sys/admin/findAdminUserInfo
[INFO ] 16:14:30.766 [http-nio-7090-exec-2] c.yys.szcp.config.jwt.JwtInterceptor - ===== 用户未登录, 请先登录:/sys/admin/findAdminUserInfo
[INFO ] 16:14:30.768 [http-nio-7090-exec-3] c.yys.szcp.config.jwt.JwtInterceptor - 访问路径:/sys/admin/findAdminUserInfo
[INFO ] 16:14:33.632 [http-nio-7090-exec-4] c.yys.szcp.config.jwt.JwtInterceptor - 访问路径:/sys/recruitmentInformation/findRecruitmentInformationList
[INFO ] 16:14:33.632 [http-nio-7090-exec-4] c.yys.szcp.config.jwt.JwtInterceptor - ===== 用户未登录, 请先登录:/sys/recruitmentInformation/findRecruitmentInformationList
[INFO ] 16:14:33.634 [http-nio-7090-exec-5] c.yys.szcp.config.jwt.JwtInterceptor - 访问路径:/sys/recruitmentInformation/findRecruitmentInformationList
[INFO ] 16:14:39.362 [http-nio-7090-exec-6] c.yys.szcp.config.jwt.JwtInterceptor - 访问路径:/sys/admin/findAdminUserList
[INFO ] 16:14:39.362 [http-nio-7090-exec-6] c.yys.szcp.config.jwt.JwtInterceptor - ===== 用户未登录, 请先登录:/sys/admin/findAdminUserList
[INFO ] 16:14:39.366 [http-nio-7090-exec-7] c.yys.szcp.config.jwt.JwtInterceptor - 访问路径:/sys/admin/findAdminUserList
[INFO ] 16:14:47.353 [http-nio-7090-exec-8] c.yys.szcp.config.jwt.JwtInterceptor - 访问路径:/sys/recruitmentInformation/findRecruitmentInformationList
[INFO ] 16:29:47.070 [http-nio-7090-exec-10] c.yys.szcp.config.jwt.JwtInterceptor - 访问路径:/sys/admin/findAdminUserList
[INFO ] 16:29:59.098 [http-nio-7090-exec-1] c.yys.szcp.config.jwt.JwtInterceptor - 访问路径:/sys/admin/login
[INFO ] 16:29:59.098 [http-nio-7090-exec-1] c.y.szcp.controller.AdminController - 输出info级别的日志.....
[INFO ] 16:29:59.110 [http-nio-7090-exec-2] c.yys.szcp.config.jwt.JwtInterceptor - 访问路径:/sys/admin/findAdminUserInfo
[INFO ] 16:29:59.110 [http-nio-7090-exec-2] c.yys.szcp.config.jwt.JwtInterceptor - ===== 用户未登录, 请先登录:/sys/admin/findAdminUserInfo
[INFO ] 16:29:59.111 [http-nio-7090-exec-3] c.yys.szcp.config.jwt.JwtInterceptor - 访问路径:/sys/admin/findAdminUserInfo
[INFO ] 16:30:00.955 [http-nio-7090-exec-4] c.yys.szcp.config.jwt.JwtInterceptor - 访问路径:/sys/role/findRoleList
[INFO ] 16:30:00.955 [http-nio-7090-exec-4] c.yys.szcp.config.jwt.JwtInterceptor - ===== 用户未登录, 请先登录:/sys/role/findRoleList
[INFO ] 16:30:00.960 [http-nio-7090-exec-5] c.yys.szcp.config.jwt.JwtInterceptor - 访问路径:/sys/role/findRoleList
[INFO ] 16:40:55.982 [http-nio-7090-exec-7] c.yys.szcp.config.jwt.JwtInterceptor - 访问路径:/sys/admin/findAdminUserList
[INFO ] 16:40:55.982 [http-nio-7090-exec-7] c.yys.szcp.config.jwt.JwtInterceptor - ===== 用户未登录, 请先登录:/sys/admin/findAdminUserList
[INFO ] 16:40:55.986 [http-nio-7090-exec-8] c.yys.szcp.config.jwt.JwtInterceptor - 访问路径:/sys/admin/findAdminUserList
[INFO ] 16:41:32.249 [http-nio-7090-exec-10] c.yys.szcp.config.jwt.JwtInterceptor - 访问路径:/sys/recruitmentInformation/findRecruitmentInformationList
[INFO ] 16:41:32.249 [http-nio-7090-exec-10] c.yys.szcp.config.jwt.JwtInterceptor - ===== 用户未登录, 请先登录:/sys/recruitmentInformation/findRecruitmentInformationList
[INFO ] 16:41:32.252 [http-nio-7090-exec-1] c.yys.szcp.config.jwt.JwtInterceptor - 访问路径:/sys/recruitmentInformation/findRecruitmentInformationList
[INFO ] 16:41:34.817 [http-nio-7090-exec-2] c.yys.szcp.config.jwt.JwtInterceptor - 访问路径:/sys/role/findRoleList
[INFO ] 16:41:35.193 [http-nio-7090-exec-3] c.yys.szcp.config.jwt.JwtInterceptor - 访问路径:/sys/admin/findAdminUserList
[INFO ] 16:41:35.745 [http-nio-7090-exec-4] c.yys.szcp.config.jwt.JwtInterceptor - 访问路径:/sys/menu/findMenuByMyRoleId
[INFO ] 16:41:35.745 [http-nio-7090-exec-4] c.yys.szcp.config.jwt.JwtInterceptor - ===== 用户未登录, 请先登录:/sys/menu/findMenuByMyRoleId
[INFO ] 16:41:35.754 [http-nio-7090-exec-5] c.yys.szcp.config.jwt.JwtInterceptor - 访问路径:/sys/menu/findMenuByMyRoleId
[INFO ] 16:43:30.429 [http-nio-7090-exec-7] c.yys.szcp.config.jwt.JwtInterceptor - 访问路径:/sys/role/findRoleList
[INFO ] 16:43:31.337 [http-nio-7090-exec-8] c.yys.szcp.config.jwt.JwtInterceptor - 访问路径:/sys/admin/findAdminUserList
[INFO ] 16:43:39.526 [http-nio-7090-exec-9] c.yys.szcp.config.jwt.JwtInterceptor - 访问路径:/sys/admin/login
[INFO ] 16:43:39.527 [http-nio-7090-exec-9] c.y.szcp.controller.AdminController - 输出info级别的日志.....
[INFO ] 16:43:39.537 [http-nio-7090-exec-10] c.yys.szcp.config.jwt.JwtInterceptor - 访问路径:/sys/admin/findAdminUserInfo
[INFO ] 16:43:39.537 [http-nio-7090-exec-10] c.yys.szcp.config.jwt.JwtInterceptor - ===== 用户未登录, 请先登录:/sys/admin/findAdminUserInfo
[INFO ] 16:43:39.539 [http-nio-7090-exec-1] c.yys.szcp.config.jwt.JwtInterceptor - 访问路径:/sys/admin/findAdminUserInfo
[INFO ] 16:43:41.451 [http-nio-7090-exec-2] c.yys.szcp.config.jwt.JwtInterceptor - 访问路径:/sys/recruitmentInformation/findRecruitmentInformationList
[INFO ] 16:43:41.451 [http-nio-7090-exec-2] c.yys.szcp.config.jwt.JwtInterceptor - ===== 用户未登录, 请先登录:/sys/recruitmentInformation/findRecruitmentInformationList
[INFO ] 16:43:41.453 [http-nio-7090-exec-3] c.yys.szcp.config.jwt.JwtInterceptor - 访问路径:/sys/recruitmentInformation/findRecruitmentInformationList
[INFO ] 16:43:43.612 [http-nio-7090-exec-4] c.yys.szcp.config.jwt.JwtInterceptor - 访问路径:/sys/admin/findAdminUserList
[INFO ] 16:43:43.612 [http-nio-7090-exec-4] c.yys.szcp.config.jwt.JwtInterceptor - ===== 用户未登录, 请先登录:/sys/admin/findAdminUserList
[INFO ] 16:43:43.614 [http-nio-7090-exec-5] c.yys.szcp.config.jwt.JwtInterceptor - 访问路径:/sys/admin/findAdminUserList
[INFO ] 16:43:46.786 [http-nio-7090-exec-6] c.yys.szcp.config.jwt.JwtInterceptor - 访问路径:/sys/recruitmentInformation/findRecruitmentInformationList
[INFO ] 16:43:49.440 [http-nio-7090-exec-7] c.yys.szcp.config.jwt.JwtInterceptor - 访问路径:/sys/admin/findAdminUserList
[INFO ] 16:43:54.251 [http-nio-7090-exec-8] c.yys.szcp.config.jwt.JwtInterceptor - 访问路径:/sys/role/findRoleAllList
[INFO ] 16:43:54.251 [http-nio-7090-exec-8] c.yys.szcp.config.jwt.JwtInterceptor - ===== 用户未登录, 请先登录:/sys/role/findRoleAllList
[INFO ] 16:43:54.252 [http-nio-7090-exec-9] c.yys.szcp.config.jwt.JwtInterceptor - 访问路径:/sys/role/findRoleAllList
[INFO ] 16:44:06.184 [http-nio-7090-exec-10] c.yys.szcp.config.jwt.JwtInterceptor - 访问路径:/sys/role/findRoleAllList
[INFO ] 16:44:12.551 [http-nio-7090-exec-1] c.yys.szcp.config.jwt.JwtInterceptor - 访问路径:/sys/role/findRoleAllList
[INFO ] 16:44:23.545 [http-nio-7090-exec-2] c.yys.szcp.config.jwt.JwtInterceptor - 访问路径:/sys/admin/login
[INFO ] 16:44:23.546 [http-nio-7090-exec-2] c.y.szcp.controller.AdminController - 输出info级别的日志.....
[INFO ] 16:44:23.555 [http-nio-7090-exec-3] c.yys.szcp.config.jwt.JwtInterceptor - 访问路径:/sys/admin/findAdminUserInfo
[INFO ] 16:44:23.555 [http-nio-7090-exec-3] c.yys.szcp.config.jwt.JwtInterceptor - ===== 用户未登录, 请先登录:/sys/admin/findAdminUserInfo
[INFO ] 16:44:23.557 [http-nio-7090-exec-4] c.yys.szcp.config.jwt.JwtInterceptor - 访问路径:/sys/admin/findAdminUserInfo
[INFO ] 16:44:25.681 [http-nio-7090-exec-5] c.yys.szcp.config.jwt.JwtInterceptor - 访问路径:/sys/role/findRoleList
[INFO ] 16:44:25.681 [http-nio-7090-exec-5] c.yys.szcp.config.jwt.JwtInterceptor - ===== 用户未登录, 请先登录:/sys/role/findRoleList
[INFO ] 16:44:25.687 [http-nio-7090-exec-6] c.yys.szcp.config.jwt.JwtInterceptor - 访问路径:/sys/role/findRoleList
[INFO ] 16:44:37.685 [http-nio-7090-exec-7] c.yys.szcp.config.jwt.JwtInterceptor - 访问路径:/sys/menu/findMenuByRoleId
[INFO ] 16:44:37.685 [http-nio-7090-exec-7] c.yys.szcp.config.jwt.JwtInterceptor - ===== 用户未登录, 请先登录:/sys/menu/findMenuByRoleId
[INFO ] 16:44:37.687 [http-nio-7090-exec-8] c.yys.szcp.config.jwt.JwtInterceptor - 访问路径:/sys/menu/findMenuByRoleId
[INFO ] 16:45:01.804 [http-nio-7090-exec-10] c.yys.szcp.config.jwt.JwtInterceptor - 访问路径:/sys/menu/findMenuByRoleId
[INFO ] 16:45:01.804 [http-nio-7090-exec-10] c.yys.szcp.config.jwt.JwtInterceptor - ===== 用户未登录, 请先登录:/sys/menu/findMenuByRoleId
[INFO ] 16:45:01.810 [http-nio-7090-exec-1] c.yys.szcp.config.jwt.JwtInterceptor - 访问路径:/sys/menu/findMenuByRoleId
[INFO ] 16:45:08.460 [http-nio-7090-exec-2] c.yys.szcp.config.jwt.JwtInterceptor - 访问路径:/sys/menu/findMenuByRoleId
[INFO ] 16:45:20.925 [http-nio-7090-exec-3] c.yys.szcp.config.jwt.JwtInterceptor - 访问路径:/sys/menu/addOrEditRoleMenuByIdArray
[INFO ] 16:45:20.925 [http-nio-7090-exec-3] c.yys.szcp.config.jwt.JwtInterceptor - ===== 用户未登录, 请先登录:/sys/menu/addOrEditRoleMenuByIdArray
[INFO ] 16:45:20.927 [http-nio-7090-exec-4] c.yys.szcp.config.jwt.JwtInterceptor - 访问路径:/sys/menu/addOrEditRoleMenuByIdArray
[INFO ] 16:45:33.729 [http-nio-7090-exec-5] c.yys.szcp.config.jwt.JwtInterceptor - 访问路径:/sys/admin/login
[INFO ] 16:45:33.729 [http-nio-7090-exec-5] c.y.szcp.controller.AdminController - 输出info级别的日志.....
[INFO ] 16:45:33.745 [http-nio-7090-exec-6] c.yys.szcp.config.jwt.JwtInterceptor - 访问路径:/sys/admin/findAdminUserInfo
[INFO ] 16:45:33.745 [http-nio-7090-exec-6] c.yys.szcp.config.jwt.JwtInterceptor - ===== 用户未登录, 请先登录:/sys/admin/findAdminUserInfo
[INFO ] 16:45:33.746 [http-nio-7090-exec-7] c.yys.szcp.config.jwt.JwtInterceptor - 访问路径:/sys/admin/findAdminUserInfo
[INFO ] 16:45:36.984 [http-nio-7090-exec-8] c.yys.szcp.config.jwt.JwtInterceptor - 访问路径:/sys/admin/findAdminUserList
[INFO ] 16:45:36.984 [http-nio-7090-exec-8] c.yys.szcp.config.jwt.JwtInterceptor - ===== 用户未登录, 请先登录:/sys/admin/findAdminUserList
[INFO ] 16:45:36.990 [http-nio-7090-exec-9] c.yys.szcp.config.jwt.JwtInterceptor - 访问路径:/sys/admin/findAdminUserList
[INFO ] 16:45:42.649 [http-nio-7090-exec-10] c.yys.szcp.config.jwt.JwtInterceptor - 访问路径:/sys/role/findRoleAllList
[INFO ] 16:45:42.649 [http-nio-7090-exec-10] c.yys.szcp.config.jwt.JwtInterceptor - ===== 用户未登录, 请先登录:/sys/role/findRoleAllList
[INFO ] 16:45:42.650 [http-nio-7090-exec-1] c.yys.szcp.config.jwt.JwtInterceptor - 访问路径:/sys/role/findRoleAllList
[INFO ] 16:45:49.661 [http-nio-7090-exec-2] c.yys.szcp.config.jwt.JwtInterceptor - 访问路径:/sys/role/findRoleAllList
[INFO ] 16:46:24.493 [http-nio-7090-exec-3] c.yys.szcp.config.jwt.JwtInterceptor - 访问路径:/sys/admin/login
[INFO ] 16:46:24.493 [http-nio-7090-exec-3] c.y.szcp.controller.AdminController - 输出info级别的日志.....
[INFO ] 16:46:24.506 [http-nio-7090-exec-4] c.yys.szcp.config.jwt.JwtInterceptor - 访问路径:/sys/admin/findAdminUserInfo
[INFO ] 16:46:24.506 [http-nio-7090-exec-4] c.yys.szcp.config.jwt.JwtInterceptor - ===== 用户未登录, 请先登录:/sys/admin/findAdminUserInfo
[INFO ] 16:46:24.509 [http-nio-7090-exec-5] c.yys.szcp.config.jwt.JwtInterceptor - 访问路径:/sys/admin/findAdminUserInfo
[INFO ] 16:46:26.653 [http-nio-7090-exec-6] c.yys.szcp.config.jwt.JwtInterceptor - 访问路径:/sys/admin/findAdminUserList
[INFO ] 16:46:26.653 [http-nio-7090-exec-6] c.yys.szcp.config.jwt.JwtInterceptor - ===== 用户未登录, 请先登录:/sys/admin/findAdminUserList
[INFO ] 16:46:26.660 [http-nio-7090-exec-7] c.yys.szcp.config.jwt.JwtInterceptor - 访问路径:/sys/admin/findAdminUserList
[INFO ] 16:47:16.569 [http-nio-7090-exec-8] c.yys.szcp.config.jwt.JwtInterceptor - 访问路径:/sys/admin/findAdminUserList
[INFO ] 16:49:17.133 [http-nio-7090-exec-10] c.yys.szcp.config.jwt.JwtInterceptor - 访问路径:/sys/role/findRoleAllList
[INFO ] 16:49:17.133 [http-nio-7090-exec-10] c.yys.szcp.config.jwt.JwtInterceptor - ===== 用户未登录, 请先登录:/sys/role/findRoleAllList
[INFO ] 16:49:17.135 [http-nio-7090-exec-1] c.yys.szcp.config.jwt.JwtInterceptor - 访问路径:/sys/role/findRoleAllList
[INFO ] 16:51:05.408 [http-nio-7090-exec-3] c.yys.szcp.config.jwt.JwtInterceptor - 访问路径:/sys/admin/login
[INFO ] 16:51:05.409 [http-nio-7090-exec-3] c.y.szcp.controller.AdminController - 输出info级别的日志.....
[INFO ] 16:51:05.440 [http-nio-7090-exec-4] c.yys.szcp.config.jwt.JwtInterceptor - 访问路径:/sys/admin/findAdminUserInfo
[INFO ] 16:51:05.440 [http-nio-7090-exec-4] c.yys.szcp.config.jwt.JwtInterceptor - ===== 用户未登录, 请先登录:/sys/admin/findAdminUserInfo
[INFO ] 16:51:05.443 [http-nio-7090-exec-5] c.yys.szcp.config.jwt.JwtInterceptor - 访问路径:/sys/admin/findAdminUserInfo
[INFO ] 16:51:08.748 [http-nio-7090-exec-6] c.yys.szcp.config.jwt.JwtInterceptor - 访问路径:/sys/recruitmentInformation/findRecruitmentInformationList
[INFO ] 16:51:08.748 [http-nio-7090-exec-6] c.yys.szcp.config.jwt.JwtInterceptor - ===== 用户未登录, 请先登录:/sys/recruitmentInformation/findRecruitmentInformationList
[INFO ] 16:51:08.751 [http-nio-7090-exec-7] c.yys.szcp.config.jwt.JwtInterceptor - 访问路径:/sys/recruitmentInformation/findRecruitmentInformationList
[INFO ] 16:51:12.459 [http-nio-7090-exec-8] c.yys.szcp.config.jwt.JwtInterceptor - 访问路径:/sys/admin/findAdminUserList
[INFO ] 16:51:12.459 [http-nio-7090-exec-8] c.yys.szcp.config.jwt.JwtInterceptor - ===== 用户未登录, 请先登录:/sys/admin/findAdminUserList
[INFO ] 16:51:12.466 [http-nio-7090-exec-9] c.yys.szcp.config.jwt.JwtInterceptor - 访问路径:/sys/admin/findAdminUserList
[INFO ] 16:51:16.426 [http-nio-7090-exec-10] c.yys.szcp.config.jwt.JwtInterceptor - 访问路径:/sys/role/findRoleAllList
[INFO ] 16:51:16.426 [http-nio-7090-exec-10] c.yys.szcp.config.jwt.JwtInterceptor - ===== 用户未登录, 请先登录:/sys/role/findRoleAllList
[INFO ] 16:51:16.430 [http-nio-7090-exec-1] c.yys.szcp.config.jwt.JwtInterceptor - 访问路径:/sys/role/findRoleAllList
[INFO ] 16:51:53.089 [http-nio-7090-exec-2] c.yys.szcp.config.jwt.JwtInterceptor - 访问路径:/sys/admin/login
[INFO ] 16:51:53.090 [http-nio-7090-exec-2] c.y.szcp.controller.AdminController - 输出info级别的日志.....
[INFO ] 16:51:53.097 [http-nio-7090-exec-3] c.yys.szcp.config.jwt.JwtInterceptor - 访问路径:/sys/admin/findAdminUserInfo
[INFO ] 16:51:53.097 [http-nio-7090-exec-3] c.yys.szcp.config.jwt.JwtInterceptor - ===== 用户未登录, 请先登录:/sys/admin/findAdminUserInfo
[INFO ] 16:51:53.101 [http-nio-7090-exec-4] c.yys.szcp.config.jwt.JwtInterceptor - 访问路径:/sys/admin/findAdminUserInfo
[INFO ] 16:51:55.218 [http-nio-7090-exec-5] c.yys.szcp.config.jwt.JwtInterceptor - 访问路径:/sys/admin/findAdminUserList
[INFO ] 16:51:55.218 [http-nio-7090-exec-5] c.yys.szcp.config.jwt.JwtInterceptor - ===== 用户未登录, 请先登录:/sys/admin/findAdminUserList
[INFO ] 16:51:55.227 [http-nio-7090-exec-6] c.yys.szcp.config.jwt.JwtInterceptor - 访问路径:/sys/admin/findAdminUserList
[INFO ] 16:51:56.441 [http-nio-7090-exec-7] c.yys.szcp.config.jwt.JwtInterceptor - 访问路径:/sys/recruitmentInformation/findRecruitmentInformationList
[INFO ] 16:51:56.441 [http-nio-7090-exec-7] c.yys.szcp.config.jwt.JwtInterceptor - ===== 用户未登录, 请先登录:/sys/recruitmentInformation/findRecruitmentInformationList
[INFO ] 16:51:56.445 [http-nio-7090-exec-8] c.yys.szcp.config.jwt.JwtInterceptor - 访问路径:/sys/recruitmentInformation/findRecruitmentInformationList
[INFO ] 16:58:38.155 [http-nio-7090-exec-1] c.yys.szcp.config.jwt.JwtInterceptor - 访问路径:/sys/admin/findAdminUserList
[INFO ] 16:58:40.649 [http-nio-7090-exec-2] c.yys.szcp.config.jwt.JwtInterceptor - 访问路径:/sys/role/findRoleAllList
[INFO ] 16:58:40.649 [http-nio-7090-exec-2] c.yys.szcp.config.jwt.JwtInterceptor - ===== 用户未登录, 请先登录:/sys/role/findRoleAllList
[INFO ] 16:58:40.655 [http-nio-7090-exec-3] c.yys.szcp.config.jwt.JwtInterceptor - 访问路径:/sys/role/findRoleAllList
[INFO ] 18:33:31.515 [http-nio-7090-exec-5] c.yys.szcp.config.jwt.JwtInterceptor - 访问路径:/sys/role/findRoleAllList
[INFO ] 18:33:31.516 [http-nio-7090-exec-5] c.yys.szcp.config.jwt.JwtInterceptor - ===== 用户未登录, 请先登录:/sys/role/findRoleAllList
[INFO ] 18:33:31.524 [http-nio-7090-exec-6] c.yys.szcp.config.jwt.JwtInterceptor - 访问路径:/sys/role/findRoleAllList
[INFO ] 18:41:39.759 [http-nio-7090-exec-9] c.yys.szcp.config.jwt.JwtInterceptor - 访问路径:/sys/admin/login
[INFO ] 18:41:39.759 [http-nio-7090-exec-9] c.yys.szcp.config.jwt.JwtInterceptor - ===== 用户未登录, 请先登录:/sys/admin/login
[INFO ] 18:41:39.765 [http-nio-7090-exec-10] c.yys.szcp.config.jwt.JwtInterceptor - 访问路径:/sys/admin/login
[INFO ] 18:41:39.769 [http-nio-7090-exec-10] c.y.szcp.controller.AdminController - 输出info级别的日志.....
[INFO ] 18:41:39.858 [http-nio-7090-exec-1] c.yys.szcp.config.jwt.JwtInterceptor - 访问路径:/sys/admin/findAdminUserInfo
[INFO ] 18:41:39.858 [http-nio-7090-exec-1] c.yys.szcp.config.jwt.JwtInterceptor - ===== 用户未登录, 请先登录:/sys/admin/findAdminUserInfo
[INFO ] 18:41:39.860 [http-nio-7090-exec-2] c.yys.szcp.config.jwt.JwtInterceptor - 访问路径:/sys/admin/findAdminUserInfo
[INFO ] 18:41:43.005 [http-nio-7090-exec-3] c.yys.szcp.config.jwt.JwtInterceptor - 访问路径:/sys/admin/findAdminUserList
[INFO ] 18:41:43.005 [http-nio-7090-exec-3] c.yys.szcp.config.jwt.JwtInterceptor - ===== 用户未登录, 请先登录:/sys/admin/findAdminUserList
[INFO ] 18:41:43.011 [http-nio-7090-exec-4] c.yys.szcp.config.jwt.JwtInterceptor - 访问路径:/sys/admin/findAdminUserList
[INFO ] 18:41:48.753 [http-nio-7090-exec-5] c.yys.szcp.config.jwt.JwtInterceptor - 访问路径:/sys/admin/findAdminUserList
[INFO ] 18:42:15.677 [http-nio-7090-exec-6] c.yys.szcp.config.jwt.JwtInterceptor - 访问路径:/sys/admin/login
[INFO ] 18:42:15.678 [http-nio-7090-exec-6] c.y.szcp.controller.AdminController - 输出info级别的日志.....
[INFO ] 18:42:15.703 [http-nio-7090-exec-8] c.yys.szcp.config.jwt.JwtInterceptor - 访问路径:/sys/admin/findAdminUserInfo
[INFO ] 18:42:15.703 [http-nio-7090-exec-8] c.yys.szcp.config.jwt.JwtInterceptor - ===== 用户未登录, 请先登录:/sys/admin/findAdminUserInfo
[INFO ] 18:42:15.706 [http-nio-7090-exec-7] c.yys.szcp.config.jwt.JwtInterceptor - 访问路径:/sys/admin/findAdminUserInfo
[INFO ] 18:42:18.281 [http-nio-7090-exec-9] c.yys.szcp.config.jwt.JwtInterceptor - 访问路径:/sys/recruitmentInformation/findRecruitmentInformationList
[INFO ] 18:42:18.281 [http-nio-7090-exec-9] c.yys.szcp.config.jwt.JwtInterceptor - ===== 用户未登录, 请先登录:/sys/recruitmentInformation/findRecruitmentInformationList
[INFO ] 18:42:18.285 [http-nio-7090-exec-10] c.yys.szcp.config.jwt.JwtInterceptor - 访问路径:/sys/recruitmentInformation/findRecruitmentInformationList
[INFO ] 18:44:01.552 [http-nio-7090-exec-3] c.yys.szcp.config.jwt.JwtInterceptor - 访问路径:/sys/admin/findAdminUserList
[INFO ] 18:44:01.552 [http-nio-7090-exec-3] c.yys.szcp.config.jwt.JwtInterceptor - ===== 用户未登录, 请先登录:/sys/admin/findAdminUserList
[INFO ] 18:44:01.560 [http-nio-7090-exec-4] c.yys.szcp.config.jwt.JwtInterceptor - 访问路径:/sys/admin/findAdminUserList
[INFO ] 18:46:22.632 [http-nio-7090-exec-8] c.yys.szcp.config.jwt.JwtInterceptor - 访问路径:/sys/admin/login
[INFO ] 18:46:22.634 [http-nio-7090-exec-8] c.y.szcp.controller.AdminController - 输出info级别的日志.....
[INFO ] 18:46:22.673 [http-nio-7090-exec-7] c.yys.szcp.config.jwt.JwtInterceptor - 访问路径:/sys/admin/findAdminUserInfo
[INFO ] 18:46:22.673 [http-nio-7090-exec-7] c.yys.szcp.config.jwt.JwtInterceptor - ===== 用户未登录, 请先登录:/sys/admin/findAdminUserInfo
[INFO ] 18:46:22.678 [http-nio-7090-exec-9] c.yys.szcp.config.jwt.JwtInterceptor - 访问路径:/sys/admin/findAdminUserInfo
[INFO ] 18:47:03.325 [http-nio-7090-exec-10] c.yys.szcp.config.jwt.JwtInterceptor - 访问路径:/sys/admin/findAdminUserList
[INFO ] 18:47:03.325 [http-nio-7090-exec-10] c.yys.szcp.config.jwt.JwtInterceptor - ===== 用户未登录, 请先登录:/sys/admin/findAdminUserList
[INFO ] 18:47:03.417 [http-nio-7090-exec-1] c.yys.szcp.config.jwt.JwtInterceptor - 访问路径:/sys/admin/findAdminUserList
