[INFO ] 18:31:11.403 [main] com.yys.szcp.SzcpApplication - Starting SzcpApplication on PC-202307121658 with PID 24164 (D:\Company\Hammer\New\RecruitmentSystem\szcp\target\classes started by Administrator in D:\Company\Hammer\New\RecruitmentSystem\szcp)
[INFO ] 18:31:11.404 [main] com.yys.szcp.SzcpApplication - The following profiles are active: dev
[INFO ] 18:31:11.939 [main] o.s.d.r.c.RepositoryConfigurationDelegate - Multiple Spring Data modules found, entering strict repository configuration mode!
[INFO ] 18:31:11.941 [main] o.s.d.r.c.RepositoryConfigurationDelegate - Bootstrapping Spring Data Redis repositories in DEFAULT mode.
[INFO ] 18:31:11.961 [main] o.s.d.r.c.RepositoryConfigurationDelegate - Finished Spring Data repository scanning in 10ms. Found 0 Redis repository interfaces.
[INFO ] 18:31:12.130 [main] o.s.c.s.PostProcessorRegistrationDelegate$BeanPostProcessorChecker - Bean 'org.springframework.transaction.annotation.ProxyTransactionManagementConfiguration' of type [org.springframework.transaction.annotation.ProxyTransactionManagementConfiguration] is not eligible for getting processed by all BeanPostProcessors (for example: not eligible for auto-proxying)
[INFO ] 18:31:12.264 [main] o.s.b.w.e.tomcat.TomcatWebServer - Tomcat initialized with port(s): 7090 (http)
[INFO ] 18:31:12.270 [main] o.a.coyote.http11.Http11NioProtocol - Initializing ProtocolHandler ["http-nio-7090"]
[INFO ] 18:31:12.270 [main] o.a.catalina.core.StandardService - Starting service [Tomcat]
[INFO ] 18:31:12.270 [main] o.a.catalina.core.StandardEngine - Starting Servlet engine: [Apache Tomcat/9.0.30]
[INFO ] 18:31:12.325 [main] o.a.c.c.C.[Tomcat].[localhost].[/] - Initializing Spring embedded WebApplicationContext
[INFO ] 18:31:12.325 [main] o.s.web.context.ContextLoader - Root WebApplicationContext: initialization completed in 896 ms
[INFO ] 18:31:12.353 [main] o.s.b.web.servlet.RegistrationBean - Servlet statViewServlet was not registered (possibly already registered?)
[INFO ] 18:31:12.355 [main] o.s.b.web.servlet.RegistrationBean - Filter webStatFilter was not registered (possibly already registered?)
[INFO ] 18:31:12.581 [main] c.alibaba.druid.pool.DruidDataSource - {dataSource-1} inited
[INFO ] 18:31:12.847 [main] s.d.s.w.PropertySourcedRequestMappingHandlerMapping - Mapped URL path [/v2/api-docs] onto method [springfox.documentation.swagger2.web.Swagger2Controller#getDocumentation(String, HttpServletRequest)]
[INFO ] 18:31:13.022 [main] o.s.s.c.ThreadPoolTaskExecutor - Initializing ExecutorService 'applicationTaskExecutor'
[INFO ] 18:31:13.147 [main] o.s.s.c.ThreadPoolTaskScheduler - Initializing ExecutorService 'taskScheduler'
[INFO ] 18:31:13.173 [main] s.d.s.w.p.DocumentationPluginsBootstrapper - Context refreshed
[INFO ] 18:31:13.185 [main] s.d.s.w.p.DocumentationPluginsBootstrapper - Found 1 custom documentation plugin(s)
[INFO ] 18:31:13.205 [main] s.d.s.w.s.ApiListingReferenceScanner - Scanning for api listing references
[INFO ] 18:31:13.353 [main] o.a.coyote.http11.Http11NioProtocol - Starting ProtocolHandler ["http-nio-7090"]
[INFO ] 18:31:13.365 [main] o.s.b.w.e.tomcat.TomcatWebServer - Tomcat started on port(s): 7090 (http) with context path ''
[INFO ] 18:31:13.367 [main] com.yys.szcp.SzcpApplication - Started SzcpApplication in 2.196 seconds (JVM running for 2.833)
[INFO ] 18:31:24.633 [http-nio-7090-exec-1] o.a.c.c.C.[Tomcat].[localhost].[/] - Initializing Spring DispatcherServlet 'dispatcherServlet'
[INFO ] 18:31:24.633 [http-nio-7090-exec-1] o.s.web.servlet.DispatcherServlet - Initializing Servlet 'dispatcherServlet'
[INFO ] 18:31:24.636 [http-nio-7090-exec-1] o.s.web.servlet.DispatcherServlet - Completed initialization in 3 ms
[INFO ] 18:31:24.645 [http-nio-7090-exec-1] c.yys.szcp.config.jwt.JwtInterceptor - 访问路径:/sys/admin/findAdminUserInfo
[INFO ] 18:31:24.647 [http-nio-7090-exec-1] c.yys.szcp.config.jwt.JwtInterceptor - ===== 用户未登录, 请先登录:/sys/admin/findAdminUserInfo
[INFO ] 18:31:24.677 [http-nio-7090-exec-2] c.yys.szcp.config.jwt.JwtInterceptor - 访问路径:/sys/admin/findAdminUserInfo
[INFO ] 18:31:24.677 [http-nio-7090-exec-2] c.yys.szcp.config.jwt.JwtInterceptor - ===== token格式异常 =====
[INFO ] 18:31:39.215 [http-nio-7090-exec-3] c.yys.szcp.config.jwt.JwtInterceptor - 访问路径:/sys/admin/findAdminUserInfo
[INFO ] 18:31:39.215 [http-nio-7090-exec-3] c.yys.szcp.config.jwt.JwtInterceptor - ===== token格式异常 =====
[INFO ] 18:31:57.543 [http-nio-7090-exec-6] c.yys.szcp.config.jwt.JwtInterceptor - 访问路径:/sys/admin/findAdminUserInfo
[INFO ] 18:31:57.543 [http-nio-7090-exec-6] c.yys.szcp.config.jwt.JwtInterceptor - ===== token格式异常 =====
[INFO ] 18:33:12.442 [http-nio-7090-exec-7] c.yys.szcp.config.jwt.JwtInterceptor - 访问路径:/sys/admin/findAdminUserInfo
[INFO ] 18:33:12.442 [http-nio-7090-exec-7] c.yys.szcp.config.jwt.JwtInterceptor - ===== 用户未登录, 请先登录:/sys/admin/findAdminUserInfo
[INFO ] 18:33:12.446 [http-nio-7090-exec-9] c.yys.szcp.config.jwt.JwtInterceptor - 访问路径:/sys/admin/findAdminUserInfo
[INFO ] 18:33:12.446 [http-nio-7090-exec-9] c.yys.szcp.config.jwt.JwtInterceptor - ===== token格式异常 =====
[INFO ] 18:34:41.462 [http-nio-7090-exec-10] c.yys.szcp.config.jwt.JwtInterceptor - 访问路径:/sys/admin/login
[INFO ] 18:34:41.462 [http-nio-7090-exec-10] c.yys.szcp.config.jwt.JwtInterceptor - ===== 用户未登录, 请先登录:/sys/admin/login
[INFO ] 18:34:41.465 [http-nio-7090-exec-1] c.yys.szcp.config.jwt.JwtInterceptor - 访问路径:/sys/admin/login
[INFO ] 18:34:41.478 [http-nio-7090-exec-1] c.y.szcp.controller.AdminController - 输出info级别的日志.....
[INFO ] 18:34:41.996 [http-nio-7090-exec-2] c.yys.szcp.config.jwt.JwtInterceptor - 访问路径:/sys/admin/findAdminUserInfo
[INFO ] 18:34:41.996 [http-nio-7090-exec-2] c.yys.szcp.config.jwt.JwtInterceptor - ===== 用户未登录, 请先登录:/sys/admin/findAdminUserInfo
[INFO ] 18:34:41.998 [http-nio-7090-exec-3] c.yys.szcp.config.jwt.JwtInterceptor - 访问路径:/sys/admin/findAdminUserInfo
[INFO ] 18:36:21.679 [http-nio-7090-exec-5] c.yys.szcp.config.jwt.JwtInterceptor - 访问路径:/sys/recruitmentInformation/findRecruitmentInformationList
[INFO ] 18:36:21.679 [http-nio-7090-exec-5] c.yys.szcp.config.jwt.JwtInterceptor - ===== 用户未登录, 请先登录:/sys/recruitmentInformation/findRecruitmentInformationList
[INFO ] 18:36:21.689 [http-nio-7090-exec-4] c.yys.szcp.config.jwt.JwtInterceptor - 访问路径:/sys/recruitmentInformation/findRecruitmentInformationList
[INFO ] 18:36:24.786 [http-nio-7090-exec-7] c.yys.szcp.config.jwt.JwtInterceptor - 访问路径:/sys/admin/findAdminUserList
[INFO ] 18:36:24.786 [http-nio-7090-exec-7] c.yys.szcp.config.jwt.JwtInterceptor - ===== 用户未登录, 请先登录:/sys/admin/findAdminUserList
[INFO ] 18:36:24.789 [http-nio-7090-exec-9] c.yys.szcp.config.jwt.JwtInterceptor - 访问路径:/sys/admin/findAdminUserList
[INFO ] 18:36:25.537 [http-nio-7090-exec-8] c.yys.szcp.config.jwt.JwtInterceptor - 访问路径:/sys/menu/findMenuByMyRoleId
[INFO ] 18:36:25.537 [http-nio-7090-exec-8] c.yys.szcp.config.jwt.JwtInterceptor - ===== 用户未登录, 请先登录:/sys/menu/findMenuByMyRoleId
[INFO ] 18:36:25.539 [http-nio-7090-exec-10] c.yys.szcp.config.jwt.JwtInterceptor - 访问路径:/sys/menu/findMenuByMyRoleId
[INFO ] 18:36:26.281 [http-nio-7090-exec-1] c.yys.szcp.config.jwt.JwtInterceptor - 访问路径:/sys/role/findRoleList
[INFO ] 18:36:26.282 [http-nio-7090-exec-1] c.yys.szcp.config.jwt.JwtInterceptor - ===== 用户未登录, 请先登录:/sys/role/findRoleList
[INFO ] 18:36:26.284 [http-nio-7090-exec-2] c.yys.szcp.config.jwt.JwtInterceptor - 访问路径:/sys/role/findRoleList
[INFO ] 18:36:29.833 [http-nio-7090-exec-3] c.yys.szcp.config.jwt.JwtInterceptor - 访问路径:/sys/recruitmentInformation/findRecruitmentInformationList
[INFO ] 18:37:33.426 [http-nio-7090-exec-5] c.yys.szcp.config.jwt.JwtInterceptor - 访问路径:/sys/admin/login
[INFO ] 18:37:33.426 [http-nio-7090-exec-5] c.y.szcp.controller.AdminController - 输出info级别的日志.....
[INFO ] 18:37:36.539 [http-nio-7090-exec-4] c.yys.szcp.config.jwt.JwtInterceptor - 访问路径:/sys/admin/login
[INFO ] 18:37:36.539 [http-nio-7090-exec-4] c.y.szcp.controller.AdminController - 输出info级别的日志.....
[INFO ] 18:37:44.075 [http-nio-7090-exec-7] c.yys.szcp.config.jwt.JwtInterceptor - 访问路径:/sys/admin/login
[INFO ] 18:37:44.075 [http-nio-7090-exec-7] c.y.szcp.controller.AdminController - 输出info级别的日志.....
[INFO ] 18:37:44.083 [http-nio-7090-exec-9] c.yys.szcp.config.jwt.JwtInterceptor - 访问路径:/sys/admin/findAdminUserInfo
[INFO ] 18:37:44.084 [http-nio-7090-exec-9] c.yys.szcp.config.jwt.JwtInterceptor - ===== 用户未登录, 请先登录:/sys/admin/findAdminUserInfo
[INFO ] 18:37:44.087 [http-nio-7090-exec-8] c.yys.szcp.config.jwt.JwtInterceptor - 访问路径:/sys/admin/findAdminUserInfo
[INFO ] 18:37:46.646 [http-nio-7090-exec-10] c.yys.szcp.config.jwt.JwtInterceptor - 访问路径:/sys/role/findRoleList
[INFO ] 18:37:46.646 [http-nio-7090-exec-10] c.yys.szcp.config.jwt.JwtInterceptor - ===== 用户未登录, 请先登录:/sys/role/findRoleList
[INFO ] 18:37:46.651 [http-nio-7090-exec-1] c.yys.szcp.config.jwt.JwtInterceptor - 访问路径:/sys/role/findRoleList
[INFO ] 18:37:47.343 [http-nio-7090-exec-2] c.yys.szcp.config.jwt.JwtInterceptor - 访问路径:/sys/admin/findAdminUserList
[INFO ] 18:37:47.343 [http-nio-7090-exec-2] c.yys.szcp.config.jwt.JwtInterceptor - ===== 用户未登录, 请先登录:/sys/admin/findAdminUserList
[INFO ] 18:37:47.345 [http-nio-7090-exec-3] c.yys.szcp.config.jwt.JwtInterceptor - 访问路径:/sys/admin/findAdminUserList
[INFO ] 18:37:57.471 [http-nio-7090-exec-6] c.yys.szcp.config.jwt.JwtInterceptor - 访问路径:/sys/admin/editPasswordAdminUser
[INFO ] 18:37:57.471 [http-nio-7090-exec-6] c.yys.szcp.config.jwt.JwtInterceptor - ===== 用户未登录, 请先登录:/sys/admin/editPasswordAdminUser
[INFO ] 18:37:57.473 [http-nio-7090-exec-5] c.yys.szcp.config.jwt.JwtInterceptor - 访问路径:/sys/admin/editPasswordAdminUser
[INFO ] 18:37:57.492 [http-nio-7090-exec-4] c.yys.szcp.config.jwt.JwtInterceptor - 访问路径:/sys/admin/findAdminUserList
[INFO ] 18:38:12.952 [http-nio-7090-exec-7] c.yys.szcp.config.jwt.JwtInterceptor - 访问路径:/sys/admin/login
[INFO ] 18:38:12.952 [http-nio-7090-exec-7] c.y.szcp.controller.AdminController - 输出info级别的日志.....
[INFO ] 18:38:17.159 [http-nio-7090-exec-9] c.yys.szcp.config.jwt.JwtInterceptor - 访问路径:/sys/admin/login
[INFO ] 18:38:17.159 [http-nio-7090-exec-9] c.y.szcp.controller.AdminController - 输出info级别的日志.....
[INFO ] 18:38:17.166 [http-nio-7090-exec-8] c.yys.szcp.config.jwt.JwtInterceptor - 访问路径:/sys/admin/findAdminUserInfo
[INFO ] 18:38:17.166 [http-nio-7090-exec-8] c.yys.szcp.config.jwt.JwtInterceptor - ===== 用户未登录, 请先登录:/sys/admin/findAdminUserInfo
[INFO ] 18:38:17.168 [http-nio-7090-exec-10] c.yys.szcp.config.jwt.JwtInterceptor - 访问路径:/sys/admin/findAdminUserInfo
[INFO ] 18:38:18.860 [http-nio-7090-exec-1] c.yys.szcp.config.jwt.JwtInterceptor - 访问路径:/sys/recruitmentInformation/findRecruitmentInformationList
[INFO ] 18:38:18.860 [http-nio-7090-exec-1] c.yys.szcp.config.jwt.JwtInterceptor - ===== 用户未登录, 请先登录:/sys/recruitmentInformation/findRecruitmentInformationList
[INFO ] 18:38:18.864 [http-nio-7090-exec-2] c.yys.szcp.config.jwt.JwtInterceptor - 访问路径:/sys/recruitmentInformation/findRecruitmentInformationList
[INFO ] 18:38:22.744 [http-nio-7090-exec-3] c.yys.szcp.config.jwt.JwtInterceptor - 访问路径:/sys/admin/findAdminUserList
[INFO ] 18:38:22.744 [http-nio-7090-exec-3] c.yys.szcp.config.jwt.JwtInterceptor - ===== 用户未登录, 请先登录:/sys/admin/findAdminUserList
[INFO ] 18:38:22.746 [http-nio-7090-exec-6] c.yys.szcp.config.jwt.JwtInterceptor - 访问路径:/sys/admin/findAdminUserList
[INFO ] 18:38:23.933 [http-nio-7090-exec-5] c.yys.szcp.config.jwt.JwtInterceptor - 访问路径:/sys/recruitmentInformation/findRecruitmentInformationList
[INFO ] 18:38:25.847 [http-nio-7090-exec-4] c.yys.szcp.config.jwt.JwtInterceptor - 访问路径:/sys/recruitmentInformation/findRecruitmentInformationList
[INFO ] 18:38:57.556 [http-nio-7090-exec-7] c.yys.szcp.config.jwt.JwtInterceptor - 访问路径:/sys/admin/login
[INFO ] 18:38:57.557 [http-nio-7090-exec-7] c.y.szcp.controller.AdminController - 输出info级别的日志.....
[INFO ] 18:38:57.568 [http-nio-7090-exec-9] c.yys.szcp.config.jwt.JwtInterceptor - 访问路径:/sys/admin/findAdminUserInfo
[INFO ] 18:38:57.568 [http-nio-7090-exec-9] c.yys.szcp.config.jwt.JwtInterceptor - ===== 用户未登录, 请先登录:/sys/admin/findAdminUserInfo
[INFO ] 18:38:57.572 [http-nio-7090-exec-8] c.yys.szcp.config.jwt.JwtInterceptor - 访问路径:/sys/admin/findAdminUserInfo
[INFO ] 18:38:59.363 [http-nio-7090-exec-10] c.yys.szcp.config.jwt.JwtInterceptor - 访问路径:/sys/recruitmentInformation/findRecruitmentInformationList
[INFO ] 18:38:59.363 [http-nio-7090-exec-10] c.yys.szcp.config.jwt.JwtInterceptor - ===== 用户未登录, 请先登录:/sys/recruitmentInformation/findRecruitmentInformationList
[INFO ] 18:38:59.365 [http-nio-7090-exec-1] c.yys.szcp.config.jwt.JwtInterceptor - 访问路径:/sys/recruitmentInformation/findRecruitmentInformationList
[INFO ] 18:39:08.344 [http-nio-7090-exec-2] c.yys.szcp.config.jwt.JwtInterceptor - 访问路径:/sys/admin/findAdminUserList
[INFO ] 18:39:08.344 [http-nio-7090-exec-2] c.yys.szcp.config.jwt.JwtInterceptor - ===== 用户未登录, 请先登录:/sys/admin/findAdminUserList
[INFO ] 18:39:08.349 [http-nio-7090-exec-3] c.yys.szcp.config.jwt.JwtInterceptor - 访问路径:/sys/admin/findAdminUserList
[INFO ] 18:39:14.795 [http-nio-7090-exec-6] c.yys.szcp.config.jwt.JwtInterceptor - 访问路径:/sys/recruitmentInformation/findRecruitmentInformationList
[INFO ] 18:40:23.556 [SpringContextShutdownHook] o.s.s.c.ThreadPoolTaskScheduler - Shutting down ExecutorService 'taskScheduler'
[INFO ] 18:40:23.556 [SpringContextShutdownHook] o.s.s.c.ThreadPoolTaskExecutor - Shutting down ExecutorService 'applicationTaskExecutor'
[INFO ] 18:40:23.569 [SpringContextShutdownHook] c.alibaba.druid.pool.DruidDataSource - {dataSource-1} closed
