[INFO ] 14:41:11.388 [main] com.yys.szcp.SzcpApplication - Starting SzcpApplication on DESKTOP-FICJEKV with PID 3908 (D:\aproject\ValveCompanyInternshipRecruitmentSystem\szcp\target\classes started by 23647 in D:\aproject\ValveCompanyInternshipRecruitmentSystem\szcp)
[INFO ] 14:41:11.389 [main] com.yys.szcp.SzcpApplication - The following profiles are active: dev
[INFO ] 14:41:13.373 [main] o.s.d.r.c.RepositoryConfigurationDelegate - Multiple Spring Data modules found, entering strict repository configuration mode!
[INFO ] 14:41:13.380 [main] o.s.d.r.c.RepositoryConfigurationDelegate - Bootstrapping Spring Data Redis repositories in DEFAULT mode.
[INFO ] 14:41:13.431 [main] o.s.d.r.c.RepositoryConfigurationDelegate - Finished Spring Data repository scanning in 12ms. Found 0 Redis repository interfaces.
[INFO ] 14:41:13.936 [main] o.s.c.s.PostProcessorRegistrationDelegate$BeanPostProcessorChecker - Bean 'org.springframework.transaction.annotation.ProxyTransactionManagementConfiguration' of type [org.springframework.transaction.annotation.ProxyTransactionManagementConfiguration] is not eligible for getting processed by all BeanPostProcessors (for example: not eligible for auto-proxying)
[INFO ] 14:41:14.415 [main] o.s.b.w.e.tomcat.TomcatWebServer - Tomcat initialized with port(s): 7090 (http)
[INFO ] 14:41:14.424 [main] o.a.coyote.http11.Http11NioProtocol - Initializing ProtocolHandler ["http-nio-7090"]
[INFO ] 14:41:14.425 [main] o.a.catalina.core.StandardService - Starting service [Tomcat]
[INFO ] 14:41:14.425 [main] o.a.catalina.core.StandardEngine - Starting Servlet engine: [Apache Tomcat/9.0.30]
[INFO ] 14:41:14.557 [main] o.a.c.c.C.[Tomcat].[localhost].[/] - Initializing Spring embedded WebApplicationContext
[INFO ] 14:41:14.557 [main] o.s.web.context.ContextLoader - Root WebApplicationContext: initialization completed in 3121 ms
[INFO ] 14:41:14.615 [main] o.s.b.web.servlet.RegistrationBean - Servlet statViewServlet was not registered (possibly already registered?)
[INFO ] 14:41:14.619 [main] o.s.b.web.servlet.RegistrationBean - Filter webStatFilter was not registered (possibly already registered?)
[INFO ] 14:41:15.590 [main] c.alibaba.druid.pool.DruidDataSource - {dataSource-1} inited
[INFO ] 14:41:16.354 [main] s.d.s.w.PropertySourcedRequestMappingHandlerMapping - Mapped URL path [/v2/api-docs] onto method [springfox.documentation.swagger2.web.Swagger2Controller#getDocumentation(String, HttpServletRequest)]
[INFO ] 14:41:16.902 [main] o.s.s.c.ThreadPoolTaskExecutor - Initializing ExecutorService 'applicationTaskExecutor'
[INFO ] 14:41:17.310 [main] o.s.s.c.ThreadPoolTaskScheduler - Initializing ExecutorService 'taskScheduler'
[INFO ] 14:41:17.360 [main] s.d.s.w.p.DocumentationPluginsBootstrapper - Context refreshed
[INFO ] 14:41:17.394 [main] s.d.s.w.p.DocumentationPluginsBootstrapper - Found 1 custom documentation plugin(s)
[INFO ] 14:41:17.429 [main] s.d.s.w.s.ApiListingReferenceScanner - Scanning for api listing references
[INFO ] 14:41:17.775 [main] o.a.coyote.http11.Http11NioProtocol - Starting ProtocolHandler ["http-nio-7090"]
[INFO ] 14:41:17.801 [main] o.s.b.w.e.tomcat.TomcatWebServer - Tomcat started on port(s): 7090 (http) with context path ''
[INFO ] 14:41:17.803 [main] com.yys.szcp.SzcpApplication - Started SzcpApplication in 6.971 seconds (JVM running for 10.842)
[INFO ] 14:44:29.944 [http-nio-7090-exec-1] o.a.c.c.C.[Tomcat].[localhost].[/] - Initializing Spring DispatcherServlet 'dispatcherServlet'
[INFO ] 14:44:29.944 [http-nio-7090-exec-1] o.s.web.servlet.DispatcherServlet - Initializing Servlet 'dispatcherServlet'
[INFO ] 14:44:29.951 [http-nio-7090-exec-1] o.s.web.servlet.DispatcherServlet - Completed initialization in 7 ms
[INFO ] 14:44:30.052 [http-nio-7090-exec-1] c.yys.szcp.config.jwt.JwtInterceptor - 访问路径:/sys/admin/findAdminUserInfo
[INFO ] 14:44:30.104 [http-nio-7090-exec-1] c.yys.szcp.config.jwt.JwtInterceptor - ===== 用户未登录, 请先登录:/sys/admin/findAdminUserInfo
[INFO ] 14:44:30.380 [http-nio-7090-exec-2] c.yys.szcp.config.jwt.JwtInterceptor - 访问路径:/sys/admin/findAdminUserInfo
[INFO ] 14:44:30.784 [http-nio-7090-exec-2] c.yys.szcp.config.jwt.JwtInterceptor - ===== token解析异常 =====
[INFO ] 14:50:28.759 [http-nio-7090-exec-5] c.yys.szcp.config.jwt.JwtInterceptor - 访问路径:/sys/admin/login
[INFO ] 14:50:28.759 [http-nio-7090-exec-5] c.yys.szcp.config.jwt.JwtInterceptor - ===== 用户未登录, 请先登录:/sys/admin/login
[INFO ] 14:50:28.764 [http-nio-7090-exec-6] c.yys.szcp.config.jwt.JwtInterceptor - 访问路径:/sys/admin/login
[INFO ] 14:50:28.848 [http-nio-7090-exec-6] c.y.szcp.controller.AdminController - 输出info级别的日志.....
[INFO ] 14:50:29.393 [http-nio-7090-exec-7] c.yys.szcp.config.jwt.JwtInterceptor - 访问路径:/sys/admin/findAdminUserInfo
[INFO ] 14:50:29.393 [http-nio-7090-exec-7] c.yys.szcp.config.jwt.JwtInterceptor - ===== 用户未登录, 请先登录:/sys/admin/findAdminUserInfo
[INFO ] 14:50:29.395 [http-nio-7090-exec-8] c.yys.szcp.config.jwt.JwtInterceptor - 访问路径:/sys/admin/findAdminUserInfo
[INFO ] 14:50:39.249 [http-nio-7090-exec-10] c.yys.szcp.config.jwt.JwtInterceptor - 访问路径:/sys/recruitmentInformation/findRecruitmentInformationList
[INFO ] 14:50:39.249 [http-nio-7090-exec-10] c.yys.szcp.config.jwt.JwtInterceptor - ===== 用户未登录, 请先登录:/sys/recruitmentInformation/findRecruitmentInformationList
[INFO ] 14:50:39.251 [http-nio-7090-exec-1] c.yys.szcp.config.jwt.JwtInterceptor - 访问路径:/sys/recruitmentInformation/findRecruitmentInformationList
[INFO ] 14:53:33.548 [http-nio-7090-exec-4] c.yys.szcp.config.jwt.JwtInterceptor - 访问路径:/sys/admin/findAdminUserList
[INFO ] 14:53:33.548 [http-nio-7090-exec-4] c.yys.szcp.config.jwt.JwtInterceptor - ===== 用户未登录, 请先登录:/sys/admin/findAdminUserList
[INFO ] 14:53:33.562 [http-nio-7090-exec-5] c.yys.szcp.config.jwt.JwtInterceptor - 访问路径:/sys/admin/findAdminUserList
[INFO ] 14:53:37.716 [http-nio-7090-exec-6] c.yys.szcp.config.jwt.JwtInterceptor - 访问路径:/sys/role/findRoleList
[INFO ] 14:53:37.716 [http-nio-7090-exec-6] c.yys.szcp.config.jwt.JwtInterceptor - ===== 用户未登录, 请先登录:/sys/role/findRoleList
[INFO ] 14:53:37.720 [http-nio-7090-exec-7] c.yys.szcp.config.jwt.JwtInterceptor - 访问路径:/sys/role/findRoleList
[INFO ] 14:53:52.093 [http-nio-7090-exec-9] c.yys.szcp.config.jwt.JwtInterceptor - 访问路径:/sys/menu/findMenuByRoleId
[INFO ] 14:53:52.094 [http-nio-7090-exec-9] c.yys.szcp.config.jwt.JwtInterceptor - ===== 用户未登录, 请先登录:/sys/menu/findMenuByRoleId
[INFO ] 14:53:52.097 [http-nio-7090-exec-10] c.yys.szcp.config.jwt.JwtInterceptor - 访问路径:/sys/menu/findMenuByRoleId
[INFO ] 15:02:53.181 [http-nio-7090-exec-2] c.yys.szcp.config.jwt.JwtInterceptor - 访问路径:/sys/admin/login
[INFO ] 15:02:53.181 [http-nio-7090-exec-2] c.y.szcp.controller.AdminController - 输出info级别的日志.....
[INFO ] 15:02:53.197 [http-nio-7090-exec-3] c.yys.szcp.config.jwt.JwtInterceptor - 访问路径:/sys/admin/findAdminUserInfo
[INFO ] 15:02:53.197 [http-nio-7090-exec-3] c.yys.szcp.config.jwt.JwtInterceptor - ===== 用户未登录, 请先登录:/sys/admin/findAdminUserInfo
[INFO ] 15:02:53.199 [http-nio-7090-exec-4] c.yys.szcp.config.jwt.JwtInterceptor - 访问路径:/sys/admin/findAdminUserInfo
[INFO ] 15:02:58.387 [http-nio-7090-exec-5] c.yys.szcp.config.jwt.JwtInterceptor - 访问路径:/sys/role/findRoleList
[INFO ] 15:02:58.387 [http-nio-7090-exec-5] c.yys.szcp.config.jwt.JwtInterceptor - ===== 用户未登录, 请先登录:/sys/role/findRoleList
[INFO ] 15:02:58.396 [http-nio-7090-exec-6] c.yys.szcp.config.jwt.JwtInterceptor - 访问路径:/sys/role/findRoleList
[INFO ] 15:03:00.437 [http-nio-7090-exec-7] c.yys.szcp.config.jwt.JwtInterceptor - 访问路径:/sys/menu/findMenuByMyRoleId
[INFO ] 15:03:00.437 [http-nio-7090-exec-7] c.yys.szcp.config.jwt.JwtInterceptor - ===== 用户未登录, 请先登录:/sys/menu/findMenuByMyRoleId
[INFO ] 15:03:00.439 [http-nio-7090-exec-8] c.yys.szcp.config.jwt.JwtInterceptor - 访问路径:/sys/menu/findMenuByMyRoleId
[INFO ] 15:03:01.904 [http-nio-7090-exec-9] c.yys.szcp.config.jwt.JwtInterceptor - 访问路径:/sys/admin/findAdminUserList
[INFO ] 15:03:01.904 [http-nio-7090-exec-9] c.yys.szcp.config.jwt.JwtInterceptor - ===== 用户未登录, 请先登录:/sys/admin/findAdminUserList
[INFO ] 15:03:01.907 [http-nio-7090-exec-10] c.yys.szcp.config.jwt.JwtInterceptor - 访问路径:/sys/admin/findAdminUserList
[INFO ] 16:25:29.741 [http-nio-7090-exec-3] c.yys.szcp.config.jwt.JwtInterceptor - 访问路径:/sys/admin/login
[INFO ] 16:25:29.742 [http-nio-7090-exec-3] c.yys.szcp.config.jwt.JwtInterceptor - ===== 用户未登录, 请先登录:/sys/admin/login
[INFO ] 16:25:29.751 [http-nio-7090-exec-4] c.yys.szcp.config.jwt.JwtInterceptor - 访问路径:/sys/admin/login
[INFO ] 16:25:29.761 [http-nio-7090-exec-4] c.y.szcp.controller.AdminController - 输出info级别的日志.....
[INFO ] 16:25:29.830 [http-nio-7090-exec-5] c.yys.szcp.config.jwt.JwtInterceptor - 访问路径:/sys/admin/findAdminUserInfo
[INFO ] 16:25:29.830 [http-nio-7090-exec-5] c.yys.szcp.config.jwt.JwtInterceptor - ===== 用户未登录, 请先登录:/sys/admin/findAdminUserInfo
[INFO ] 16:25:29.834 [http-nio-7090-exec-6] c.yys.szcp.config.jwt.JwtInterceptor - 访问路径:/sys/admin/findAdminUserInfo
[INFO ] 16:25:33.462 [http-nio-7090-exec-7] c.yys.szcp.config.jwt.JwtInterceptor - 访问路径:/sys/admin/findAdminUserList
[INFO ] 16:25:33.462 [http-nio-7090-exec-7] c.yys.szcp.config.jwt.JwtInterceptor - ===== 用户未登录, 请先登录:/sys/admin/findAdminUserList
[INFO ] 16:25:33.470 [http-nio-7090-exec-8] c.yys.szcp.config.jwt.JwtInterceptor - 访问路径:/sys/admin/findAdminUserList
[INFO ] 16:25:47.896 [http-nio-7090-exec-9] c.yys.szcp.config.jwt.JwtInterceptor - 访问路径:/sys/admin/login
[INFO ] 16:25:47.897 [http-nio-7090-exec-9] c.y.szcp.controller.AdminController - 输出info级别的日志.....
[INFO ] 16:25:47.910 [http-nio-7090-exec-10] c.yys.szcp.config.jwt.JwtInterceptor - 访问路径:/sys/admin/findAdminUserInfo
[INFO ] 16:25:47.910 [http-nio-7090-exec-10] c.yys.szcp.config.jwt.JwtInterceptor - ===== 用户未登录, 请先登录:/sys/admin/findAdminUserInfo
[INFO ] 16:25:47.912 [http-nio-7090-exec-1] c.yys.szcp.config.jwt.JwtInterceptor - 访问路径:/sys/admin/findAdminUserInfo
[INFO ] 16:25:50.113 [http-nio-7090-exec-2] c.yys.szcp.config.jwt.JwtInterceptor - 访问路径:/sys/recruitmentInformation/findRecruitmentInformationList
[INFO ] 16:25:50.113 [http-nio-7090-exec-2] c.yys.szcp.config.jwt.JwtInterceptor - ===== 用户未登录, 请先登录:/sys/recruitmentInformation/findRecruitmentInformationList
[INFO ] 16:25:50.116 [http-nio-7090-exec-3] c.yys.szcp.config.jwt.JwtInterceptor - 访问路径:/sys/recruitmentInformation/findRecruitmentInformationList
[INFO ] 16:42:33.927 [http-nio-7090-exec-6] c.yys.szcp.config.jwt.JwtInterceptor - 访问路径:/sys/recruitmentInformation/addRecruitmentInformation
[INFO ] 16:42:33.928 [http-nio-7090-exec-6] c.yys.szcp.config.jwt.JwtInterceptor - ===== 用户未登录, 请先登录:/sys/recruitmentInformation/addRecruitmentInformation
[INFO ] 16:42:33.932 [http-nio-7090-exec-7] c.yys.szcp.config.jwt.JwtInterceptor - 访问路径:/sys/recruitmentInformation/addRecruitmentInformation
[INFO ] 16:42:34.101 [http-nio-7090-exec-8] c.yys.szcp.config.jwt.JwtInterceptor - 访问路径:/sys/recruitmentInformation/findRecruitmentInformationList
[INFO ] 16:42:49.913 [http-nio-7090-exec-10] c.yys.szcp.config.jwt.JwtInterceptor - 访问路径:/sys/admin/login
[INFO ] 16:42:49.913 [http-nio-7090-exec-10] c.y.szcp.controller.AdminController - 输出info级别的日志.....
[INFO ] 16:42:49.924 [http-nio-7090-exec-1] c.yys.szcp.config.jwt.JwtInterceptor - 访问路径:/sys/admin/findAdminUserInfo
[INFO ] 16:42:49.924 [http-nio-7090-exec-1] c.yys.szcp.config.jwt.JwtInterceptor - ===== 用户未登录, 请先登录:/sys/admin/findAdminUserInfo
[INFO ] 16:42:49.927 [http-nio-7090-exec-2] c.yys.szcp.config.jwt.JwtInterceptor - 访问路径:/sys/admin/findAdminUserInfo
[INFO ] 16:42:52.302 [http-nio-7090-exec-3] c.yys.szcp.config.jwt.JwtInterceptor - 访问路径:/sys/recruitmentInformation/findRecruitmentInformationList
[INFO ] 16:42:52.302 [http-nio-7090-exec-3] c.yys.szcp.config.jwt.JwtInterceptor - ===== 用户未登录, 请先登录:/sys/recruitmentInformation/findRecruitmentInformationList
[INFO ] 16:42:52.306 [http-nio-7090-exec-4] c.yys.szcp.config.jwt.JwtInterceptor - 访问路径:/sys/recruitmentInformation/findRecruitmentInformationList
[INFO ] 16:59:19.833 [http-nio-7090-exec-7] c.yys.szcp.config.jwt.JwtInterceptor - 访问路径:/sys/admin/login
[INFO ] 16:59:19.833 [http-nio-7090-exec-7] c.y.szcp.controller.AdminController - 输出info级别的日志.....
[INFO ] 16:59:19.856 [http-nio-7090-exec-8] c.yys.szcp.config.jwt.JwtInterceptor - 访问路径:/sys/admin/findAdminUserInfo
[INFO ] 16:59:19.856 [http-nio-7090-exec-8] c.yys.szcp.config.jwt.JwtInterceptor - ===== 用户未登录, 请先登录:/sys/admin/findAdminUserInfo
[INFO ] 16:59:19.857 [http-nio-7090-exec-9] c.yys.szcp.config.jwt.JwtInterceptor - 访问路径:/sys/admin/findAdminUserInfo
[INFO ] 16:59:23.149 [http-nio-7090-exec-10] c.yys.szcp.config.jwt.JwtInterceptor - 访问路径:/sys/role/findRoleList
[INFO ] 16:59:23.149 [http-nio-7090-exec-10] c.yys.szcp.config.jwt.JwtInterceptor - ===== 用户未登录, 请先登录:/sys/role/findRoleList
[INFO ] 16:59:23.153 [http-nio-7090-exec-1] c.yys.szcp.config.jwt.JwtInterceptor - 访问路径:/sys/role/findRoleList
[INFO ] 17:00:30.223 [http-nio-7090-exec-3] c.yys.szcp.config.jwt.JwtInterceptor - 访问路径:/sys/menu/findMenuByRoleId
[INFO ] 17:00:30.223 [http-nio-7090-exec-3] c.yys.szcp.config.jwt.JwtInterceptor - ===== 用户未登录, 请先登录:/sys/menu/findMenuByRoleId
[INFO ] 17:00:30.227 [http-nio-7090-exec-4] c.yys.szcp.config.jwt.JwtInterceptor - 访问路径:/sys/menu/findMenuByRoleId
[INFO ] 17:03:12.858 [http-nio-7090-exec-6] c.yys.szcp.config.jwt.JwtInterceptor - 访问路径:/sys/menu/findMenuByRoleId
[INFO ] 17:30:17.481 [http-nio-7090-exec-8] c.yys.szcp.config.jwt.JwtInterceptor - 访问路径:/sys/menu/findMenuByRoleId
[INFO ] 17:30:24.180 [http-nio-7090-exec-9] c.yys.szcp.config.jwt.JwtInterceptor - 访问路径:/sys/menu/addOrEditRoleMenuByIdArray
[INFO ] 17:30:24.180 [http-nio-7090-exec-9] c.yys.szcp.config.jwt.JwtInterceptor - ===== 用户未登录, 请先登录:/sys/menu/addOrEditRoleMenuByIdArray
[INFO ] 17:30:24.183 [http-nio-7090-exec-10] c.yys.szcp.config.jwt.JwtInterceptor - 访问路径:/sys/menu/addOrEditRoleMenuByIdArray
[INFO ] 17:30:28.980 [http-nio-7090-exec-1] c.yys.szcp.config.jwt.JwtInterceptor - 访问路径:/sys/menu/findMenuByRoleId
[INFO ] 17:30:32.752 [http-nio-7090-exec-3] c.yys.szcp.config.jwt.JwtInterceptor - 访问路径:/sys/menu/addOrEditRoleMenuByIdArray
[INFO ] 17:30:32.752 [http-nio-7090-exec-3] c.yys.szcp.config.jwt.JwtInterceptor - ===== 用户未登录, 请先登录:/sys/menu/addOrEditRoleMenuByIdArray
[INFO ] 17:30:32.754 [http-nio-7090-exec-4] c.yys.szcp.config.jwt.JwtInterceptor - 访问路径:/sys/menu/addOrEditRoleMenuByIdArray
[INFO ] 17:47:29.408 [http-nio-7090-exec-6] c.yys.szcp.config.jwt.JwtInterceptor - 访问路径:/sys/admin/login
[INFO ] 17:47:29.408 [http-nio-7090-exec-6] c.yys.szcp.config.jwt.JwtInterceptor - ===== 用户未登录, 请先登录:/sys/admin/login
[INFO ] 17:47:29.413 [http-nio-7090-exec-7] c.yys.szcp.config.jwt.JwtInterceptor - 访问路径:/sys/admin/login
[INFO ] 17:47:29.414 [http-nio-7090-exec-7] c.y.szcp.controller.AdminController - 输出info级别的日志.....
