[WARN ] 00:24:48.442 [main] o.t.templatemode.TemplateMode - [THYMELEAF][main] Template Mode 'LEGACYHTML5' is deprecated. Using Template Mode 'HTML' instead.
[WARN ] 00:25:55.139 [main] o.t.templatemode.TemplateMode - [THYMELEAF][main] Template Mode 'LEGACYHTML5' is deprecated. Using Template Mode 'HTML' instead.
[WARN ] 00:27:53.490 [main] o.s.b.t.j.DuplicateJsonObjectContextCustomizerFactory$DuplicateJsonObjectContextCustomizer - 

Found multiple occurrences of org.json.JSONObject on the class path:

	jar:file:/E:/mavenPor/org/json/json/20170516/json-20170516.jar!/org/json/JSONObject.class
	jar:file:/E:/mavenPor/com/vaadin/external/google/android-json/0.0.20131108.vaadin1/android-json-0.0.20131108.vaadin1.jar!/org/json/JSONObject.class

You may wish to exclude one of them to ensure predictable runtime behavior

[WARN ] 00:27:57.883 [main] o.t.templatemode.TemplateMode - [THYMELEAF][main] Template Mode 'LEGACYHTML5' is deprecated. Using Template Mode 'HTML' instead.
[WARN ] 00:28:15.295 [main] o.s.b.t.j.DuplicateJsonObjectContextCustomizerFactory$DuplicateJsonObjectContextCustomizer - 

Found multiple occurrences of org.json.JSONObject on the class path:

	jar:file:/E:/mavenPor/org/json/json/20170516/json-20170516.jar!/org/json/JSONObject.class
	jar:file:/E:/mavenPor/com/vaadin/external/google/android-json/0.0.20131108.vaadin1/android-json-0.0.20131108.vaadin1.jar!/org/json/JSONObject.class

You may wish to exclude one of them to ensure predictable runtime behavior

[WARN ] 00:28:19.692 [main] o.t.templatemode.TemplateMode - [THYMELEAF][main] Template Mode 'LEGACYHTML5' is deprecated. Using Template Mode 'HTML' instead.
[WARN ] 10:01:05.043 [main] o.t.templatemode.TemplateMode - [THYMELEAF][main] Template Mode 'LEGACYHTML5' is deprecated. Using Template Mode 'HTML' instead.
[WARN ] 10:01:05.700 [http-nio-7090-exec-1] o.s.web.servlet.PageNotFound - No mapping for GET /
[WARN ] 10:01:05.793 [http-nio-7090-exec-2] o.s.web.servlet.PageNotFound - No mapping for GET /favicon.ico
[WARN ] 10:02:33.491 [http-nio-7090-exec-6] o.s.web.servlet.PageNotFound - No mapping for GET /
[WARN ] 10:02:33.508 [http-nio-7090-exec-7] o.s.web.servlet.PageNotFound - No mapping for GET /favicon.ico
[WARN ] 10:08:45.637 [main] o.t.templatemode.TemplateMode - [THYMELEAF][main] Template Mode 'LEGACYHTML5' is deprecated. Using Template Mode 'HTML' instead.
[WARN ] 10:32:32.891 [main] o.t.templatemode.TemplateMode - [THYMELEAF][main] Template Mode 'LEGACYHTML5' is deprecated. Using Template Mode 'HTML' instead.
[WARN ] 10:37:57.122 [http-nio-7090-exec-1] o.s.web.servlet.PageNotFound - No mapping for GET /fund/fund
[WARN ] 10:37:57.583 [http-nio-7090-exec-2] o.s.web.servlet.PageNotFound - No mapping for GET /favicon.ico
[WARN ] 10:40:04.765 [http-nio-7090-exec-5] o.s.web.servlet.PageNotFound - No mapping for GET /fund/fund
[WARN ] 10:40:05.457 [http-nio-7090-exec-6] o.s.web.servlet.PageNotFound - No mapping for GET /favicon.ico
[WARN ] 11:29:15.346 [main] o.s.b.t.j.DuplicateJsonObjectContextCustomizerFactory$DuplicateJsonObjectContextCustomizer - 

Found multiple occurrences of org.json.JSONObject on the class path:

	jar:file:/E:/mavenPor/org/json/json/20170516/json-20170516.jar!/org/json/JSONObject.class
	jar:file:/E:/mavenPor/com/vaadin/external/google/android-json/0.0.20131108.vaadin1/android-json-0.0.20131108.vaadin1.jar!/org/json/JSONObject.class

You may wish to exclude one of them to ensure predictable runtime behavior

[WARN ] 11:29:20.602 [main] o.t.templatemode.TemplateMode - [THYMELEAF][main] Template Mode 'LEGACYHTML5' is deprecated. Using Template Mode 'HTML' instead.
