[INFO ] 17:40:47.160 [main] com.yys.szcp.SzcpApplication - Starting SzcpApplication on PC-202307121658 with PID 18824 (D:\Company\Hammer\New\RecruitmentSystem\szcp\target\classes started by Administrator in D:\Company\Hammer\New\RecruitmentSystem\szcp)
[INFO ] 17:40:47.160 [main] com.yys.szcp.SzcpApplication - The following profiles are active: dev
[INFO ] 17:40:47.626 [main] o.s.d.r.c.RepositoryConfigurationDelegate - Multiple Spring Data modules found, entering strict repository configuration mode!
[INFO ] 17:40:47.627 [main] o.s.d.r.c.RepositoryConfigurationDelegate - Bootstrapping Spring Data Redis repositories in DEFAULT mode.
[INFO ] 17:40:47.646 [main] o.s.d.r.c.RepositoryConfigurationDelegate - Finished Spring Data repository scanning in 5ms. Found 0 Redis repository interfaces.
[INFO ] 17:40:47.793 [main] o.s.c.s.PostProcessorRegistrationDelegate$BeanPostProcessorChecker - Bean 'org.springframework.transaction.annotation.ProxyTransactionManagementConfiguration' of type [org.springframework.transaction.annotation.ProxyTransactionManagementConfiguration] is not eligible for getting processed by all BeanPostProcessors (for example: not eligible for auto-proxying)
[INFO ] 17:40:47.924 [main] o.s.b.w.e.tomcat.TomcatWebServer - Tomcat initialized with port(s): 7090 (http)
[INFO ] 17:40:47.928 [main] o.a.coyote.http11.Http11NioProtocol - Initializing ProtocolHandler ["http-nio-7090"]
[INFO ] 17:40:47.928 [main] o.a.catalina.core.StandardService - Starting service [Tomcat]
[INFO ] 17:40:47.928 [main] o.a.catalina.core.StandardEngine - Starting Servlet engine: [Apache Tomcat/9.0.30]
[INFO ] 17:40:47.970 [main] o.a.c.c.C.[Tomcat].[localhost].[/] - Initializing Spring embedded WebApplicationContext
[INFO ] 17:40:47.970 [main] o.s.web.context.ContextLoader - Root WebApplicationContext: initialization completed in 790 ms
[INFO ] 17:40:47.990 [main] o.s.b.web.servlet.RegistrationBean - Servlet statViewServlet was not registered (possibly already registered?)
[INFO ] 17:40:47.991 [main] o.s.b.web.servlet.RegistrationBean - Filter webStatFilter was not registered (possibly already registered?)
[INFO ] 17:40:48.194 [main] c.alibaba.druid.pool.DruidDataSource - {dataSource-1} inited
[INFO ] 17:40:48.444 [main] s.d.s.w.PropertySourcedRequestMappingHandlerMapping - Mapped URL path [/v2/api-docs] onto method [springfox.documentation.swagger2.web.Swagger2Controller#getDocumentation(String, HttpServletRequest)]
[INFO ] 17:40:48.640 [main] o.s.s.c.ThreadPoolTaskExecutor - Initializing ExecutorService 'applicationTaskExecutor'
[INFO ] 17:40:48.827 [main] o.s.s.c.ThreadPoolTaskScheduler - Initializing ExecutorService 'taskScheduler'
[INFO ] 17:40:48.849 [main] s.d.s.w.p.DocumentationPluginsBootstrapper - Context refreshed
[INFO ] 17:40:48.858 [main] s.d.s.w.p.DocumentationPluginsBootstrapper - Found 1 custom documentation plugin(s)
[INFO ] 17:40:48.876 [main] s.d.s.w.s.ApiListingReferenceScanner - Scanning for api listing references
[INFO ] 17:40:49.008 [main] o.a.coyote.http11.Http11NioProtocol - Starting ProtocolHandler ["http-nio-7090"]
[INFO ] 17:40:49.019 [main] o.s.b.w.e.tomcat.TomcatWebServer - Tomcat started on port(s): 7090 (http) with context path ''
[INFO ] 17:40:49.020 [main] com.yys.szcp.SzcpApplication - Started SzcpApplication in 2.07 seconds (JVM running for 2.518)
[INFO ] 17:40:53.732 [http-nio-7090-exec-1] o.a.c.c.C.[Tomcat].[localhost].[/] - Initializing Spring DispatcherServlet 'dispatcherServlet'
[INFO ] 17:40:53.732 [http-nio-7090-exec-1] o.s.web.servlet.DispatcherServlet - Initializing Servlet 'dispatcherServlet'
[INFO ] 17:40:53.736 [http-nio-7090-exec-1] o.s.web.servlet.DispatcherServlet - Completed initialization in 4 ms
[INFO ] 17:40:53.747 [http-nio-7090-exec-1] c.yys.szcp.config.jwt.JwtInterceptor - 访问路径:/sys/admin/findAdminUserInfo
[INFO ] 17:40:53.749 [http-nio-7090-exec-1] c.yys.szcp.config.jwt.JwtInterceptor - ===== 用户未登录, 请先登录:/sys/admin/findAdminUserInfo
[INFO ] 17:40:53.784 [http-nio-7090-exec-2] c.yys.szcp.config.jwt.JwtInterceptor - 访问路径:/sys/admin/findAdminUserInfo
[INFO ] 17:41:52.167 [http-nio-7090-exec-5] c.yys.szcp.config.jwt.JwtInterceptor - 访问路径:/sys/admin/login
[INFO ] 17:41:52.167 [http-nio-7090-exec-5] c.yys.szcp.config.jwt.JwtInterceptor - ===== 用户未登录, 请先登录:/sys/admin/login
[INFO ] 17:41:52.169 [http-nio-7090-exec-6] c.yys.szcp.config.jwt.JwtInterceptor - 访问路径:/sys/admin/login
[INFO ] 17:41:52.182 [http-nio-7090-exec-6] c.y.szcp.controller.AdminController - 输出info级别的日志.....
[INFO ] 17:41:52.632 [http-nio-7090-exec-7] c.yys.szcp.config.jwt.JwtInterceptor - 访问路径:/sys/admin/findAdminUserInfo
[INFO ] 17:41:52.632 [http-nio-7090-exec-7] c.yys.szcp.config.jwt.JwtInterceptor - ===== 用户未登录, 请先登录:/sys/admin/findAdminUserInfo
[INFO ] 17:41:52.634 [http-nio-7090-exec-8] c.yys.szcp.config.jwt.JwtInterceptor - 访问路径:/sys/admin/findAdminUserInfo
[INFO ] 17:41:55.421 [http-nio-7090-exec-1] c.yys.szcp.config.jwt.JwtInterceptor - 访问路径:/sys/admin/login
[INFO ] 17:41:55.421 [http-nio-7090-exec-1] c.y.szcp.controller.AdminController - 输出info级别的日志.....
[INFO ] 17:41:55.431 [http-nio-7090-exec-2] c.yys.szcp.config.jwt.JwtInterceptor - 访问路径:/sys/admin/findAdminUserInfo
[INFO ] 17:41:55.431 [http-nio-7090-exec-2] c.yys.szcp.config.jwt.JwtInterceptor - ===== 用户未登录, 请先登录:/sys/admin/findAdminUserInfo
[INFO ] 17:41:55.435 [http-nio-7090-exec-3] c.yys.szcp.config.jwt.JwtInterceptor - 访问路径:/sys/admin/findAdminUserInfo
[INFO ] 17:43:40.019 [SpringContextShutdownHook] o.s.s.c.ThreadPoolTaskScheduler - Shutting down ExecutorService 'taskScheduler'
[INFO ] 17:43:40.019 [SpringContextShutdownHook] o.s.s.c.ThreadPoolTaskExecutor - Shutting down ExecutorService 'applicationTaskExecutor'
[INFO ] 17:43:40.039 [SpringContextShutdownHook] c.alibaba.druid.pool.DruidDataSource - {dataSource-1} closed
[INFO ] 17:43:43.451 [main] com.yys.szcp.SzcpApplication - Starting SzcpApplication on PC-202307121658 with PID 22576 (D:\Company\Hammer\New\RecruitmentSystem\szcp\target\classes started by Administrator in D:\Company\Hammer\New\RecruitmentSystem\szcp)
[INFO ] 17:43:43.451 [main] com.yys.szcp.SzcpApplication - The following profiles are active: dev
[INFO ] 17:43:43.898 [main] o.s.d.r.c.RepositoryConfigurationDelegate - Multiple Spring Data modules found, entering strict repository configuration mode!
[INFO ] 17:43:43.900 [main] o.s.d.r.c.RepositoryConfigurationDelegate - Bootstrapping Spring Data Redis repositories in DEFAULT mode.
[INFO ] 17:43:43.917 [main] o.s.d.r.c.RepositoryConfigurationDelegate - Finished Spring Data repository scanning in 7ms. Found 0 Redis repository interfaces.
[INFO ] 17:43:44.105 [main] o.s.c.s.PostProcessorRegistrationDelegate$BeanPostProcessorChecker - Bean 'org.springframework.transaction.annotation.ProxyTransactionManagementConfiguration' of type [org.springframework.transaction.annotation.ProxyTransactionManagementConfiguration] is not eligible for getting processed by all BeanPostProcessors (for example: not eligible for auto-proxying)
[INFO ] 17:43:44.229 [main] o.s.b.w.e.tomcat.TomcatWebServer - Tomcat initialized with port(s): 7090 (http)
[INFO ] 17:43:44.233 [main] o.a.coyote.http11.Http11NioProtocol - Initializing ProtocolHandler ["http-nio-7090"]
[INFO ] 17:43:44.233 [main] o.a.catalina.core.StandardService - Starting service [Tomcat]
[INFO ] 17:43:44.233 [main] o.a.catalina.core.StandardEngine - Starting Servlet engine: [Apache Tomcat/9.0.30]
[INFO ] 17:43:44.275 [main] o.a.c.c.C.[Tomcat].[localhost].[/] - Initializing Spring embedded WebApplicationContext
[INFO ] 17:43:44.275 [main] o.s.web.context.ContextLoader - Root WebApplicationContext: initialization completed in 803 ms
[INFO ] 17:43:44.297 [main] o.s.b.web.servlet.RegistrationBean - Servlet statViewServlet was not registered (possibly already registered?)
[INFO ] 17:43:44.299 [main] o.s.b.web.servlet.RegistrationBean - Filter webStatFilter was not registered (possibly already registered?)
[INFO ] 17:43:44.469 [main] c.alibaba.druid.pool.DruidDataSource - {dataSource-1} inited
[INFO ] 17:43:44.709 [main] s.d.s.w.PropertySourcedRequestMappingHandlerMapping - Mapped URL path [/v2/api-docs] onto method [springfox.documentation.swagger2.web.Swagger2Controller#getDocumentation(String, HttpServletRequest)]
[INFO ] 17:43:44.880 [main] o.s.s.c.ThreadPoolTaskExecutor - Initializing ExecutorService 'applicationTaskExecutor'
[INFO ] 17:43:45.002 [main] o.s.s.c.ThreadPoolTaskScheduler - Initializing ExecutorService 'taskScheduler'
[INFO ] 17:43:45.023 [main] s.d.s.w.p.DocumentationPluginsBootstrapper - Context refreshed
[INFO ] 17:43:45.032 [main] s.d.s.w.p.DocumentationPluginsBootstrapper - Found 1 custom documentation plugin(s)
[INFO ] 17:43:45.049 [main] s.d.s.w.s.ApiListingReferenceScanner - Scanning for api listing references
[INFO ] 17:43:45.170 [main] o.a.coyote.http11.Http11NioProtocol - Starting ProtocolHandler ["http-nio-7090"]
[INFO ] 17:43:45.182 [main] o.s.b.w.e.tomcat.TomcatWebServer - Tomcat started on port(s): 7090 (http) with context path ''
[INFO ] 17:43:45.183 [main] com.yys.szcp.SzcpApplication - Started SzcpApplication in 1.913 seconds (JVM running for 2.324)
[INFO ] 17:43:49.113 [SpringContextShutdownHook] o.s.s.c.ThreadPoolTaskScheduler - Shutting down ExecutorService 'taskScheduler'
[INFO ] 17:43:49.114 [SpringContextShutdownHook] o.s.s.c.ThreadPoolTaskExecutor - Shutting down ExecutorService 'applicationTaskExecutor'
[INFO ] 17:43:49.148 [SpringContextShutdownHook] c.alibaba.druid.pool.DruidDataSource - {dataSource-1} closed
[INFO ] 17:43:52.363 [main] com.yys.szcp.SzcpApplication - Starting SzcpApplication on PC-202307121658 with PID 22700 (D:\Company\Hammer\New\RecruitmentSystem\szcp\target\classes started by Administrator in D:\Company\Hammer\New\RecruitmentSystem\szcp)
[INFO ] 17:43:52.364 [main] com.yys.szcp.SzcpApplication - The following profiles are active: dev
[INFO ] 17:43:52.802 [main] o.s.d.r.c.RepositoryConfigurationDelegate - Multiple Spring Data modules found, entering strict repository configuration mode!
[INFO ] 17:43:52.803 [main] o.s.d.r.c.RepositoryConfigurationDelegate - Bootstrapping Spring Data Redis repositories in DEFAULT mode.
[INFO ] 17:43:52.820 [main] o.s.d.r.c.RepositoryConfigurationDelegate - Finished Spring Data repository scanning in 6ms. Found 0 Redis repository interfaces.
[INFO ] 17:43:52.977 [main] o.s.c.s.PostProcessorRegistrationDelegate$BeanPostProcessorChecker - Bean 'org.springframework.transaction.annotation.ProxyTransactionManagementConfiguration' of type [org.springframework.transaction.annotation.ProxyTransactionManagementConfiguration] is not eligible for getting processed by all BeanPostProcessors (for example: not eligible for auto-proxying)
[INFO ] 17:43:53.100 [main] o.s.b.w.e.tomcat.TomcatWebServer - Tomcat initialized with port(s): 7090 (http)
[INFO ] 17:43:53.104 [main] o.a.coyote.http11.Http11NioProtocol - Initializing ProtocolHandler ["http-nio-7090"]
[INFO ] 17:43:53.104 [main] o.a.catalina.core.StandardService - Starting service [Tomcat]
[INFO ] 17:43:53.104 [main] o.a.catalina.core.StandardEngine - Starting Servlet engine: [Apache Tomcat/9.0.30]
[INFO ] 17:43:53.150 [main] o.a.c.c.C.[Tomcat].[localhost].[/] - Initializing Spring embedded WebApplicationContext
[INFO ] 17:43:53.150 [main] o.s.web.context.ContextLoader - Root WebApplicationContext: initialization completed in 767 ms
[INFO ] 17:43:53.168 [main] o.s.b.web.servlet.RegistrationBean - Servlet statViewServlet was not registered (possibly already registered?)
[INFO ] 17:43:53.170 [main] o.s.b.web.servlet.RegistrationBean - Filter webStatFilter was not registered (possibly already registered?)
[INFO ] 17:43:53.342 [main] c.alibaba.druid.pool.DruidDataSource - {dataSource-1} inited
[INFO ] 17:43:53.590 [main] s.d.s.w.PropertySourcedRequestMappingHandlerMapping - Mapped URL path [/v2/api-docs] onto method [springfox.documentation.swagger2.web.Swagger2Controller#getDocumentation(String, HttpServletRequest)]
[INFO ] 17:43:53.761 [main] o.s.s.c.ThreadPoolTaskExecutor - Initializing ExecutorService 'applicationTaskExecutor'
[INFO ] 17:43:53.886 [main] o.s.s.c.ThreadPoolTaskScheduler - Initializing ExecutorService 'taskScheduler'
[INFO ] 17:43:53.904 [main] s.d.s.w.p.DocumentationPluginsBootstrapper - Context refreshed
[INFO ] 17:43:53.912 [main] s.d.s.w.p.DocumentationPluginsBootstrapper - Found 1 custom documentation plugin(s)
[INFO ] 17:43:53.928 [main] s.d.s.w.s.ApiListingReferenceScanner - Scanning for api listing references
[INFO ] 17:43:54.058 [main] o.a.coyote.http11.Http11NioProtocol - Starting ProtocolHandler ["http-nio-7090"]
[INFO ] 17:43:54.069 [main] o.s.b.w.e.tomcat.TomcatWebServer - Tomcat started on port(s): 7090 (http) with context path ''
[INFO ] 17:43:54.070 [main] com.yys.szcp.SzcpApplication - Started SzcpApplication in 1.875 seconds (JVM running for 2.304)
[INFO ] 17:44:08.496 [http-nio-7090-exec-1] o.a.c.c.C.[Tomcat].[localhost].[/] - Initializing Spring DispatcherServlet 'dispatcherServlet'
[INFO ] 17:44:08.496 [http-nio-7090-exec-1] o.s.web.servlet.DispatcherServlet - Initializing Servlet 'dispatcherServlet'
[INFO ] 17:44:08.498 [http-nio-7090-exec-1] o.s.web.servlet.DispatcherServlet - Completed initialization in 2 ms
[INFO ] 17:44:08.507 [http-nio-7090-exec-1] c.yys.szcp.config.jwt.JwtInterceptor - 访问路径:/sys/admin/findAdminUserInfo
[INFO ] 17:44:08.509 [http-nio-7090-exec-1] c.yys.szcp.config.jwt.JwtInterceptor - ===== 用户未登录, 请先登录:/sys/admin/findAdminUserInfo
[INFO ] 17:44:08.542 [http-nio-7090-exec-2] c.yys.szcp.config.jwt.JwtInterceptor - 访问路径:/sys/admin/findAdminUserInfo
[INFO ] 17:44:08.542 [http-nio-7090-exec-2] c.yys.szcp.config.jwt.JwtInterceptor - ===== token格式异常 =====
[INFO ] 17:44:22.745 [http-nio-7090-exec-5] c.yys.szcp.config.jwt.JwtInterceptor - 访问路径:/sys/admin/login
[INFO ] 17:44:22.756 [http-nio-7090-exec-5] c.y.szcp.controller.AdminController - 输出info级别的日志.....
[INFO ] 17:44:26.952 [http-nio-7090-exec-10] c.yys.szcp.config.jwt.JwtInterceptor - 访问路径:/sys/admin/login
[INFO ] 17:44:26.954 [http-nio-7090-exec-10] c.y.szcp.controller.AdminController - 输出info级别的日志.....
[INFO ] 17:44:27.428 [http-nio-7090-exec-8] c.yys.szcp.config.jwt.JwtInterceptor - 访问路径:/sys/admin/findAdminUserInfo
[INFO ] 17:44:27.428 [http-nio-7090-exec-8] c.yys.szcp.config.jwt.JwtInterceptor - ===== 用户未登录, 请先登录:/sys/admin/findAdminUserInfo
[INFO ] 17:44:27.430 [http-nio-7090-exec-9] c.yys.szcp.config.jwt.JwtInterceptor - 访问路径:/sys/admin/findAdminUserInfo
[INFO ] 17:44:30.898 [http-nio-7090-exec-7] c.yys.szcp.config.jwt.JwtInterceptor - 访问路径:/sys/recruitmentInformation/findRecruitmentInformationList
[INFO ] 17:44:30.898 [http-nio-7090-exec-7] c.yys.szcp.config.jwt.JwtInterceptor - ===== 用户未登录, 请先登录:/sys/recruitmentInformation/findRecruitmentInformationList
[INFO ] 17:44:30.901 [http-nio-7090-exec-1] c.yys.szcp.config.jwt.JwtInterceptor - 访问路径:/sys/recruitmentInformation/findRecruitmentInformationList
[INFO ] 17:44:33.837 [http-nio-7090-exec-4] c.yys.szcp.config.jwt.JwtInterceptor - 访问路径:/sys/admin/findAdminUserList
[INFO ] 17:44:33.837 [http-nio-7090-exec-4] c.yys.szcp.config.jwt.JwtInterceptor - ===== 用户未登录, 请先登录:/sys/admin/findAdminUserList
[INFO ] 17:44:33.841 [http-nio-7090-exec-4] c.yys.szcp.config.jwt.JwtInterceptor - 访问路径:/sys/admin/findAdminUserList
[INFO ] 17:44:34.880 [http-nio-7090-exec-6] c.yys.szcp.config.jwt.JwtInterceptor - 访问路径:/sys/menu/findMenuByMyRoleId
[INFO ] 17:44:34.880 [http-nio-7090-exec-6] c.yys.szcp.config.jwt.JwtInterceptor - ===== 用户未登录, 请先登录:/sys/menu/findMenuByMyRoleId
[INFO ] 17:44:34.890 [http-nio-7090-exec-6] c.yys.szcp.config.jwt.JwtInterceptor - 访问路径:/sys/menu/findMenuByMyRoleId
[INFO ] 17:44:35.388 [http-nio-7090-exec-8] c.yys.szcp.config.jwt.JwtInterceptor - 访问路径:/sys/role/findRoleList
[INFO ] 17:44:35.388 [http-nio-7090-exec-8] c.yys.szcp.config.jwt.JwtInterceptor - ===== 用户未登录, 请先登录:/sys/role/findRoleList
[INFO ] 17:44:35.391 [http-nio-7090-exec-9] c.yys.szcp.config.jwt.JwtInterceptor - 访问路径:/sys/role/findRoleList
[INFO ] 17:45:11.997 [http-nio-7090-exec-2] c.yys.szcp.config.jwt.JwtInterceptor - 访问路径:/sys/admin/login
[INFO ] 17:45:11.997 [http-nio-7090-exec-2] c.y.szcp.controller.AdminController - 输出info级别的日志.....
[INFO ] 17:45:16.014 [http-nio-7090-exec-5] c.yys.szcp.config.jwt.JwtInterceptor - 访问路径:/sys/admin/login
[INFO ] 17:45:16.014 [http-nio-7090-exec-5] c.y.szcp.controller.AdminController - 输出info级别的日志.....
[INFO ] 17:45:16.019 [http-nio-7090-exec-4] c.yys.szcp.config.jwt.JwtInterceptor - 访问路径:/sys/admin/findAdminUserInfo
[INFO ] 17:45:16.019 [http-nio-7090-exec-4] c.yys.szcp.config.jwt.JwtInterceptor - ===== 用户未登录, 请先登录:/sys/admin/findAdminUserInfo
[INFO ] 17:45:16.021 [http-nio-7090-exec-10] c.yys.szcp.config.jwt.JwtInterceptor - 访问路径:/sys/admin/findAdminUserInfo
[INFO ] 17:47:10.217 [http-nio-7090-exec-8] c.yys.szcp.config.jwt.JwtInterceptor - 访问路径:/sys/admin/login
[INFO ] 17:47:10.217 [http-nio-7090-exec-8] c.y.szcp.controller.AdminController - 输出info级别的日志.....
[INFO ] 17:47:20.599 [http-nio-7090-exec-9] c.yys.szcp.config.jwt.JwtInterceptor - 访问路径:/sys/admin/login
[INFO ] 17:47:20.599 [http-nio-7090-exec-9] c.y.szcp.controller.AdminController - 输出info级别的日志.....
[INFO ] 17:47:23.962 [http-nio-7090-exec-1] c.yys.szcp.config.jwt.JwtInterceptor - 访问路径:/sys/admin/login
[INFO ] 17:47:23.963 [http-nio-7090-exec-1] c.y.szcp.controller.AdminController - 输出info级别的日志.....
[INFO ] 17:47:28.635 [http-nio-7090-exec-7] c.yys.szcp.config.jwt.JwtInterceptor - 访问路径:/sys/admin/login
[INFO ] 17:47:28.635 [http-nio-7090-exec-7] c.y.szcp.controller.AdminController - 输出info级别的日志.....
[INFO ] 17:47:34.065 [http-nio-7090-exec-2] c.yys.szcp.config.jwt.JwtInterceptor - 访问路径:/sys/admin/login
[INFO ] 17:47:34.065 [http-nio-7090-exec-2] c.y.szcp.controller.AdminController - 输出info级别的日志.....
[INFO ] 17:47:52.704 [http-nio-7090-exec-3] c.yys.szcp.config.jwt.JwtInterceptor - 访问路径:/sys/admin/login
[INFO ] 17:47:52.704 [http-nio-7090-exec-3] c.y.szcp.controller.AdminController - 输出info级别的日志.....
[INFO ] 17:48:17.471 [http-nio-7090-exec-5] c.yys.szcp.config.jwt.JwtInterceptor - 访问路径:/sys/admin/login
[INFO ] 17:48:17.472 [http-nio-7090-exec-5] c.y.szcp.controller.AdminController - 输出info级别的日志.....
[INFO ] 17:48:17.479 [http-nio-7090-exec-4] c.yys.szcp.config.jwt.JwtInterceptor - 访问路径:/sys/admin/findAdminUserInfo
[INFO ] 17:48:17.479 [http-nio-7090-exec-4] c.yys.szcp.config.jwt.JwtInterceptor - ===== 用户未登录, 请先登录:/sys/admin/findAdminUserInfo
[INFO ] 17:48:17.480 [http-nio-7090-exec-10] c.yys.szcp.config.jwt.JwtInterceptor - 访问路径:/sys/admin/findAdminUserInfo
[INFO ] 17:48:20.243 [http-nio-7090-exec-6] c.yys.szcp.config.jwt.JwtInterceptor - 访问路径:/sys/admin/findAdminUserList
[INFO ] 17:48:20.243 [http-nio-7090-exec-6] c.yys.szcp.config.jwt.JwtInterceptor - ===== 用户未登录, 请先登录:/sys/admin/findAdminUserList
[INFO ] 17:48:20.247 [http-nio-7090-exec-8] c.yys.szcp.config.jwt.JwtInterceptor - 访问路径:/sys/admin/findAdminUserList
[INFO ] 17:48:57.493 [http-nio-7090-exec-9] c.yys.szcp.config.jwt.JwtInterceptor - 访问路径:/sys/admin/editPasswordAdminUser
[INFO ] 17:48:57.493 [http-nio-7090-exec-9] c.yys.szcp.config.jwt.JwtInterceptor - ===== 用户未登录, 请先登录:/sys/admin/editPasswordAdminUser
[INFO ] 17:48:57.495 [http-nio-7090-exec-1] c.yys.szcp.config.jwt.JwtInterceptor - 访问路径:/sys/admin/editPasswordAdminUser
[INFO ] 17:48:57.516 [http-nio-7090-exec-7] c.yys.szcp.config.jwt.JwtInterceptor - 访问路径:/sys/admin/findAdminUserList
[INFO ] 17:48:59.948 [http-nio-7090-exec-2] c.yys.szcp.config.jwt.JwtInterceptor - 访问路径:/sys/admin/editPasswordAdminUser
[INFO ] 17:48:59.961 [http-nio-7090-exec-3] c.yys.szcp.config.jwt.JwtInterceptor - 访问路径:/sys/admin/findAdminUserList
[INFO ] 17:49:01.253 [http-nio-7090-exec-5] c.yys.szcp.config.jwt.JwtInterceptor - 访问路径:/sys/admin/editPasswordAdminUser
[INFO ] 17:49:01.253 [http-nio-7090-exec-5] c.yys.szcp.config.jwt.JwtInterceptor - ===== 用户未登录, 请先登录:/sys/admin/editPasswordAdminUser
[INFO ] 17:49:01.255 [http-nio-7090-exec-4] c.yys.szcp.config.jwt.JwtInterceptor - 访问路径:/sys/admin/editPasswordAdminUser
[INFO ] 17:49:01.269 [http-nio-7090-exec-10] c.yys.szcp.config.jwt.JwtInterceptor - 访问路径:/sys/admin/findAdminUserList
[INFO ] 17:49:02.581 [http-nio-7090-exec-6] c.yys.szcp.config.jwt.JwtInterceptor - 访问路径:/sys/admin/editPasswordAdminUser
[INFO ] 17:49:02.581 [http-nio-7090-exec-6] c.yys.szcp.config.jwt.JwtInterceptor - ===== 用户未登录, 请先登录:/sys/admin/editPasswordAdminUser
[INFO ] 17:49:02.583 [http-nio-7090-exec-8] c.yys.szcp.config.jwt.JwtInterceptor - 访问路径:/sys/admin/editPasswordAdminUser
[INFO ] 17:49:02.594 [http-nio-7090-exec-9] c.yys.szcp.config.jwt.JwtInterceptor - 访问路径:/sys/admin/findAdminUserList
[INFO ] 17:49:04.222 [http-nio-7090-exec-1] c.yys.szcp.config.jwt.JwtInterceptor - 访问路径:/sys/admin/editPasswordAdminUser
[INFO ] 17:49:04.222 [http-nio-7090-exec-1] c.yys.szcp.config.jwt.JwtInterceptor - ===== 用户未登录, 请先登录:/sys/admin/editPasswordAdminUser
[INFO ] 17:49:04.223 [http-nio-7090-exec-7] c.yys.szcp.config.jwt.JwtInterceptor - 访问路径:/sys/admin/editPasswordAdminUser
[INFO ] 17:49:04.238 [http-nio-7090-exec-2] c.yys.szcp.config.jwt.JwtInterceptor - 访问路径:/sys/admin/findAdminUserList
[INFO ] 17:49:06.493 [http-nio-7090-exec-3] c.yys.szcp.config.jwt.JwtInterceptor - 访问路径:/sys/admin/editPasswordAdminUser
[INFO ] 17:49:06.493 [http-nio-7090-exec-3] c.yys.szcp.config.jwt.JwtInterceptor - ===== 用户未登录, 请先登录:/sys/admin/editPasswordAdminUser
[INFO ] 17:49:06.495 [http-nio-7090-exec-5] c.yys.szcp.config.jwt.JwtInterceptor - 访问路径:/sys/admin/editPasswordAdminUser
[INFO ] 17:49:06.507 [http-nio-7090-exec-4] c.yys.szcp.config.jwt.JwtInterceptor - 访问路径:/sys/admin/findAdminUserList
[INFO ] 17:49:08.672 [http-nio-7090-exec-10] c.yys.szcp.config.jwt.JwtInterceptor - 访问路径:/sys/admin/editPasswordAdminUser
[INFO ] 17:49:08.672 [http-nio-7090-exec-10] c.yys.szcp.config.jwt.JwtInterceptor - ===== 用户未登录, 请先登录:/sys/admin/editPasswordAdminUser
[INFO ] 17:49:08.674 [http-nio-7090-exec-6] c.yys.szcp.config.jwt.JwtInterceptor - 访问路径:/sys/admin/editPasswordAdminUser
[INFO ] 17:49:08.687 [http-nio-7090-exec-8] c.yys.szcp.config.jwt.JwtInterceptor - 访问路径:/sys/admin/findAdminUserList
[INFO ] 17:49:22.997 [http-nio-7090-exec-9] c.yys.szcp.config.jwt.JwtInterceptor - 访问路径:/sys/admin/login
[INFO ] 17:49:22.997 [http-nio-7090-exec-9] c.y.szcp.controller.AdminController - 输出info级别的日志.....
[INFO ] 17:49:23.003 [http-nio-7090-exec-1] c.yys.szcp.config.jwt.JwtInterceptor - 访问路径:/sys/admin/findAdminUserInfo
[INFO ] 17:49:23.003 [http-nio-7090-exec-1] c.yys.szcp.config.jwt.JwtInterceptor - ===== 用户未登录, 请先登录:/sys/admin/findAdminUserInfo
[INFO ] 17:49:23.006 [http-nio-7090-exec-7] c.yys.szcp.config.jwt.JwtInterceptor - 访问路径:/sys/admin/findAdminUserInfo
[INFO ] 17:49:24.641 [http-nio-7090-exec-5] c.yys.szcp.config.jwt.JwtInterceptor - 访问路径:/sys/admin/findAdminUserList
[INFO ] 17:49:24.641 [http-nio-7090-exec-5] c.yys.szcp.config.jwt.JwtInterceptor - ===== 用户未登录, 请先登录:/sys/admin/findAdminUserList
[INFO ] 17:49:24.648 [http-nio-7090-exec-4] c.yys.szcp.config.jwt.JwtInterceptor - 访问路径:/sys/admin/findAdminUserList
[INFO ] 17:49:25.839 [http-nio-7090-exec-10] c.yys.szcp.config.jwt.JwtInterceptor - 访问路径:/sys/recruitmentInformation/findRecruitmentInformationList
[INFO ] 17:49:25.839 [http-nio-7090-exec-10] c.yys.szcp.config.jwt.JwtInterceptor - ===== 用户未登录, 请先登录:/sys/recruitmentInformation/findRecruitmentInformationList
[INFO ] 17:49:25.842 [http-nio-7090-exec-6] c.yys.szcp.config.jwt.JwtInterceptor - 访问路径:/sys/recruitmentInformation/findRecruitmentInformationList
[INFO ] 17:50:05.152 [http-nio-7090-exec-8] c.yys.szcp.config.jwt.JwtInterceptor - 访问路径:/sys/admin/login
[INFO ] 17:50:05.152 [http-nio-7090-exec-8] c.y.szcp.controller.AdminController - 输出info级别的日志.....
[INFO ] 17:50:05.158 [http-nio-7090-exec-9] c.yys.szcp.config.jwt.JwtInterceptor - 访问路径:/sys/admin/findAdminUserInfo
[INFO ] 17:50:05.158 [http-nio-7090-exec-9] c.yys.szcp.config.jwt.JwtInterceptor - ===== 用户未登录, 请先登录:/sys/admin/findAdminUserInfo
[INFO ] 17:50:05.160 [http-nio-7090-exec-1] c.yys.szcp.config.jwt.JwtInterceptor - 访问路径:/sys/admin/findAdminUserInfo
[INFO ] 17:50:07.440 [http-nio-7090-exec-7] c.yys.szcp.config.jwt.JwtInterceptor - 访问路径:/sys/recruitmentInformation/findRecruitmentInformationList
[INFO ] 17:50:07.440 [http-nio-7090-exec-7] c.yys.szcp.config.jwt.JwtInterceptor - ===== 用户未登录, 请先登录:/sys/recruitmentInformation/findRecruitmentInformationList
[INFO ] 17:50:07.442 [http-nio-7090-exec-2] c.yys.szcp.config.jwt.JwtInterceptor - 访问路径:/sys/recruitmentInformation/findRecruitmentInformationList
[INFO ] 17:50:17.981 [http-nio-7090-exec-3] c.yys.szcp.config.jwt.JwtInterceptor - 访问路径:/sys/admin/login
[INFO ] 17:50:17.982 [http-nio-7090-exec-3] c.y.szcp.controller.AdminController - 输出info级别的日志.....
[INFO ] 17:50:17.986 [http-nio-7090-exec-5] c.yys.szcp.config.jwt.JwtInterceptor - 访问路径:/sys/admin/findAdminUserInfo
[INFO ] 17:50:17.986 [http-nio-7090-exec-5] c.yys.szcp.config.jwt.JwtInterceptor - ===== 用户未登录, 请先登录:/sys/admin/findAdminUserInfo
[INFO ] 17:50:17.987 [http-nio-7090-exec-4] c.yys.szcp.config.jwt.JwtInterceptor - 访问路径:/sys/admin/findAdminUserInfo
[INFO ] 17:50:19.960 [http-nio-7090-exec-10] c.yys.szcp.config.jwt.JwtInterceptor - 访问路径:/sys/admin/findAdminUserList
[INFO ] 17:50:19.960 [http-nio-7090-exec-10] c.yys.szcp.config.jwt.JwtInterceptor - ===== 用户未登录, 请先登录:/sys/admin/findAdminUserList
[INFO ] 17:50:19.963 [http-nio-7090-exec-10] c.yys.szcp.config.jwt.JwtInterceptor - 访问路径:/sys/admin/findAdminUserList
[INFO ] 17:50:51.530 [http-nio-7090-exec-8] c.yys.szcp.config.jwt.JwtInterceptor - 访问路径:/sys/admin/login
[INFO ] 17:50:51.530 [http-nio-7090-exec-8] c.y.szcp.controller.AdminController - 输出info级别的日志.....
[INFO ] 17:50:51.535 [http-nio-7090-exec-9] c.yys.szcp.config.jwt.JwtInterceptor - 访问路径:/sys/admin/findAdminUserInfo
[INFO ] 17:50:51.535 [http-nio-7090-exec-9] c.yys.szcp.config.jwt.JwtInterceptor - ===== 用户未登录, 请先登录:/sys/admin/findAdminUserInfo
[INFO ] 17:50:51.537 [http-nio-7090-exec-1] c.yys.szcp.config.jwt.JwtInterceptor - 访问路径:/sys/admin/findAdminUserInfo
[INFO ] 17:50:53.484 [http-nio-7090-exec-7] c.yys.szcp.config.jwt.JwtInterceptor - 访问路径:/sys/recruitmentInformation/findRecruitmentInformationList
[INFO ] 17:50:53.484 [http-nio-7090-exec-7] c.yys.szcp.config.jwt.JwtInterceptor - ===== 用户未登录, 请先登录:/sys/recruitmentInformation/findRecruitmentInformationList
[INFO ] 17:50:53.486 [http-nio-7090-exec-2] c.yys.szcp.config.jwt.JwtInterceptor - 访问路径:/sys/recruitmentInformation/findRecruitmentInformationList
[INFO ] 17:50:59.829 [http-nio-7090-exec-3] c.yys.szcp.config.jwt.JwtInterceptor - 访问路径:/sys/admin/findAdminUserList
[INFO ] 17:50:59.829 [http-nio-7090-exec-3] c.yys.szcp.config.jwt.JwtInterceptor - ===== 用户未登录, 请先登录:/sys/admin/findAdminUserList
[INFO ] 17:50:59.832 [http-nio-7090-exec-5] c.yys.szcp.config.jwt.JwtInterceptor - 访问路径:/sys/admin/findAdminUserList
[INFO ] 17:51:00.927 [http-nio-7090-exec-4] c.yys.szcp.config.jwt.JwtInterceptor - 访问路径:/sys/recruitmentInformation/findRecruitmentInformationList
[INFO ] 17:51:15.490 [http-nio-7090-exec-6] c.yys.szcp.config.jwt.JwtInterceptor - 访问路径:/sys/admin/login
[INFO ] 17:51:15.492 [http-nio-7090-exec-6] c.y.szcp.controller.AdminController - 输出info级别的日志.....
[INFO ] 17:51:15.498 [http-nio-7090-exec-10] c.yys.szcp.config.jwt.JwtInterceptor - 访问路径:/sys/admin/findAdminUserInfo
[INFO ] 17:51:15.498 [http-nio-7090-exec-10] c.yys.szcp.config.jwt.JwtInterceptor - ===== 用户未登录, 请先登录:/sys/admin/findAdminUserInfo
[INFO ] 17:51:15.500 [http-nio-7090-exec-8] c.yys.szcp.config.jwt.JwtInterceptor - 访问路径:/sys/admin/findAdminUserInfo
[INFO ] 17:51:16.621 [http-nio-7090-exec-9] c.yys.szcp.config.jwt.JwtInterceptor - 访问路径:/sys/recruitmentInformation/findRecruitmentInformationList
[INFO ] 17:51:16.621 [http-nio-7090-exec-9] c.yys.szcp.config.jwt.JwtInterceptor - ===== 用户未登录, 请先登录:/sys/recruitmentInformation/findRecruitmentInformationList
[INFO ] 17:51:16.623 [http-nio-7090-exec-1] c.yys.szcp.config.jwt.JwtInterceptor - 访问路径:/sys/recruitmentInformation/findRecruitmentInformationList
[INFO ] 17:58:32.081 [http-nio-7090-exec-3] c.yys.szcp.config.jwt.JwtInterceptor - 访问路径:/sys/admin/login
[INFO ] 17:58:32.082 [http-nio-7090-exec-3] c.y.szcp.controller.AdminController - 输出info级别的日志.....
[INFO ] 17:58:32.105 [http-nio-7090-exec-5] c.yys.szcp.config.jwt.JwtInterceptor - 访问路径:/sys/admin/findAdminUserInfo
[INFO ] 17:58:32.105 [http-nio-7090-exec-5] c.yys.szcp.config.jwt.JwtInterceptor - ===== 用户未登录, 请先登录:/sys/admin/findAdminUserInfo
[INFO ] 17:58:32.107 [http-nio-7090-exec-4] c.yys.szcp.config.jwt.JwtInterceptor - 访问路径:/sys/admin/findAdminUserInfo
[INFO ] 17:58:37.544 [http-nio-7090-exec-6] c.yys.szcp.config.jwt.JwtInterceptor - 访问路径:/sys/recruitmentInformation/findRecruitmentInformationList
[INFO ] 17:58:37.545 [http-nio-7090-exec-6] c.yys.szcp.config.jwt.JwtInterceptor - ===== 用户未登录, 请先登录:/sys/recruitmentInformation/findRecruitmentInformationList
[INFO ] 17:58:37.547 [http-nio-7090-exec-10] c.yys.szcp.config.jwt.JwtInterceptor - 访问路径:/sys/recruitmentInformation/findRecruitmentInformationList
[INFO ] 17:59:08.697 [http-nio-7090-exec-8] c.yys.szcp.config.jwt.JwtInterceptor - 访问路径:/sys/admin/findAdminUserList
[INFO ] 17:59:08.697 [http-nio-7090-exec-8] c.yys.szcp.config.jwt.JwtInterceptor - ===== 用户未登录, 请先登录:/sys/admin/findAdminUserList
[INFO ] 17:59:08.704 [http-nio-7090-exec-8] c.yys.szcp.config.jwt.JwtInterceptor - 访问路径:/sys/admin/findAdminUserList
[INFO ] 17:59:10.235 [http-nio-7090-exec-1] c.yys.szcp.config.jwt.JwtInterceptor - 访问路径:/sys/role/findRoleAllList
[INFO ] 17:59:10.235 [http-nio-7090-exec-1] c.yys.szcp.config.jwt.JwtInterceptor - ===== 用户未登录, 请先登录:/sys/role/findRoleAllList
[INFO ] 17:59:10.237 [http-nio-7090-exec-2] c.yys.szcp.config.jwt.JwtInterceptor - 访问路径:/sys/role/findRoleAllList
[INFO ] 17:59:13.313 [http-nio-7090-exec-7] c.yys.szcp.config.jwt.JwtInterceptor - 访问路径:/sys/role/findRoleAllList
[INFO ] 17:59:14.886 [http-nio-7090-exec-3] c.yys.szcp.config.jwt.JwtInterceptor - 访问路径:/sys/role/findRoleAllList
[INFO ] 17:59:22.387 [http-nio-7090-exec-5] c.yys.szcp.config.jwt.JwtInterceptor - 访问路径:/sys/menu/findMenuByMyRoleId
[INFO ] 17:59:22.387 [http-nio-7090-exec-5] c.yys.szcp.config.jwt.JwtInterceptor - ===== 用户未登录, 请先登录:/sys/menu/findMenuByMyRoleId
[INFO ] 17:59:22.388 [http-nio-7090-exec-4] c.yys.szcp.config.jwt.JwtInterceptor - 访问路径:/sys/menu/findMenuByMyRoleId
[INFO ] 17:59:44.415 [http-nio-7090-exec-6] c.yys.szcp.config.jwt.JwtInterceptor - 访问路径:/sys/role/findRoleList
[INFO ] 17:59:44.415 [http-nio-7090-exec-6] c.yys.szcp.config.jwt.JwtInterceptor - ===== 用户未登录, 请先登录:/sys/role/findRoleList
[INFO ] 17:59:44.418 [http-nio-7090-exec-10] c.yys.szcp.config.jwt.JwtInterceptor - 访问路径:/sys/role/findRoleList
[INFO ] 17:59:46.325 [http-nio-7090-exec-9] c.yys.szcp.config.jwt.JwtInterceptor - 访问路径:/sys/menu/findMenuByRoleId
[INFO ] 17:59:46.325 [http-nio-7090-exec-9] c.yys.szcp.config.jwt.JwtInterceptor - ===== 用户未登录, 请先登录:/sys/menu/findMenuByRoleId
[INFO ] 17:59:46.326 [http-nio-7090-exec-8] c.yys.szcp.config.jwt.JwtInterceptor - 访问路径:/sys/menu/findMenuByRoleId
[INFO ] 17:59:58.072 [http-nio-7090-exec-1] c.yys.szcp.config.jwt.JwtInterceptor - 访问路径:/sys/menu/findMenuByRoleId
[INFO ] 18:00:44.492 [http-nio-7090-exec-2] c.yys.szcp.config.jwt.JwtInterceptor - 访问路径:/sys/admin/login
[INFO ] 18:00:44.493 [http-nio-7090-exec-2] c.y.szcp.controller.AdminController - 输出info级别的日志.....
[INFO ] 18:00:44.532 [http-nio-7090-exec-7] c.yys.szcp.config.jwt.JwtInterceptor - 访问路径:/sys/admin/findAdminUserInfo
[INFO ] 18:00:44.532 [http-nio-7090-exec-7] c.yys.szcp.config.jwt.JwtInterceptor - ===== 用户未登录, 请先登录:/sys/admin/findAdminUserInfo
[INFO ] 18:00:44.533 [http-nio-7090-exec-3] c.yys.szcp.config.jwt.JwtInterceptor - 访问路径:/sys/admin/findAdminUserInfo
[INFO ] 18:00:46.770 [http-nio-7090-exec-4] c.yys.szcp.config.jwt.JwtInterceptor - 访问路径:/sys/recruitmentInformation/findRecruitmentInformationList
[INFO ] 18:00:46.770 [http-nio-7090-exec-4] c.yys.szcp.config.jwt.JwtInterceptor - ===== 用户未登录, 请先登录:/sys/recruitmentInformation/findRecruitmentInformationList
[INFO ] 18:00:46.772 [http-nio-7090-exec-6] c.yys.szcp.config.jwt.JwtInterceptor - 访问路径:/sys/recruitmentInformation/findRecruitmentInformationList
[INFO ] 18:01:31.038 [http-nio-7090-exec-10] c.yys.szcp.config.jwt.JwtInterceptor - 访问路径:/sys/admin/findAdminUserList
[INFO ] 18:01:31.038 [http-nio-7090-exec-10] c.yys.szcp.config.jwt.JwtInterceptor - ===== 用户未登录, 请先登录:/sys/admin/findAdminUserList
[INFO ] 18:01:31.046 [http-nio-7090-exec-9] c.yys.szcp.config.jwt.JwtInterceptor - 访问路径:/sys/admin/findAdminUserList
[INFO ] 18:01:32.519 [http-nio-7090-exec-8] c.yys.szcp.config.jwt.JwtInterceptor - 访问路径:/sys/role/findRoleAllList
[INFO ] 18:01:32.519 [http-nio-7090-exec-8] c.yys.szcp.config.jwt.JwtInterceptor - ===== 用户未登录, 请先登录:/sys/role/findRoleAllList
[INFO ] 18:01:32.520 [http-nio-7090-exec-1] c.yys.szcp.config.jwt.JwtInterceptor - 访问路径:/sys/role/findRoleAllList
[INFO ] 18:01:34.963 [http-nio-7090-exec-2] c.yys.szcp.config.jwt.JwtInterceptor - 访问路径:/sys/role/findRoleAllList
[INFO ] 18:02:03.309 [http-nio-7090-exec-7] c.yys.szcp.config.jwt.JwtInterceptor - 访问路径:/sys/admin/login
[INFO ] 18:02:03.310 [http-nio-7090-exec-7] c.y.szcp.controller.AdminController - 输出info级别的日志.....
[INFO ] 18:02:03.315 [http-nio-7090-exec-3] c.yys.szcp.config.jwt.JwtInterceptor - 访问路径:/sys/admin/findAdminUserInfo
[INFO ] 18:02:03.315 [http-nio-7090-exec-3] c.yys.szcp.config.jwt.JwtInterceptor - ===== 用户未登录, 请先登录:/sys/admin/findAdminUserInfo
[INFO ] 18:02:03.317 [http-nio-7090-exec-5] c.yys.szcp.config.jwt.JwtInterceptor - 访问路径:/sys/admin/findAdminUserInfo
[INFO ] 18:02:04.643 [http-nio-7090-exec-4] c.yys.szcp.config.jwt.JwtInterceptor - 访问路径:/sys/recruitmentInformation/findRecruitmentInformationList
[INFO ] 18:02:04.643 [http-nio-7090-exec-4] c.yys.szcp.config.jwt.JwtInterceptor - ===== 用户未登录, 请先登录:/sys/recruitmentInformation/findRecruitmentInformationList
[INFO ] 18:02:04.645 [http-nio-7090-exec-6] c.yys.szcp.config.jwt.JwtInterceptor - 访问路径:/sys/recruitmentInformation/findRecruitmentInformationList
[INFO ] 18:02:08.754 [http-nio-7090-exec-10] c.yys.szcp.config.jwt.JwtInterceptor - 访问路径:/sys/admin/findAdminUserList
[INFO ] 18:02:08.754 [http-nio-7090-exec-10] c.yys.szcp.config.jwt.JwtInterceptor - ===== 用户未登录, 请先登录:/sys/admin/findAdminUserList
[INFO ] 18:02:08.758 [http-nio-7090-exec-9] c.yys.szcp.config.jwt.JwtInterceptor - 访问路径:/sys/admin/findAdminUserList
[INFO ] 18:02:12.056 [http-nio-7090-exec-8] c.yys.szcp.config.jwt.JwtInterceptor - 访问路径:/sys/recruitmentInformation/findRecruitmentInformationList
[INFO ] 18:19:17.892 [SpringContextShutdownHook] o.s.s.c.ThreadPoolTaskScheduler - Shutting down ExecutorService 'taskScheduler'
[INFO ] 18:19:17.893 [SpringContextShutdownHook] o.s.s.c.ThreadPoolTaskExecutor - Shutting down ExecutorService 'applicationTaskExecutor'
[INFO ] 18:19:17.908 [SpringContextShutdownHook] c.alibaba.druid.pool.DruidDataSource - {dataSource-1} closed
